Serial debugging enabled.
GDT init
IDT init
Terminal init
MM: Init
MM: Kernel start: 0x100000 end: 0x10c2b0
MM: Usable region base: 0x0 size: 636KB
MM: Ignoring low 1MB RAM
MM: Usable region base: 0x100000 size: 31680KB
MM: Kernel is in this region.
MM: clearmem
MM: Using 31631KB at 0x10c2b0
MM: Region 0 remaining: 31631KB
MM: Region 0 remaining: 25KB
MM: Region 0 remaining: 31630KB
MM: Allocation test completed.
MM: Region 0 remaining: 31630KB

Interrupt 8 at 8!
Error code: 0x100bb0
PANIC: Double fault.
