This file contains any messages produced by compilers while
running configure, to aid debugging if configure makes a mistake.

It was created by configure, which was
generated by GNU Autoconf 2.64.  Invocation command line was

  $ /home/stuartb/Projects/os/src/binutils-2.23/binutils/configure --cache-file=./config.cache --with-gnu-as --with-gnu-ld --with-system-zlib --prefix=/home/stuartb/Projects/os/cross --disable-nls --disable-werror --program-transform-name=s&^&i686-elf-& --disable-option-checking --build=x86_64-unknown-linux-gnu --host=x86_64-unknown-linux-gnu --target=i686-elf --srcdir=../../binutils-2.23/binutils

## --------- ##
## Platform. ##
## --------- ##

hostname = stuartb-MacBookPro2
uname -m = x86_64
uname -r = 3.11.0-12-generic
uname -s = Linux
uname -v = #19-Ubuntu SMP Wed Oct 9 16:20:46 UTC 2013

/usr/bin/uname -p = unknown
/bin/uname -X     = unknown

/bin/arch              = unknown
/usr/bin/arch -k       = unknown
/usr/convex/getsysinfo = unknown
/usr/bin/hostinfo      = unknown
/bin/machine           = unknown
/usr/bin/oslevel       = unknown
/bin/universe          = unknown

PATH: /home/stuartb/Projects/os/cross/bin
PATH: /home/stuartb/bin
PATH: /usr/local/sbin
PATH: /usr/local/bin
PATH: /usr/sbin
PATH: /usr/bin
PATH: /sbin
PATH: /bin
PATH: /usr/games
PATH: /usr/local/games


## ----------- ##
## Core tests. ##
## ----------- ##

configure:2207: creating cache ./config.cache
configure:2312: checking build system type
configure:2326: result: x86_64-unknown-linux-gnu
configure:2346: checking host system type
configure:2359: result: x86_64-unknown-linux-gnu
configure:2379: checking target system type
configure:2392: result: i686-pc-elf
configure:2426: checking for x86_64-unknown-linux-gnu-gcc
configure:2453: result: gcc
configure:2722: checking for C compiler version
configure:2731: gcc --version >&5
gcc (Ubuntu/Linaro 4.8.1-10ubuntu9) 4.8.1
Copyright (C) 2013 Free Software Foundation, Inc.
This is free software; see the source for copying conditions.  There is NO
warranty; not even for MERCHANTABILITY or FITNESS FOR A PARTICULAR PURPOSE.

configure:2742: $? = 0
configure:2731: gcc -v >&5
Using built-in specs.
COLLECT_GCC=gcc
COLLECT_LTO_WRAPPER=/usr/lib/gcc/x86_64-linux-gnu/4.8/lto-wrapper
Target: x86_64-linux-gnu
Configured with: ../src/configure -v --with-pkgversion='Ubuntu/Linaro 4.8.1-10ubuntu9' --with-bugurl=file:///usr/share/doc/gcc-4.8/README.Bugs --enable-languages=c,c++,java,go,d,fortran,objc,obj-c++ --prefix=/usr --program-suffix=-4.8 --enable-shared --enable-linker-build-id --libexecdir=/usr/lib --without-included-gettext --enable-threads=posix --with-gxx-include-dir=/usr/include/c++/4.8 --libdir=/usr/lib --enable-nls --with-sysroot=/ --enable-clocale=gnu --enable-libstdcxx-debug --enable-libstdcxx-time=yes --enable-gnu-unique-object --enable-plugin --with-system-zlib --disable-browser-plugin --enable-java-awt=gtk --enable-gtk-cairo --with-java-home=/usr/lib/jvm/java-1.5.0-gcj-4.8-amd64/jre --enable-java-home --with-jvm-root-dir=/usr/lib/jvm/java-1.5.0-gcj-4.8-amd64 --with-jvm-jar-dir=/usr/lib/jvm-exports/java-1.5.0-gcj-4.8-amd64 --with-arch-directory=amd64 --with-ecj-jar=/usr/share/java/eclipse-ecj.jar --enable-objc-gc --enable-multiarch --disable-werror --with-arch-32=i686 --with-abi=m64 --with-multilib-list=m32,m64,mx32 --with-tune=generic --enable-checking=release --build=x86_64-linux-gnu --host=x86_64-linux-gnu --target=x86_64-linux-gnu
Thread model: posix
gcc version 4.8.1 (Ubuntu/Linaro 4.8.1-10ubuntu9) 
configure:2742: $? = 0
configure:2731: gcc -V >&5
gcc: error: unrecognized command line option '-V'
gcc: fatal error: no input files
compilation terminated.
configure:2742: $? = 4
configure:2731: gcc -qversion >&5
gcc: error: unrecognized command line option '-qversion'
gcc: fatal error: no input files
compilation terminated.
configure:2742: $? = 4
configure:2762: checking for C compiler default output file name
configure:2784: gcc -g -O2    conftest.c  >&5
configure:2788: $? = 0
configure:2825: result: a.out
configure:2841: checking whether the C compiler works
configure:2850: ./a.out
configure:2854: $? = 0
configure:2869: result: yes
configure:2876: checking whether we are cross compiling
configure:2878: result: no
configure:2881: checking for suffix of executables
configure:2888: gcc -o conftest -g -O2    conftest.c  >&5
configure:2892: $? = 0
configure:2914: result: 
configure:2920: checking for suffix of object files
configure:2942: gcc -c -g -O2  conftest.c >&5
configure:2946: $? = 0
configure:2967: result: o
configure:2971: checking whether we are using the GNU C compiler
configure:2990: gcc -c -g -O2  conftest.c >&5
configure:2990: $? = 0
configure:2999: result: yes
configure:3008: checking whether gcc accepts -g
configure:3028: gcc -c -g  conftest.c >&5
configure:3028: $? = 0
configure:3069: result: yes
configure:3086: checking for gcc option to accept ISO C89
configure:3150: gcc  -c -g -O2  conftest.c >&5
configure:3150: $? = 0
configure:3163: result: none needed
configure:3184: checking for library containing strerror
configure:3215: gcc -o conftest -g -O2    conftest.c  >&5
configure:3215: $? = 0
configure:3232: result: none required
configure:3258: checking for a BSD-compatible install
configure:3326: result: /usr/bin/install -c
configure:3337: checking whether build environment is sane
configure:3387: result: yes
configure:3528: checking for a thread-safe mkdir -p
configure:3567: result: /bin/mkdir -p
configure:3580: checking for gawk
configure:3607: result: gawk
configure:3618: checking whether make sets $(MAKE)
configure:3640: result: yes
configure:3670: checking for style of include used by make
configure:3698: result: GNU
configure:3783: checking dependency style of gcc
configure:3893: result: gcc3
configure:3918: checking for x86_64-unknown-linux-gnu-gcc
configure:3945: result: gcc
configure:4214: checking for C compiler version
configure:4223: gcc --version >&5
gcc (Ubuntu/Linaro 4.8.1-10ubuntu9) 4.8.1
Copyright (C) 2013 Free Software Foundation, Inc.
This is free software; see the source for copying conditions.  There is NO
warranty; not even for MERCHANTABILITY or FITNESS FOR A PARTICULAR PURPOSE.

configure:4234: $? = 0
configure:4223: gcc -v >&5
Using built-in specs.
COLLECT_GCC=gcc
COLLECT_LTO_WRAPPER=/usr/lib/gcc/x86_64-linux-gnu/4.8/lto-wrapper
Target: x86_64-linux-gnu
Configured with: ../src/configure -v --with-pkgversion='Ubuntu/Linaro 4.8.1-10ubuntu9' --with-bugurl=file:///usr/share/doc/gcc-4.8/README.Bugs --enable-languages=c,c++,java,go,d,fortran,objc,obj-c++ --prefix=/usr --program-suffix=-4.8 --enable-shared --enable-linker-build-id --libexecdir=/usr/lib --without-included-gettext --enable-threads=posix --with-gxx-include-dir=/usr/include/c++/4.8 --libdir=/usr/lib --enable-nls --with-sysroot=/ --enable-clocale=gnu --enable-libstdcxx-debug --enable-libstdcxx-time=yes --enable-gnu-unique-object --enable-plugin --with-system-zlib --disable-browser-plugin --enable-java-awt=gtk --enable-gtk-cairo --with-java-home=/usr/lib/jvm/java-1.5.0-gcj-4.8-amd64/jre --enable-java-home --with-jvm-root-dir=/usr/lib/jvm/java-1.5.0-gcj-4.8-amd64 --with-jvm-jar-dir=/usr/lib/jvm-exports/java-1.5.0-gcj-4.8-amd64 --with-arch-directory=amd64 --with-ecj-jar=/usr/share/java/eclipse-ecj.jar --enable-objc-gc --enable-multiarch --disable-werror --with-arch-32=i686 --with-abi=m64 --with-multilib-list=m32,m64,mx32 --with-tune=generic --enable-checking=release --build=x86_64-linux-gnu --host=x86_64-linux-gnu --target=x86_64-linux-gnu
Thread model: posix
gcc version 4.8.1 (Ubuntu/Linaro 4.8.1-10ubuntu9) 
configure:4234: $? = 0
configure:4223: gcc -V >&5
gcc: error: unrecognized command line option '-V'
gcc: fatal error: no input files
compilation terminated.
configure:4234: $? = 4
configure:4223: gcc -qversion >&5
gcc: error: unrecognized command line option '-qversion'
gcc: fatal error: no input files
compilation terminated.
configure:4234: $? = 4
configure:4238: checking whether we are using the GNU C compiler
configure:4266: result: yes
configure:4275: checking whether gcc accepts -g
configure:4336: result: yes
configure:4353: checking for gcc option to accept ISO C89
configure:4430: result: none needed
configure:4455: checking how to run the C preprocessor
configure:4486: gcc -E  conftest.c
configure:4486: $? = 0
configure:4500: gcc -E  conftest.c
conftest.c:11:28: fatal error: ac_nonexistent.h: No such file or directory
 #include <ac_nonexistent.h>
                            ^
compilation terminated.
configure:4500: $? = 1
configure: failed program was:
| /* confdefs.h */
| #define PACKAGE_NAME ""
| #define PACKAGE_TARNAME ""
| #define PACKAGE_VERSION ""
| #define PACKAGE_STRING ""
| #define PACKAGE_BUGREPORT ""
| #define PACKAGE_URL ""
| #define PACKAGE "binutils"
| #define VERSION "2.23"
| /* end confdefs.h.  */
| #include <ac_nonexistent.h>
configure:4525: result: gcc -E
configure:4545: gcc -E  conftest.c
configure:4545: $? = 0
configure:4559: gcc -E  conftest.c
conftest.c:11:28: fatal error: ac_nonexistent.h: No such file or directory
 #include <ac_nonexistent.h>
                            ^
compilation terminated.
configure:4559: $? = 1
configure: failed program was:
| /* confdefs.h */
| #define PACKAGE_NAME ""
| #define PACKAGE_TARNAME ""
| #define PACKAGE_VERSION ""
| #define PACKAGE_STRING ""
| #define PACKAGE_BUGREPORT ""
| #define PACKAGE_URL ""
| #define PACKAGE "binutils"
| #define VERSION "2.23"
| /* end confdefs.h.  */
| #include <ac_nonexistent.h>
configure:4588: checking for grep that handles long lines and -e
configure:4646: result: /bin/grep
configure:4651: checking for egrep
configure:4713: result: /bin/grep -E
configure:4718: checking for ANSI C header files
configure:4738: gcc -c -g -O2  conftest.c >&5
configure:4738: $? = 0
configure:4811: gcc -o conftest -g -O2    conftest.c  >&5
configure:4811: $? = 0
configure:4811: ./conftest
configure:4811: $? = 0
configure:4822: result: yes
configure:4835: checking for sys/types.h
configure:4835: gcc -c -g -O2  conftest.c >&5
configure:4835: $? = 0
configure:4835: result: yes
configure:4835: checking for sys/stat.h
configure:4835: gcc -c -g -O2  conftest.c >&5
configure:4835: $? = 0
configure:4835: result: yes
configure:4835: checking for stdlib.h
configure:4835: gcc -c -g -O2  conftest.c >&5
configure:4835: $? = 0
configure:4835: result: yes
configure:4835: checking for string.h
configure:4835: gcc -c -g -O2  conftest.c >&5
configure:4835: $? = 0
configure:4835: result: yes
configure:4835: checking for memory.h
configure:4835: gcc -c -g -O2  conftest.c >&5
configure:4835: $? = 0
configure:4835: result: yes
configure:4835: checking for strings.h
configure:4835: gcc -c -g -O2  conftest.c >&5
configure:4835: $? = 0
configure:4835: result: yes
configure:4835: checking for inttypes.h
configure:4835: gcc -c -g -O2  conftest.c >&5
configure:4835: $? = 0
configure:4835: result: yes
configure:4835: checking for stdint.h
configure:4835: gcc -c -g -O2  conftest.c >&5
configure:4835: $? = 0
configure:4835: result: yes
configure:4835: checking for unistd.h
configure:4835: gcc -c -g -O2  conftest.c >&5
configure:4835: $? = 0
configure:4835: result: yes
configure:4849: checking minix/config.h usability
configure:4849: gcc -c -g -O2  conftest.c >&5
conftest.c:54:26: fatal error: minix/config.h: No such file or directory
 #include <minix/config.h>
                          ^
compilation terminated.
configure:4849: $? = 1
configure: failed program was:
| /* confdefs.h */
| #define PACKAGE_NAME ""
| #define PACKAGE_TARNAME ""
| #define PACKAGE_VERSION ""
| #define PACKAGE_STRING ""
| #define PACKAGE_BUGREPORT ""
| #define PACKAGE_URL ""
| #define PACKAGE "binutils"
| #define VERSION "2.23"
| #define STDC_HEADERS 1
| #define HAVE_SYS_TYPES_H 1
| #define HAVE_SYS_STAT_H 1
| #define HAVE_STDLIB_H 1
| #define HAVE_STRING_H 1
| #define HAVE_MEMORY_H 1
| #define HAVE_STRINGS_H 1
| #define HAVE_INTTYPES_H 1
| #define HAVE_STDINT_H 1
| #define HAVE_UNISTD_H 1
| /* end confdefs.h.  */
| #include <stdio.h>
| #ifdef HAVE_SYS_TYPES_H
| # include <sys/types.h>
| #endif
| #ifdef HAVE_SYS_STAT_H
| # include <sys/stat.h>
| #endif
| #ifdef STDC_HEADERS
| # include <stdlib.h>
| # include <stddef.h>
| #else
| # ifdef HAVE_STDLIB_H
| #  include <stdlib.h>
| # endif
| #endif
| #ifdef HAVE_STRING_H
| # if !defined STDC_HEADERS && defined HAVE_MEMORY_H
| #  include <memory.h>
| # endif
| # include <string.h>
| #endif
| #ifdef HAVE_STRINGS_H
| # include <strings.h>
| #endif
| #ifdef HAVE_INTTYPES_H
| # include <inttypes.h>
| #endif
| #ifdef HAVE_STDINT_H
| # include <stdint.h>
| #endif
| #ifdef HAVE_UNISTD_H
| # include <unistd.h>
| #endif
| #include <minix/config.h>
configure:4849: result: no
configure:4849: checking minix/config.h presence
configure:4849: gcc -E  conftest.c
conftest.c:21:26: fatal error: minix/config.h: No such file or directory
 #include <minix/config.h>
                          ^
compilation terminated.
configure:4849: $? = 1
configure: failed program was:
| /* confdefs.h */
| #define PACKAGE_NAME ""
| #define PACKAGE_TARNAME ""
| #define PACKAGE_VERSION ""
| #define PACKAGE_STRING ""
| #define PACKAGE_BUGREPORT ""
| #define PACKAGE_URL ""
| #define PACKAGE "binutils"
| #define VERSION "2.23"
| #define STDC_HEADERS 1
| #define HAVE_SYS_TYPES_H 1
| #define HAVE_SYS_STAT_H 1
| #define HAVE_STDLIB_H 1
| #define HAVE_STRING_H 1
| #define HAVE_MEMORY_H 1
| #define HAVE_STRINGS_H 1
| #define HAVE_INTTYPES_H 1
| #define HAVE_STDINT_H 1
| #define HAVE_UNISTD_H 1
| /* end confdefs.h.  */
| #include <minix/config.h>
configure:4849: result: no
configure:4849: checking for minix/config.h
configure:4849: result: no
configure:4870: checking whether it is safe to define __EXTENSIONS__
configure:4888: gcc -c -g -O2  conftest.c >&5
configure:4888: $? = 0
configure:4895: result: yes
configure:4955: checking for special C compiler options needed for large files
configure:5000: result: no
configure:5006: checking for _FILE_OFFSET_BITS value needed for large files
configure:5031: gcc -c -g -O2  conftest.c >&5
configure:5031: $? = 0
configure:5063: result: no
configure:5193: checking how to print strings
configure:5220: result: printf
configure:5241: checking for a sed that does not truncate output
configure:5305: result: /bin/sed
configure:5323: checking for fgrep
configure:5385: result: /bin/grep -F
configure:5420: checking for ld used by gcc
configure:5487: result: ld
configure:5494: checking if the linker (ld) is GNU ld
configure:5509: result: yes
configure:5521: checking for BSD- or MS-compatible name lister (nm)
configure:5570: result: nm
configure:5700: checking the name lister (nm) interface
configure:5707: gcc -c -g -O2  conftest.c >&5
configure:5710: nm "conftest.o"
configure:5713: output
0000000000000000 B some_variable
configure:5720: result: BSD nm
configure:5723: checking whether ln -s works
configure:5727: result: yes
configure:5735: checking the maximum length of command line arguments
configure:5860: result: 3458764513820540925
configure:5877: checking whether the shell understands some XSI constructs
configure:5887: result: yes
configure:5891: checking whether the shell understands "+="
configure:5897: result: yes
configure:5932: checking for ld option to reload object files
configure:5939: result: -r
configure:5968: checking for x86_64-unknown-linux-gnu-objdump
configure:5995: result: objdump
configure:6067: checking how to recognize dependent libraries
configure:6268: result: pass_all
configure:6288: checking for x86_64-unknown-linux-gnu-ar
configure:6315: result: ar
configure:6393: checking for x86_64-unknown-linux-gnu-strip
configure:6423: result: no
configure:6433: checking for strip
configure:6449: found /usr/bin/strip
configure:6460: result: strip
configure:6492: checking for x86_64-unknown-linux-gnu-ranlib
configure:6519: result: ranlib
configure:6661: checking command to parse nm output from gcc object
configure:6779: gcc -c -g -O2  conftest.c >&5
configure:6782: $? = 0
configure:6786: nm conftest.o \| sed -n -e 's/^.*[ ]\([ABCDGIRSTW][ABCDGIRSTW]*\)[ ][ ]*\([_A-Za-z][_A-Za-z0-9]*\)$/\1 \2 \2/p' \> conftest.nm
configure:6789: $? = 0
configure:6843: gcc -o conftest -g -O2    conftest.c conftstm.o >&5
configure:6846: $? = 0
configure:6884: result: ok
configure:6979: gcc -c -g -O2  conftest.c >&5
configure:6982: $? = 0
configure:7719: checking for dlfcn.h
configure:7719: gcc -c -g -O2  conftest.c >&5
configure:7719: $? = 0
configure:7719: result: yes
configure:7906: checking for objdir
configure:7921: result: .libs
configure:8192: checking if gcc supports -fno-rtti -fno-exceptions
configure:8210: gcc -c -g -O2  -fno-rtti -fno-exceptions conftest.c >&5
cc1: warning: command line option '-fno-rtti' is valid for C++/ObjC++ but not for C [enabled by default]
configure:8214: $? = 0
configure:8227: result: no
configure:8247: checking for gcc option to produce PIC
configure:8532: result: -fPIC -DPIC
configure:8544: checking if gcc PIC flag -fPIC -DPIC works
configure:8562: gcc -c -g -O2  -fPIC -DPIC -DPIC conftest.c >&5
configure:8566: $? = 0
configure:8579: result: yes
configure:8603: checking if gcc static flag -static works
configure:8631: result: yes
configure:8646: checking if gcc supports -c -o file.o
configure:8667: gcc -c -g -O2  -o out/conftest2.o conftest.c >&5
configure:8671: $? = 0
configure:8693: result: yes
configure:8701: checking if gcc supports -c -o file.o
configure:8748: result: yes
configure:8781: checking whether the gcc linker (ld -m elf_x86_64) supports shared libraries
configure:9852: result: yes
configure:9889: checking whether -lc should be explicitly linked in
configure:9897: gcc -c -g -O2  conftest.c >&5
configure:9900: $? = 0
configure:9915: gcc -shared conftest.o  -v -Wl,-soname -Wl,conftest -o conftest 2\>\&1 \| /bin/grep  -lc  \>/dev/null 2\>\&1
configure:9918: $? = 0
configure:9932: result: no
configure:10097: checking dynamic linker characteristics
configure:10548: gcc -o conftest -g -O2    -Wl,-rpath -Wl,/foo conftest.c  >&5
configure:10548: $? = 0
configure:10770: result: GNU/Linux ld.so
configure:10877: checking how to hardcode library paths into programs
configure:10902: result: immediate
configure:11442: checking whether stripping libraries is possible
configure:11447: result: yes
configure:11482: checking if libtool supports shared libraries
configure:11484: result: yes
configure:11487: checking whether to build shared libraries
configure:11508: result: yes
configure:11511: checking whether to build static libraries
configure:11515: result: yes
configure:11670: checking for bison
configure:11697: result: /home/stuartb/Projects/os/src/binutils-2.23/missing bison -y
configure:11713: checking for flex
configure:11740: result: /home/stuartb/Projects/os/src/binutils-2.23/missing flex
configure:11777: /home/stuartb/Projects/os/src/binutils-2.23/missing flex conftest.l
WARNING: `flex' is missing on your system.  You should only need it if
         you modified a `.l' file.  You may need the `Flex' package
         in order for those modifications to take effect.  You can get
         `Flex' from any GNU archive site.
configure:11781: $? = 0
configure:11783: checking lex output file root
configure:11797: result: lex.yy
configure:11802: checking lex library
configure:11816: gcc -o conftest -g -O2    conftest.c   >&5
configure:11816: $? = 0
configure:11826: result: 
configure:11832: checking whether yytext is a pointer
configure:11848: gcc -o conftest -g -O2    conftest.c   >&5
configure:11848: $? = 0
configure:11856: result: yes
configure:11884: checking whether NLS is requested
configure:11887: result: no
configure:11955: checking whether NLS is requested
configure:11964: result: no
configure:12002: checking for msgfmt
configure:12033: result: /usr/bin/msgfmt
configure:12042: checking for gmsgfmt
configure:12073: result: /usr/bin/msgfmt
configure:12113: checking for xgettext
configure:12144: result: /usr/bin/xgettext
configure:12184: checking for msgmerge
configure:12214: result: /usr/bin/msgmerge
configure:12251: checking whether to enable maintainer-specific portions of Makefiles
configure:12260: result: no
configure:12305: checking for x86_64-unknown-linux-gnu-ranlib
configure:12332: result: ranlib
configure:12444: checking for string.h
configure:12444: result: yes
configure:12444: checking for strings.h
configure:12444: result: yes
configure:12444: checking for stdlib.h
configure:12444: result: yes
configure:12444: checking for unistd.h
configure:12444: result: yes
configure:12444: checking fcntl.h usability
configure:12444: gcc -c -g -O2  conftest.c >&5
configure:12444: $? = 0
configure:12444: result: yes
configure:12444: checking fcntl.h presence
configure:12444: gcc -E  conftest.c
configure:12444: $? = 0
configure:12444: result: yes
configure:12444: checking for fcntl.h
configure:12444: result: yes
configure:12444: checking sys/file.h usability
configure:12444: gcc -c -g -O2  conftest.c >&5
configure:12444: $? = 0
configure:12444: result: yes
configure:12444: checking sys/file.h presence
configure:12444: gcc -E  conftest.c
configure:12444: $? = 0
configure:12444: result: yes
configure:12444: checking for sys/file.h
configure:12444: result: yes
configure:12444: checking limits.h usability
configure:12444: gcc -c -g -O2  conftest.c >&5
configure:12444: $? = 0
configure:12444: result: yes
configure:12444: checking limits.h presence
configure:12444: gcc -E  conftest.c
configure:12444: $? = 0
configure:12444: result: yes
configure:12444: checking for limits.h
configure:12444: result: yes
configure:12444: checking locale.h usability
configure:12444: gcc -c -g -O2  conftest.c >&5
configure:12444: $? = 0
configure:12444: result: yes
configure:12444: checking locale.h presence
configure:12444: gcc -E  conftest.c
configure:12444: $? = 0
configure:12444: result: yes
configure:12444: checking for locale.h
configure:12444: result: yes
configure:12444: checking sys/param.h usability
configure:12444: gcc -c -g -O2  conftest.c >&5
configure:12444: $? = 0
configure:12444: result: yes
configure:12444: checking sys/param.h presence
configure:12444: gcc -E  conftest.c
configure:12444: $? = 0
configure:12444: result: yes
configure:12444: checking for sys/param.h
configure:12444: result: yes
configure:12455: checking for sys/wait.h that is POSIX.1 compatible
configure:12481: gcc -c -g -O2  conftest.c >&5
configure:12481: $? = 0
configure:12488: result: yes
configure:12496: checking whether string.h and strings.h may both be included
configure:12513: gcc -c -g -O2  conftest.c >&5
configure:12513: $? = 0
configure:12520: result: yes
configure:12530: checking for working alloca.h
configure:12547: gcc -o conftest -g -O2    conftest.c  >&5
configure:12547: $? = 0
configure:12555: result: yes
configure:12563: checking for alloca
configure:12600: gcc -o conftest -g -O2    conftest.c  >&5
configure:12600: $? = 0
configure:12608: result: yes
configure:12721: checking for sbrk
configure:12721: gcc -o conftest -g -O2    conftest.c  >&5
configure:12721: $? = 0
configure:12721: result: yes
configure:12721: checking for utimes
configure:12721: gcc -o conftest -g -O2    conftest.c  >&5
configure:12721: $? = 0
configure:12721: result: yes
configure:12721: checking for setmode
configure:12721: gcc -o conftest -g -O2    conftest.c  >&5
/tmp/ccVd2Gz1.o: In function `main':
/home/stuartb/Projects/os/src/build-binutils/binutils/conftest.c:80: undefined reference to `setmode'
collect2: error: ld returned 1 exit status
configure:12721: $? = 1
configure: failed program was:
| /* confdefs.h */
| #define PACKAGE_NAME ""
| #define PACKAGE_TARNAME ""
| #define PACKAGE_VERSION ""
| #define PACKAGE_STRING ""
| #define PACKAGE_BUGREPORT ""
| #define PACKAGE_URL ""
| #define PACKAGE "binutils"
| #define VERSION "2.23"
| #define STDC_HEADERS 1
| #define HAVE_SYS_TYPES_H 1
| #define HAVE_SYS_STAT_H 1
| #define HAVE_STDLIB_H 1
| #define HAVE_STRING_H 1
| #define HAVE_MEMORY_H 1
| #define HAVE_STRINGS_H 1
| #define HAVE_INTTYPES_H 1
| #define HAVE_STDINT_H 1
| #define HAVE_UNISTD_H 1
| #define __EXTENSIONS__ 1
| #define _ALL_SOURCE 1
| #define _GNU_SOURCE 1
| #define _POSIX_PTHREAD_SEMANTICS 1
| #define _TANDEM_SOURCE 1
| #define HAVE_DLFCN_H 1
| #define LT_OBJDIR ".libs/"
| #define DEFAULT_AR_DETERMINISTIC 0
| #define YYTEXT_POINTER 1
| #define EXECUTABLE_SUFFIX ""
| #define HAVE_STRING_H 1
| #define HAVE_STRINGS_H 1
| #define HAVE_STDLIB_H 1
| #define HAVE_UNISTD_H 1
| #define HAVE_FCNTL_H 1
| #define HAVE_SYS_FILE_H 1
| #define HAVE_LIMITS_H 1
| #define HAVE_LOCALE_H 1
| #define HAVE_SYS_PARAM_H 1
| #define HAVE_SYS_WAIT_H 1
| #define STRING_WITH_STRINGS 1
| #define HAVE_ALLOCA_H 1
| #define HAVE_ALLOCA 1
| #define HAVE_SBRK 1
| #define HAVE_UTIMES 1
| /* end confdefs.h.  */
| /* Define setmode to an innocuous variant, in case <limits.h> declares setmode.
|    For example, HP-UX 11i <limits.h> declares gettimeofday.  */
| #define setmode innocuous_setmode
| 
| /* System header to define __stub macros and hopefully few prototypes,
|     which can conflict with char setmode (); below.
|     Prefer <limits.h> to <assert.h> if __STDC__ is defined, since
|     <limits.h> exists even on freestanding compilers.  */
| 
| #ifdef __STDC__
| # include <limits.h>
| #else
| # include <assert.h>
| #endif
| 
| #undef setmode
| 
| /* Override any GCC internal prototype to avoid an error.
|    Use char because int might match the return type of a GCC
|    builtin and then its argument prototype would still apply.  */
| #ifdef __cplusplus
| extern "C"
| #endif
| char setmode ();
| /* The GNU C library defines this for functions which it implements
|     to always fail with ENOSYS.  Some functions are actually named
|     something starting with __ and the normal name is an alias.  */
| #if defined __stub_setmode || defined __stub___setmode
| choke me
| #endif
| 
| int
| main ()
| {
| return setmode ();
|   ;
|   return 0;
| }
configure:12721: result: no
configure:12721: checking for getc_unlocked
configure:12721: gcc -o conftest -g -O2    conftest.c  >&5
configure:12721: $? = 0
configure:12721: result: yes
configure:12721: checking for strcoll
configure:12721: gcc -o conftest -g -O2    conftest.c  >&5
configure:12721: $? = 0
configure:12721: result: yes
configure:12721: checking for setlocale
configure:12721: gcc -o conftest -g -O2    conftest.c  >&5
configure:12721: $? = 0
configure:12721: result: yes
configure:12731: checking for mkstemp
configure:12731: gcc -o conftest -g -O2    conftest.c  >&5
configure:12731: $? = 0
configure:12731: result: yes
configure:12738: checking for mkdtemp
configure:12738: gcc -o conftest -g -O2    conftest.c  >&5
configure:12738: $? = 0
configure:12738: result: yes
configure:12747: checking for library containing frexp
configure:12778: gcc -o conftest -g -O2    conftest.c  >&5
conftest.c:58:6: warning: conflicting types for built-in function 'frexp' [enabled by default]
 char frexp ();
      ^
configure:12778: $? = 0
configure:12795: result: none required
configure:12805: checking for LC_MESSAGES
configure:12821: gcc -o conftest -g -O2    conftest.c  >&5
configure:12821: $? = 0
configure:12829: result: yes
configure:12838: checking for time_t in time.h
configure:12854: gcc -c -g -O2  conftest.c >&5
configure:12854: $? = 0
configure:12862: result: yes
configure:12870: checking for time_t in sys/types.h
configure:12886: gcc -c -g -O2  conftest.c >&5
configure:12886: $? = 0
configure:12894: result: yes
configure:12902: checking for a known getopt prototype in unistd.h
configure:12918: gcc -c -g -O2  conftest.c >&5
configure:12918: $? = 0
configure:12926: result: yes
configure:12936: checking for utime.h
configure:12956: gcc -c -g -O2  conftest.c >&5
configure:12956: $? = 0
configure:12964: result: yes
configure:12972: checking whether fprintf is declared
configure:12972: gcc -c -g -O2  conftest.c >&5
configure:12972: $? = 0
configure:12972: result: yes
configure:12982: checking whether stpcpy is declared
configure:12982: gcc -c -g -O2  conftest.c >&5
configure:12982: $? = 0
configure:12982: result: yes
configure:12992: checking whether strstr is declared
configure:12992: gcc -c -g -O2  conftest.c >&5
configure:12992: $? = 0
configure:12992: result: yes
configure:13002: checking whether sbrk is declared
configure:13002: gcc -c -g -O2  conftest.c >&5
configure:13002: $? = 0
configure:13002: result: yes
configure:13012: checking whether getenv is declared
configure:13012: gcc -c -g -O2  conftest.c >&5
configure:13012: $? = 0
configure:13012: result: yes
configure:13022: checking whether environ is declared
configure:13022: gcc -c -g -O2  conftest.c >&5
configure:13022: $? = 0
configure:13022: result: yes
configure:13032: checking whether getc_unlocked is declared
configure:13032: gcc -c -g -O2  conftest.c >&5
configure:13032: $? = 0
configure:13032: result: yes
configure:13042: checking whether snprintf is declared
configure:13042: gcc -c -g -O2  conftest.c >&5
configure:13042: $? = 0
configure:13042: result: yes
configure:13052: checking whether vsnprintf is declared
configure:13052: gcc -c -g -O2  conftest.c >&5
configure:13052: $? = 0
configure:13052: result: yes
configure:13079: checking for library containing zlibVersion
configure:13110: gcc -o conftest -g -O2    conftest.c  >&5
/tmp/ccXefwcx.o: In function `main':
/home/stuartb/Projects/os/src/build-binutils/binutils/conftest.c:76: undefined reference to `zlibVersion'
collect2: error: ld returned 1 exit status
configure:13110: $? = 1
configure: failed program was:
| /* confdefs.h */
| #define PACKAGE_NAME ""
| #define PACKAGE_TARNAME ""
| #define PACKAGE_VERSION ""
| #define PACKAGE_STRING ""
| #define PACKAGE_BUGREPORT ""
| #define PACKAGE_URL ""
| #define PACKAGE "binutils"
| #define VERSION "2.23"
| #define STDC_HEADERS 1
| #define HAVE_SYS_TYPES_H 1
| #define HAVE_SYS_STAT_H 1
| #define HAVE_STDLIB_H 1
| #define HAVE_STRING_H 1
| #define HAVE_MEMORY_H 1
| #define HAVE_STRINGS_H 1
| #define HAVE_INTTYPES_H 1
| #define HAVE_STDINT_H 1
| #define HAVE_UNISTD_H 1
| #define __EXTENSIONS__ 1
| #define _ALL_SOURCE 1
| #define _GNU_SOURCE 1
| #define _POSIX_PTHREAD_SEMANTICS 1
| #define _TANDEM_SOURCE 1
| #define HAVE_DLFCN_H 1
| #define LT_OBJDIR ".libs/"
| #define DEFAULT_AR_DETERMINISTIC 0
| #define YYTEXT_POINTER 1
| #define EXECUTABLE_SUFFIX ""
| #define HAVE_STRING_H 1
| #define HAVE_STRINGS_H 1
| #define HAVE_STDLIB_H 1
| #define HAVE_UNISTD_H 1
| #define HAVE_FCNTL_H 1
| #define HAVE_SYS_FILE_H 1
| #define HAVE_LIMITS_H 1
| #define HAVE_LOCALE_H 1
| #define HAVE_SYS_PARAM_H 1
| #define HAVE_SYS_WAIT_H 1
| #define STRING_WITH_STRINGS 1
| #define HAVE_ALLOCA_H 1
| #define HAVE_ALLOCA 1
| #define HAVE_SBRK 1
| #define HAVE_UTIMES 1
| #define HAVE_GETC_UNLOCKED 1
| #define HAVE_STRCOLL 1
| #define HAVE_SETLOCALE 1
| #define HAVE_MKSTEMP 1
| #define HAVE_MKDTEMP 1
| #define HAVE_LC_MESSAGES 1
| #define HAVE_TIME_T_IN_TIME_H 1
| #define HAVE_TIME_T_IN_TYPES_H 1
| #define HAVE_DECL_GETOPT 1
| #define HAVE_GOOD_UTIME_H 1
| #define HAVE_DECL_FPRINTF 1
| #define HAVE_DECL_STPCPY 1
| #define HAVE_DECL_STRSTR 1
| #define HAVE_DECL_SBRK 1
| #define HAVE_DECL_GETENV 1
| #define HAVE_DECL_ENVIRON 1
| #define HAVE_DECL_GETC_UNLOCKED 1
| #define HAVE_DECL_SNPRINTF 1
| #define HAVE_DECL_VSNPRINTF 1
| /* end confdefs.h.  */
| 
| /* Override any GCC internal prototype to avoid an error.
|    Use char because int might match the return type of a GCC
|    builtin and then its argument prototype would still apply.  */
| #ifdef __cplusplus
| extern "C"
| #endif
| char zlibVersion ();
| int
| main ()
| {
| return zlibVersion ();
|   ;
|   return 0;
| }
configure:13110: gcc -o conftest -g -O2    conftest.c -lz   >&5
configure:13110: $? = 0
configure:13127: result: -lz
configure:13134: checking zlib.h usability
configure:13134: gcc -c -g -O2  conftest.c >&5
configure:13134: $? = 0
configure:13134: result: yes
configure:13134: checking zlib.h presence
configure:13134: gcc -E  conftest.c
configure:13134: $? = 0
configure:13134: result: yes
configure:13134: checking for zlib.h
configure:13134: result: yes
configure:13176: checking iconv.h usability
configure:13176: gcc -c -g -O2  conftest.c >&5
configure:13176: $? = 0
configure:13176: result: yes
configure:13176: checking iconv.h presence
configure:13176: gcc -E  conftest.c
configure:13176: $? = 0
configure:13176: result: yes
configure:13176: checking for iconv.h
configure:13176: result: yes
configure:13222: checking for ld used by GCC
configure:13285: result: ld -m elf_x86_64
configure:13292: checking if the linker (ld -m elf_x86_64) is GNU ld
GNU ld (GNU Binutils for Ubuntu) 2.23.52.20130913
configure:13304: result: yes
configure:13310: checking for shared library run path origin
configure:13323: result: done
configure:13753: checking for iconv
configure:13775: gcc -o conftest -g -O2    conftest.c -lz  >&5
configure:13775: $? = 0
configure:13807: result: yes
configure:13828: checking for iconv declaration
configure:13857: gcc -c -g -O2  conftest.c >&5
configure:13857: $? = 0
configure:13868: result: install-shextern size_t iconv (iconv_t cd, char * *inbuf, size_t *inbytesleft, char * *outbuf, size_t *outbytesleft);
configure:14224: updating cache ./config.cache
configure:14285: creating ./config.status

## ---------------------- ##
## Running config.status. ##
## ---------------------- ##

This file was extended by config.status, which was
generated by GNU Autoconf 2.64.  Invocation command line was

  CONFIG_FILES    = 
  CONFIG_HEADERS  = 
  CONFIG_LINKS    = 
  CONFIG_COMMANDS = 
  $ ./config.status 

on stuartb-MacBookPro2

config.status:1170: creating Makefile
config.status:1170: creating doc/Makefile
config.status:1170: creating po/Makefile.in
config.status:1170: creating config.h
config.status:1383: executing depfiles commands
config.status:1383: executing libtool commands
config.status:1383: executing default-1 commands

## ---------------- ##
## Cache variables. ##
## ---------------- ##

ac_cv_build=x86_64-unknown-linux-gnu
ac_cv_c_compiler_gnu=yes
ac_cv_env_CC_set=set
ac_cv_env_CC_value=gcc
ac_cv_env_CFLAGS_set=set
ac_cv_env_CFLAGS_value='-g -O2'
ac_cv_env_CPPFLAGS_set=
ac_cv_env_CPPFLAGS_value=
ac_cv_env_CPP_set=
ac_cv_env_CPP_value=
ac_cv_env_LDFLAGS_set=set
ac_cv_env_LDFLAGS_value=' '
ac_cv_env_LIBS_set=
ac_cv_env_LIBS_value=
ac_cv_env_YACC_set=set
ac_cv_env_YACC_value='/home/stuartb/Projects/os/src/binutils-2.23/missing bison -y'
ac_cv_env_YFLAGS_set=
ac_cv_env_YFLAGS_value=
ac_cv_env_build_alias_set=set
ac_cv_env_build_alias_value=x86_64-unknown-linux-gnu
ac_cv_env_host_alias_set=set
ac_cv_env_host_alias_value=x86_64-unknown-linux-gnu
ac_cv_env_target_alias_set=set
ac_cv_env_target_alias_value=i686-elf
ac_cv_func_alloca_works=yes
ac_cv_func_getc_unlocked=yes
ac_cv_func_mkdtemp=yes
ac_cv_func_mkstemp=yes
ac_cv_func_sbrk=yes
ac_cv_func_setlocale=yes
ac_cv_func_setmode=no
ac_cv_func_strcoll=yes
ac_cv_func_utimes=yes
ac_cv_have_decl_environ=yes
ac_cv_have_decl_fprintf=yes
ac_cv_have_decl_getc_unlocked=yes
ac_cv_have_decl_getenv=yes
ac_cv_have_decl_sbrk=yes
ac_cv_have_decl_snprintf=yes
ac_cv_have_decl_stpcpy=yes
ac_cv_have_decl_strstr=yes
ac_cv_have_decl_vsnprintf=yes
ac_cv_header_dlfcn_h=yes
ac_cv_header_fcntl_h=yes
ac_cv_header_iconv_h=yes
ac_cv_header_inttypes_h=yes
ac_cv_header_limits_h=yes
ac_cv_header_locale_h=yes
ac_cv_header_memory_h=yes
ac_cv_header_minix_config_h=no
ac_cv_header_stdc=yes
ac_cv_header_stdint_h=yes
ac_cv_header_stdlib_h=yes
ac_cv_header_string_h=yes
ac_cv_header_strings_h=yes
ac_cv_header_sys_file_h=yes
ac_cv_header_sys_param_h=yes
ac_cv_header_sys_stat_h=yes
ac_cv_header_sys_types_h=yes
ac_cv_header_sys_wait_h=yes
ac_cv_header_unistd_h=yes
ac_cv_header_zlib_h=yes
ac_cv_host=x86_64-unknown-linux-gnu
ac_cv_lib_lex=
ac_cv_objext=o
ac_cv_path_EGREP='/bin/grep -E'
ac_cv_path_FGREP='/bin/grep -F'
ac_cv_path_GMSGFMT=/usr/bin/msgfmt
ac_cv_path_GREP=/bin/grep
ac_cv_path_MSGFMT=/usr/bin/msgfmt
ac_cv_path_MSGMERGE=/usr/bin/msgmerge
ac_cv_path_SED=/bin/sed
ac_cv_path_XGETTEXT=/usr/bin/xgettext
ac_cv_path_mkdir=/bin/mkdir
ac_cv_prog_AR=ar
ac_cv_prog_AWK=gawk
ac_cv_prog_CC=gcc
ac_cv_prog_CPP='gcc -E'
ac_cv_prog_LEX='/home/stuartb/Projects/os/src/binutils-2.23/missing flex'
ac_cv_prog_OBJDUMP=objdump
ac_cv_prog_RANLIB=ranlib
ac_cv_prog_YACC='/home/stuartb/Projects/os/src/binutils-2.23/missing bison -y'
ac_cv_prog_ac_ct_STRIP=strip
ac_cv_prog_cc_c89=
ac_cv_prog_cc_g=yes
ac_cv_prog_lex_root=lex.yy
ac_cv_prog_lex_yytext_pointer=yes
ac_cv_prog_make_make_set=yes
ac_cv_safe_to_define___extensions__=yes
ac_cv_search_frexp='none required'
ac_cv_search_strerror='none required'
ac_cv_search_zlibVersion=-lz
ac_cv_sys_file_offset_bits=no
ac_cv_sys_largefile_CC=no
ac_cv_target=i686-pc-elf
ac_cv_working_alloca_h=yes
acl_cv_hardcode_direct=no
acl_cv_hardcode_libdir_flag_spec='${wl}-rpath ${wl}$libdir'
acl_cv_hardcode_libdir_separator=
acl_cv_hardcode_minus_L=no
acl_cv_libext=a
acl_cv_path_LD='ld -m elf_x86_64'
acl_cv_prog_gnu_ld=yes
acl_cv_rpath=done
acl_cv_shlibext=so
acl_cv_wl=-Wl,
am_cv_CC_dependencies_compiler_type=gcc3
am_cv_func_iconv=yes
am_cv_lib_iconv=no
am_cv_proto_iconv='extern size_t iconv (iconv_t cd, char * *inbuf, size_t *inbytesleft, char * *outbuf, size_t *outbytesleft);'
am_cv_proto_iconv_arg1=
am_cv_val_LC_MESSAGES=yes
bu_cv_decl_getopt_unistd_h=yes
bu_cv_decl_time_t_time_h=yes
bu_cv_decl_time_t_types_h=yes
bu_cv_header_utime_h=yes
gcc_cv_header_string=yes
lt_cv_archive_cmds_need_lc=no
lt_cv_deplibs_check_method=pass_all
lt_cv_file_magic_cmd='$MAGIC_CMD'
lt_cv_file_magic_test_file=
lt_cv_ld_reload_flag=-r
lt_cv_nm_interface='BSD nm'
lt_cv_objdir=.libs
lt_cv_path_LD=ld
lt_cv_path_NM=nm
lt_cv_prog_compiler_c_o=yes
lt_cv_prog_compiler_pic_works=yes
lt_cv_prog_compiler_rtti_exceptions=no
lt_cv_prog_compiler_static_works=yes
lt_cv_prog_gnu_ld=yes
lt_cv_shlibpath_overrides_runpath=no
lt_cv_sys_global_symbol_pipe='sed -n -e '\''s/^.*[	 ]\([ABCDGIRSTW][ABCDGIRSTW]*\)[	 ][	 ]*\([_A-Za-z][_A-Za-z0-9]*\)$/\1 \2 \2/p'\'''
lt_cv_sys_global_symbol_to_c_name_address='sed -n -e '\''s/^: \([^ ]*\) $/  {\"\1\", (void *) 0},/p'\'' -e '\''s/^[ABCDGIRSTW]* \([^ ]*\) \([^ ]*\)$/  {"\2", (void *) \&\2},/p'\'''
lt_cv_sys_global_symbol_to_c_name_address_lib_prefix='sed -n -e '\''s/^: \([^ ]*\) $/  {\"\1\", (void *) 0},/p'\'' -e '\''s/^[ABCDGIRSTW]* \([^ ]*\) \(lib[^ ]*\)$/  {"\2", (void *) \&\2},/p'\'' -e '\''s/^[ABCDGIRSTW]* \([^ ]*\) \([^ ]*\)$/  {"lib\2", (void *) \&\2},/p'\'''
lt_cv_sys_global_symbol_to_cdecl='sed -n -e '\''s/^T .* \(.*\)$/extern int \1();/p'\'' -e '\''s/^[ABCDGIRSTW]* .* \(.*\)$/extern char \1;/p'\'''
lt_cv_sys_max_cmd_len=3458764513820540925

## ----------------- ##
## Output variables. ##
## ----------------- ##

ACLOCAL='${SHELL} /home/stuartb/Projects/os/src/binutils-2.23/missing --run aclocal-1.11'
ALLOCA=''
AMDEPBACKSLASH='\'
AMDEP_FALSE='#'
AMDEP_TRUE=''
AMTAR='${SHELL} /home/stuartb/Projects/os/src/binutils-2.23/missing --run tar'
AR='ar'
AUTOCONF='${SHELL} /home/stuartb/Projects/os/src/binutils-2.23/missing --run autoconf'
AUTOHEADER='${SHELL} /home/stuartb/Projects/os/src/binutils-2.23/missing --run autoheader'
AUTOMAKE='${SHELL} /home/stuartb/Projects/os/src/binutils-2.23/missing --run automake-1.11'
AWK='gawk'
BUILD_DLLTOOL=''
BUILD_DLLWRAP=''
BUILD_INSTALL_MISC=''
BUILD_MISC=''
BUILD_NLMCONV=''
BUILD_SRCONV=''
BUILD_WINDMC=''
BUILD_WINDRES=''
CATALOGS=''
CATOBJEXT=''
CC='gcc'
CCDEPMODE='depmode=gcc3'
CC_FOR_BUILD='gcc'
CFLAGS='-g -O2'
CPP='gcc -E'
CPPFLAGS=''
CYGPATH_W='echo'
DATADIRNAME=''
DEFS='-DHAVE_CONFIG_H'
DEMANGLER_NAME='c++filt'
DEPDIR='.deps'
DLLTOOL_DEFS=' '
DSYMUTIL=''
DUMPBIN=''
ECHO_C=''
ECHO_N='-n'
ECHO_T=''
EGREP='/bin/grep -E'
EMULATION='vanilla'
EMULATION_VECTOR='bin_vanilla_emulation'
EXEEXT=''
EXEEXT_FOR_BUILD='$(EXEEXT)'
FGREP='/bin/grep -F'
GENCAT=''
GENINSRC_NEVER_FALSE=''
GENINSRC_NEVER_TRUE='#'
GMSGFMT='/usr/bin/msgfmt'
GREP='/bin/grep'
HDEFINES=''
INCINTL=''
INSTALL_DATA='/usr/bin/install -c -m 644'
INSTALL_PROGRAM='/usr/bin/install -c'
INSTALL_SCRIPT='/usr/bin/install -c'
INSTALL_STRIP_PROGRAM='$(install_sh) -c -s'
INSTOBJEXT=''
LD='ld -m elf_x86_64'
LDFLAGS=' '
LEX='/home/stuartb/Projects/os/src/binutils-2.23/missing flex'
LEXLIB=''
LEX_OUTPUT_ROOT='lex.yy'
LIBICONV=''
LIBINTL=''
LIBINTL_DEP=''
LIBOBJS=''
LIBS='-lz '
LIBTOOL='$(SHELL) $(top_builddir)/libtool'
LIPO=''
LN_S='ln -s'
LTLIBICONV=''
LTLIBOBJS=''
MAINT='#'
MAINTAINER_MODE_FALSE=''
MAINTAINER_MODE_TRUE='#'
MAKEINFO='makeinfo --split-size=5000000'
MKDIR_P='/bin/mkdir -p'
MKINSTALLDIRS='$(top_builddir)/../../binutils-2.23/binutils/../mkinstalldirs'
MSGFMT='/usr/bin/msgfmt'
MSGMERGE='/usr/bin/msgmerge'
NLMCONV_DEFS=''
NM='nm'
NMEDIT=''
NO_WERROR=''
OBJDUMP='objdump'
OBJDUMP_DEFS=' -DOBJDUMP_PRIVATE_VECTORS=""'
OBJDUMP_PRIVATE_OFILES=''
OBJEXT='o'
OTOOL64=''
OTOOL=''
PACKAGE='binutils'
PACKAGE_BUGREPORT=''
PACKAGE_NAME=''
PACKAGE_STRING=''
PACKAGE_TARNAME=''
PACKAGE_URL=''
PACKAGE_VERSION=''
PATH_SEPARATOR=':'
POSUB=''
RANLIB='ranlib'
SED='/bin/sed'
SET_MAKE=''
SHELL='/bin/bash'
STRIP='strip'
USE_NLS='no'
VERSION='2.23'
WARN_CFLAGS='-W -Wall -Wstrict-prototypes -Wmissing-prototypes -Wshadow'
XGETTEXT='/usr/bin/xgettext'
YACC='/home/stuartb/Projects/os/src/binutils-2.23/missing bison -y'
YFLAGS=''
ac_ct_CC=''
ac_ct_DUMPBIN=''
am__EXEEXT_FALSE=''
am__EXEEXT_TRUE='#'
am__fastdepCC_FALSE='#'
am__fastdepCC_TRUE=''
am__include='include'
am__isrc=' -I$(srcdir)'
am__leading_dot='.'
am__quote=''
am__tar='${AMTAR} chof - "$$tardir"'
am__untar='${AMTAR} xf -'
bindir='${exec_prefix}/bin'
build='x86_64-unknown-linux-gnu'
build_alias='x86_64-unknown-linux-gnu'
build_cpu='x86_64'
build_os='linux-gnu'
build_vendor='unknown'
datadir='${datarootdir}'
datarootdir='${prefix}/share'
docdir='${datarootdir}/doc/${PACKAGE}'
dvidir='${docdir}'
exec_prefix='${prefix}'
host='x86_64-unknown-linux-gnu'
host_alias='x86_64-unknown-linux-gnu'
host_cpu='x86_64'
host_os='linux-gnu'
host_vendor='unknown'
htmldir='${docdir}'
includedir='${prefix}/include'
infodir='${datarootdir}/info'
install_sh='${SHELL} /home/stuartb/Projects/os/src/binutils-2.23/install-sh'
libdir='${exec_prefix}/lib'
libexecdir='${exec_prefix}/libexec'
localedir='${datarootdir}/locale'
localstatedir='${prefix}/var'
mandir='${datarootdir}/man'
mkdir_p='/bin/mkdir -p'
oldincludedir='/usr/include'
pdfdir='${docdir}'
prefix='/home/stuartb/Projects/os/cross'
program_transform_name='s&^&i686-elf-&'
psdir='${docdir}'
sbindir='${exec_prefix}/sbin'
sharedstatedir='${prefix}/com'
sysconfdir='${prefix}/etc'
target='i686-pc-elf'
target_alias='i686-elf'
target_cpu='i686'
target_os='elf'
target_vendor='pc'

## ----------- ##
## confdefs.h. ##
## ----------- ##

/* confdefs.h */
#define PACKAGE_NAME ""
#define PACKAGE_TARNAME ""
#define PACKAGE_VERSION ""
#define PACKAGE_STRING ""
#define PACKAGE_BUGREPORT ""
#define PACKAGE_URL ""
#define PACKAGE "binutils"
#define VERSION "2.23"
#define STDC_HEADERS 1
#define HAVE_SYS_TYPES_H 1
#define HAVE_SYS_STAT_H 1
#define HAVE_STDLIB_H 1
#define HAVE_STRING_H 1
#define HAVE_MEMORY_H 1
#define HAVE_STRINGS_H 1
#define HAVE_INTTYPES_H 1
#define HAVE_STDINT_H 1
#define HAVE_UNISTD_H 1
#define __EXTENSIONS__ 1
#define _ALL_SOURCE 1
#define _GNU_SOURCE 1
#define _POSIX_PTHREAD_SEMANTICS 1
#define _TANDEM_SOURCE 1
#define HAVE_DLFCN_H 1
#define LT_OBJDIR ".libs/"
#define DEFAULT_AR_DETERMINISTIC 0
#define YYTEXT_POINTER 1
#define EXECUTABLE_SUFFIX ""
#define HAVE_STRING_H 1
#define HAVE_STRINGS_H 1
#define HAVE_STDLIB_H 1
#define HAVE_UNISTD_H 1
#define HAVE_FCNTL_H 1
#define HAVE_SYS_FILE_H 1
#define HAVE_LIMITS_H 1
#define HAVE_LOCALE_H 1
#define HAVE_SYS_PARAM_H 1
#define HAVE_SYS_WAIT_H 1
#define STRING_WITH_STRINGS 1
#define HAVE_ALLOCA_H 1
#define HAVE_ALLOCA 1
#define HAVE_SBRK 1
#define HAVE_UTIMES 1
#define HAVE_GETC_UNLOCKED 1
#define HAVE_STRCOLL 1
#define HAVE_SETLOCALE 1
#define HAVE_MKSTEMP 1
#define HAVE_MKDTEMP 1
#define HAVE_LC_MESSAGES 1
#define HAVE_TIME_T_IN_TIME_H 1
#define HAVE_TIME_T_IN_TYPES_H 1
#define HAVE_DECL_GETOPT 1
#define HAVE_GOOD_UTIME_H 1
#define HAVE_DECL_FPRINTF 1
#define HAVE_DECL_STPCPY 1
#define HAVE_DECL_STRSTR 1
#define HAVE_DECL_SBRK 1
#define HAVE_DECL_GETENV 1
#define HAVE_DECL_ENVIRON 1
#define HAVE_DECL_GETC_UNLOCKED 1
#define HAVE_DECL_SNPRINTF 1
#define HAVE_DECL_VSNPRINTF 1
#define HAVE_ZLIB_H 1
#define HAVE_ICONV 1
#define ICONV_CONST 
#define TARGET "i686-pc-elf"
#define TARGET_PREPENDS_UNDERSCORE 0

configure: exit 0
