This file contains any messages produced by compilers while
running configure, to aid debugging if configure makes a mistake.

It was created by configure, which was
generated by GNU Autoconf 2.64.  Invocation command line was

  $ ../binutils-2.23/configure --target=i686-elf --prefix=/home/stuartb/Projects/os/cross --disable-nls --disable-werror

## --------- ##
## Platform. ##
## --------- ##

hostname = stuartb-MacBookPro2
uname -m = x86_64
uname -r = 3.11.0-12-generic
uname -s = Linux
uname -v = #19-Ubuntu SMP Wed Oct 9 16:20:46 UTC 2013

/usr/bin/uname -p = unknown
/bin/uname -X     = unknown

/bin/arch              = unknown
/usr/bin/arch -k       = unknown
/usr/convex/getsysinfo = unknown
/usr/bin/hostinfo      = unknown
/bin/machine           = unknown
/usr/bin/oslevel       = unknown
/bin/universe          = unknown

PATH: /home/stuartb/Projects/os/cross/bin
PATH: /home/stuartb/bin
PATH: /usr/local/sbin
PATH: /usr/local/bin
PATH: /usr/sbin
PATH: /usr/bin
PATH: /sbin
PATH: /bin
PATH: /usr/games
PATH: /usr/local/games


## ----------- ##
## Core tests. ##
## ----------- ##

configure:2237: checking build system type
configure:2251: result: x86_64-unknown-linux-gnu
configure:2298: checking host system type
configure:2311: result: x86_64-unknown-linux-gnu
configure:2331: checking target system type
configure:2344: result: i686-pc-elf
configure:2398: checking for a BSD-compatible install
configure:2466: result: /usr/bin/install -c
configure:2477: checking whether ln works
configure:2499: result: yes
configure:2503: checking whether ln -s works
configure:2507: result: yes
configure:2514: checking for a sed that does not truncate output
configure:2578: result: /bin/sed
configure:2587: checking for gawk
configure:2603: found /usr/bin/gawk
configure:2614: result: gawk
configure:3767: checking for gcc
configure:3783: found /usr/bin/gcc
configure:3794: result: gcc
configure:4023: checking for C compiler version
configure:4032: gcc --version >&5
gcc (Ubuntu/Linaro 4.8.1-10ubuntu9) 4.8.1
Copyright (C) 2013 Free Software Foundation, Inc.
This is free software; see the source for copying conditions.  There is NO
warranty; not even for MERCHANTABILITY or FITNESS FOR A PARTICULAR PURPOSE.

configure:4043: $? = 0
configure:4032: gcc -v >&5
Using built-in specs.
COLLECT_GCC=gcc
COLLECT_LTO_WRAPPER=/usr/lib/gcc/x86_64-linux-gnu/4.8/lto-wrapper
Target: x86_64-linux-gnu
Configured with: ../src/configure -v --with-pkgversion='Ubuntu/Linaro 4.8.1-10ubuntu9' --with-bugurl=file:///usr/share/doc/gcc-4.8/README.Bugs --enable-languages=c,c++,java,go,d,fortran,objc,obj-c++ --prefix=/usr --program-suffix=-4.8 --enable-shared --enable-linker-build-id --libexecdir=/usr/lib --without-included-gettext --enable-threads=posix --with-gxx-include-dir=/usr/include/c++/4.8 --libdir=/usr/lib --enable-nls --with-sysroot=/ --enable-clocale=gnu --enable-libstdcxx-debug --enable-libstdcxx-time=yes --enable-gnu-unique-object --enable-plugin --with-system-zlib --disable-browser-plugin --enable-java-awt=gtk --enable-gtk-cairo --with-java-home=/usr/lib/jvm/java-1.5.0-gcj-4.8-amd64/jre --enable-java-home --with-jvm-root-dir=/usr/lib/jvm/java-1.5.0-gcj-4.8-amd64 --with-jvm-jar-dir=/usr/lib/jvm-exports/java-1.5.0-gcj-4.8-amd64 --with-arch-directory=amd64 --with-ecj-jar=/usr/share/java/eclipse-ecj.jar --enable-objc-gc --enable-multiarch --disable-werror --with-arch-32=i686 --with-abi=m64 --with-multilib-list=m32,m64,mx32 --with-tune=generic --enable-checking=release --build=x86_64-linux-gnu --host=x86_64-linux-gnu --target=x86_64-linux-gnu
Thread model: posix
gcc version 4.8.1 (Ubuntu/Linaro 4.8.1-10ubuntu9) 
configure:4043: $? = 0
configure:4032: gcc -V >&5
gcc: error: unrecognized command line option '-V'
gcc: fatal error: no input files
compilation terminated.
configure:4043: $? = 4
configure:4032: gcc -qversion >&5
gcc: error: unrecognized command line option '-qversion'
gcc: fatal error: no input files
compilation terminated.
configure:4043: $? = 4
configure:4063: checking for C compiler default output file name
configure:4085: gcc    conftest.c  >&5
configure:4089: $? = 0
configure:4126: result: a.out
configure:4142: checking whether the C compiler works
configure:4151: ./a.out
configure:4155: $? = 0
configure:4170: result: yes
configure:4177: checking whether we are cross compiling
configure:4179: result: no
configure:4182: checking for suffix of executables
configure:4189: gcc -o conftest    conftest.c  >&5
configure:4193: $? = 0
configure:4215: result: 
configure:4221: checking for suffix of object files
configure:4243: gcc -c   conftest.c >&5
configure:4247: $? = 0
configure:4268: result: o
configure:4272: checking whether we are using the GNU C compiler
configure:4291: gcc -c   conftest.c >&5
configure:4291: $? = 0
configure:4300: result: yes
configure:4309: checking whether gcc accepts -g
configure:4329: gcc -c -g  conftest.c >&5
configure:4329: $? = 0
configure:4370: result: yes
configure:4387: checking for gcc option to accept ISO C89
configure:4451: gcc  -c -g -O2  conftest.c >&5
configure:4451: $? = 0
configure:4464: result: none needed
configure:4542: checking for g++
configure:4558: found /usr/bin/g++
configure:4569: result: g++
configure:4596: checking for C++ compiler version
configure:4605: g++ --version >&5
g++ (Ubuntu/Linaro 4.8.1-10ubuntu9) 4.8.1
Copyright (C) 2013 Free Software Foundation, Inc.
This is free software; see the source for copying conditions.  There is NO
warranty; not even for MERCHANTABILITY or FITNESS FOR A PARTICULAR PURPOSE.

configure:4616: $? = 0
configure:4605: g++ -v >&5
Using built-in specs.
COLLECT_GCC=g++
COLLECT_LTO_WRAPPER=/usr/lib/gcc/x86_64-linux-gnu/4.8/lto-wrapper
Target: x86_64-linux-gnu
Configured with: ../src/configure -v --with-pkgversion='Ubuntu/Linaro 4.8.1-10ubuntu9' --with-bugurl=file:///usr/share/doc/gcc-4.8/README.Bugs --enable-languages=c,c++,java,go,d,fortran,objc,obj-c++ --prefix=/usr --program-suffix=-4.8 --enable-shared --enable-linker-build-id --libexecdir=/usr/lib --without-included-gettext --enable-threads=posix --with-gxx-include-dir=/usr/include/c++/4.8 --libdir=/usr/lib --enable-nls --with-sysroot=/ --enable-clocale=gnu --enable-libstdcxx-debug --enable-libstdcxx-time=yes --enable-gnu-unique-object --enable-plugin --with-system-zlib --disable-browser-plugin --enable-java-awt=gtk --enable-gtk-cairo --with-java-home=/usr/lib/jvm/java-1.5.0-gcj-4.8-amd64/jre --enable-java-home --with-jvm-root-dir=/usr/lib/jvm/java-1.5.0-gcj-4.8-amd64 --with-jvm-jar-dir=/usr/lib/jvm-exports/java-1.5.0-gcj-4.8-amd64 --with-arch-directory=amd64 --with-ecj-jar=/usr/share/java/eclipse-ecj.jar --enable-objc-gc --enable-multiarch --disable-werror --with-arch-32=i686 --with-abi=m64 --with-multilib-list=m32,m64,mx32 --with-tune=generic --enable-checking=release --build=x86_64-linux-gnu --host=x86_64-linux-gnu --target=x86_64-linux-gnu
Thread model: posix
gcc version 4.8.1 (Ubuntu/Linaro 4.8.1-10ubuntu9) 
configure:4616: $? = 0
configure:4605: g++ -V >&5
g++: error: unrecognized command line option '-V'
g++: fatal error: no input files
compilation terminated.
configure:4616: $? = 4
configure:4605: g++ -qversion >&5
g++: error: unrecognized command line option '-qversion'
g++: fatal error: no input files
compilation terminated.
configure:4616: $? = 4
configure:4620: checking whether we are using the GNU C++ compiler
configure:4639: g++ -c   conftest.cpp >&5
configure:4639: $? = 0
configure:4648: result: yes
configure:4657: checking whether g++ accepts -g
configure:4677: g++ -c -g  conftest.cpp >&5
configure:4677: $? = 0
configure:4718: result: yes
configure:4807: checking for gnatbind
configure:4837: result: no
configure:4899: checking for gnatmake
configure:4929: result: no
configure:4948: checking whether compiler driver understands Ada
configure:4971: result: no
configure:4980: checking how to compare bootstrapped objects
configure:5005: result: cmp --ignore-initial=16 $$f1 $$f2
configure:5077: checking for objdir
configure:5092: result: .libs
configure:5641: checking for PWL_handle_timeout in -lpwl
configure:5666: gcc -o conftest -g -O2   conftest.c -lpwl    -lstdc++ -lm >&5
/usr/bin/ld: cannot find -lpwl
collect2: error: ld returned 1 exit status
configure:5666: $? = 1
configure: failed program was:
| /* confdefs.h */
| #define PACKAGE_NAME ""
| #define PACKAGE_TARNAME ""
| #define PACKAGE_VERSION ""
| #define PACKAGE_STRING ""
| #define PACKAGE_BUGREPORT ""
| #define PACKAGE_URL ""
| #define LT_OBJDIR ".libs/"
| /* end confdefs.h.  */
| 
| /* Override any GCC internal prototype to avoid an error.
|    Use char because int might match the return type of a GCC
|    builtin and then its argument prototype would still apply.  */
| #ifdef __cplusplus
| extern "C"
| #endif
| char PWL_handle_timeout ();
| int
| main ()
| {
| return PWL_handle_timeout ();
|   ;
|   return 0;
| }
configure:5675: result: no
configure:5689: checking for version 0.11 (revision 0 or later) of PPL
configure:5706: gcc -c -g -O2    conftest.c >&5
conftest.c:10:19: fatal error: ppl_c.h: No such file or directory
 #include "ppl_c.h"
                   ^
compilation terminated.
configure:5706: $? = 1
configure: failed program was:
| /* confdefs.h */
| #define PACKAGE_NAME ""
| #define PACKAGE_TARNAME ""
| #define PACKAGE_VERSION ""
| #define PACKAGE_STRING ""
| #define PACKAGE_BUGREPORT ""
| #define PACKAGE_URL ""
| #define LT_OBJDIR ".libs/"
| /* end confdefs.h.  */
| #include "ppl_c.h"
| int
| main ()
| {
| 
|     #if PPL_VERSION_MAJOR != 0 || PPL_VERSION_MINOR < 11
|     choke me
|     #endif
| 
|   ;
|   return 0;
| }
configure:5710: result: no
configure:7008: checking for default BUILD_CONFIG
configure:7040: result: 
configure:7529: checking for bison
configure:7559: result: no
configure:7529: checking for byacc
configure:7559: result: no
configure:7529: checking for yacc
configure:7559: result: no
configure:7576: checking for bison
configure:7606: result: no
configure:7623: checking for gm4
configure:7653: result: no
configure:7623: checking for gnum4
configure:7653: result: no
configure:7623: checking for m4
configure:7639: found /usr/bin/m4
configure:7650: result: m4
configure:7670: checking for flex
configure:7700: result: no
configure:7670: checking for lex
configure:7700: result: no
configure:7718: checking for flex
configure:7748: result: no
configure:7765: checking for makeinfo
configure:7781: found /usr/local/bin/makeinfo
configure:7792: result: makeinfo
configure:7826: checking for expect
configure:7856: result: no
configure:7875: checking for runtest
configure:7905: result: no
configure:8020: checking for ar
configure:8036: found /usr/bin/ar
configure:8047: result: ar
configure:8161: checking for as
configure:8177: found /usr/bin/as
configure:8188: result: as
configure:8302: checking for dlltool
configure:8332: result: no
configure:8443: checking for ld
configure:8459: found /usr/bin/ld
configure:8470: result: ld
configure:8584: checking for lipo
configure:8614: result: no
configure:8725: checking for nm
configure:8741: found /usr/bin/nm
configure:8752: result: nm
configure:8866: checking for ranlib
configure:8882: found /usr/bin/ranlib
configure:8893: result: ranlib
configure:9002: checking for strip
configure:9018: found /usr/bin/strip
configure:9029: result: strip
configure:9138: checking for windres
configure:9168: result: no
configure:9279: checking for windmc
configure:9309: result: no
configure:9420: checking for objcopy
configure:9436: found /usr/bin/objcopy
configure:9447: result: objcopy
configure:9561: checking for objdump
configure:9577: found /usr/bin/objdump
configure:9588: result: objdump
configure:9702: checking for readelf
configure:9718: found /usr/bin/readelf
configure:9729: result: readelf
configure:9843: checking for i686-elf-cc
configure:9873: result: no
configure:9843: checking for i686-elf-gcc
configure:9873: result: no
configure:10004: checking for i686-elf-c++
configure:10034: result: no
configure:10004: checking for i686-elf-g++
configure:10034: result: no
configure:10004: checking for i686-elf-cxx
configure:10034: result: no
configure:10004: checking for i686-elf-gxx
configure:10034: result: no
configure:10165: checking for i686-elf-gcc
configure:10195: result: no
configure:10321: checking for i686-elf-gcj
configure:10351: result: no
configure:10482: checking for i686-elf-gfortran
configure:10512: result: no
configure:10643: checking for i686-elf-gccgo
configure:10673: result: no
configure:10884: checking for i686-elf-ar
configure:10914: result: no
configure:11114: checking for i686-elf-as
configure:11144: result: no
configure:11344: checking for i686-elf-dlltool
configure:11374: result: no
configure:11574: checking for i686-elf-ld
configure:11604: result: no
configure:11804: checking for i686-elf-lipo
configure:11834: result: no
configure:12034: checking for i686-elf-nm
configure:12064: result: no
configure:12264: checking for i686-elf-objdump
configure:12294: result: no
configure:12494: checking for i686-elf-ranlib
configure:12524: result: no
configure:12724: checking for i686-elf-readelf
configure:12754: result: no
configure:12954: checking for i686-elf-strip
configure:12984: result: no
configure:13184: checking for i686-elf-windres
configure:13214: result: no
configure:13414: checking for i686-elf-windmc
configure:13444: result: no
configure:13511: checking where to find the target ar
configure:13534: result: just compiled
configure:13553: checking where to find the target as
configure:13576: result: just compiled
configure:13595: checking where to find the target cc
configure:13632: result: pre-installed
configure:13637: checking where to find the target c++
configure:13677: result: pre-installed
configure:13682: checking where to find the target c++ for libstdc++
configure:13722: result: pre-installed
configure:13727: checking where to find the target dlltool
configure:13750: result: just compiled
configure:13769: checking where to find the target gcc
configure:13806: result: pre-installed
configure:13811: checking where to find the target gcj
configure:13851: result: pre-installed
configure:13856: checking where to find the target gfortran
configure:13896: result: pre-installed
configure:13901: checking where to find the target gccgo
configure:13941: result: pre-installed
configure:13946: checking where to find the target ld
configure:13969: result: just compiled
configure:13988: checking where to find the target lipo
configure:14014: result: pre-installed
configure:14019: checking where to find the target nm
configure:14042: result: just compiled
configure:14061: checking where to find the target objdump
configure:14084: result: just compiled
configure:14103: checking where to find the target ranlib
configure:14126: result: just compiled
configure:14145: checking where to find the target readelf
configure:14168: result: just compiled
configure:14187: checking where to find the target strip
configure:14210: result: just compiled
configure:14229: checking where to find the target windres
configure:14252: result: just compiled
configure:14271: checking where to find the target windmc
configure:14294: result: just compiled
configure:14341: checking whether to enable maintainer-specific portions of Makefiles
configure:14350: result: no
configure:14383: checking whether -fkeep-inline-functions is supported
configure:14402: gcc -c -g -O2 -fkeep-inline-functions  conftest.c >&5
configure:14402: $? = 0
configure:14403: result: yes
configure:14609: creating ./config.status

## ---------------------- ##
## Running config.status. ##
## ---------------------- ##

This file was extended by config.status, which was
generated by GNU Autoconf 2.64.  Invocation command line was

  CONFIG_FILES    = 
  CONFIG_HEADERS  = 
  CONFIG_LINKS    = 
  CONFIG_COMMANDS = 
  $ ./config.status 

on stuartb-MacBookPro2

config.status:937: creating Makefile

## ---------------- ##
## Cache variables. ##
## ---------------- ##

ac_cv_build=x86_64-unknown-linux-gnu
ac_cv_c_compiler_gnu=yes
ac_cv_cxx_compiler_gnu=yes
ac_cv_env_AR_FOR_TARGET_set=
ac_cv_env_AR_FOR_TARGET_value=
ac_cv_env_AR_set=
ac_cv_env_AR_value=
ac_cv_env_AS_FOR_TARGET_set=
ac_cv_env_AS_FOR_TARGET_value=
ac_cv_env_AS_set=
ac_cv_env_AS_value=
ac_cv_env_CCC_set=
ac_cv_env_CCC_value=
ac_cv_env_CC_FOR_TARGET_set=
ac_cv_env_CC_FOR_TARGET_value=
ac_cv_env_CC_set=
ac_cv_env_CC_value=
ac_cv_env_CFLAGS_set=
ac_cv_env_CFLAGS_value=
ac_cv_env_CPPFLAGS_set=
ac_cv_env_CPPFLAGS_value=
ac_cv_env_CXXFLAGS_set=
ac_cv_env_CXXFLAGS_value=
ac_cv_env_CXX_FOR_TARGET_set=
ac_cv_env_CXX_FOR_TARGET_value=
ac_cv_env_CXX_set=
ac_cv_env_CXX_value=
ac_cv_env_DLLTOOL_FOR_TARGET_set=
ac_cv_env_DLLTOOL_FOR_TARGET_value=
ac_cv_env_DLLTOOL_set=
ac_cv_env_DLLTOOL_value=
ac_cv_env_GCC_FOR_TARGET_set=
ac_cv_env_GCC_FOR_TARGET_value=
ac_cv_env_GCJ_FOR_TARGET_set=
ac_cv_env_GCJ_FOR_TARGET_value=
ac_cv_env_GFORTRAN_FOR_TARGET_set=
ac_cv_env_GFORTRAN_FOR_TARGET_value=
ac_cv_env_GOC_FOR_TARGET_set=
ac_cv_env_GOC_FOR_TARGET_value=
ac_cv_env_LDFLAGS_set=
ac_cv_env_LDFLAGS_value=
ac_cv_env_LD_FOR_TARGET_set=
ac_cv_env_LD_FOR_TARGET_value=
ac_cv_env_LD_set=
ac_cv_env_LD_value=
ac_cv_env_LIBS_set=
ac_cv_env_LIBS_value=
ac_cv_env_LIPO_FOR_TARGET_set=
ac_cv_env_LIPO_FOR_TARGET_value=
ac_cv_env_LIPO_set=
ac_cv_env_LIPO_value=
ac_cv_env_NM_FOR_TARGET_set=
ac_cv_env_NM_FOR_TARGET_value=
ac_cv_env_NM_set=
ac_cv_env_NM_value=
ac_cv_env_OBJCOPY_set=
ac_cv_env_OBJCOPY_value=
ac_cv_env_OBJDUMP_FOR_TARGET_set=
ac_cv_env_OBJDUMP_FOR_TARGET_value=
ac_cv_env_OBJDUMP_set=
ac_cv_env_OBJDUMP_value=
ac_cv_env_RANLIB_FOR_TARGET_set=
ac_cv_env_RANLIB_FOR_TARGET_value=
ac_cv_env_RANLIB_set=
ac_cv_env_RANLIB_value=
ac_cv_env_READELF_FOR_TARGET_set=
ac_cv_env_READELF_FOR_TARGET_value=
ac_cv_env_READELF_set=
ac_cv_env_READELF_value=
ac_cv_env_STRIP_FOR_TARGET_set=
ac_cv_env_STRIP_FOR_TARGET_value=
ac_cv_env_STRIP_set=
ac_cv_env_STRIP_value=
ac_cv_env_WINDMC_FOR_TARGET_set=
ac_cv_env_WINDMC_FOR_TARGET_value=
ac_cv_env_WINDMC_set=
ac_cv_env_WINDMC_value=
ac_cv_env_WINDRES_FOR_TARGET_set=
ac_cv_env_WINDRES_FOR_TARGET_value=
ac_cv_env_WINDRES_set=
ac_cv_env_WINDRES_value=
ac_cv_env_build_alias_set=
ac_cv_env_build_alias_value=
ac_cv_env_build_configargs_set=
ac_cv_env_build_configargs_value=
ac_cv_env_host_alias_set=
ac_cv_env_host_alias_value=
ac_cv_env_host_configargs_set=
ac_cv_env_host_configargs_value=
ac_cv_env_target_alias_set=set
ac_cv_env_target_alias_value=i686-elf
ac_cv_env_target_configargs_set=
ac_cv_env_target_configargs_value=
ac_cv_host=x86_64-unknown-linux-gnu
ac_cv_lib_pwl_PWL_handle_timeout=no
ac_cv_objext=o
ac_cv_path_SED=/bin/sed
ac_cv_path_install='/usr/bin/install -c'
ac_cv_prog_AR=ar
ac_cv_prog_AS=as
ac_cv_prog_AWK=gawk
ac_cv_prog_LD=ld
ac_cv_prog_M4=m4
ac_cv_prog_MAKEINFO=makeinfo
ac_cv_prog_NM=nm
ac_cv_prog_OBJCOPY=objcopy
ac_cv_prog_OBJDUMP=objdump
ac_cv_prog_RANLIB=ranlib
ac_cv_prog_READELF=readelf
ac_cv_prog_STRIP=strip
ac_cv_prog_ac_ct_CC=gcc
ac_cv_prog_ac_ct_CXX=g++
ac_cv_prog_cc_c89=
ac_cv_prog_cc_g=yes
ac_cv_prog_cxx_g=yes
ac_cv_target=i686-pc-elf
acx_cv_cc_gcc_supports_ada=no
acx_cv_prog_LN=ln
gcc_cv_prog_cmp_skip='cmp --ignore-initial=16 $$f1 $$f2'
gcc_cv_tool_dirs=
gcc_cv_tool_prefix=/home/stuartb/Projects/os/cross
lt_cv_objdir=.libs

## ----------------- ##
## Output variables. ##
## ----------------- ##

AR='ar'
AR_FOR_BUILD='$(AR)'
AR_FOR_TARGET='$$r/$(HOST_SUBDIR)/binutils/ar'
AS='as'
AS_FOR_BUILD='$(AS)'
AS_FOR_TARGET='$$r/$(HOST_SUBDIR)/gas/as-new'
AWK='gawk'
BISON='/home/stuartb/Projects/os/src/binutils-2.23/missing bison'
BUILD_CONFIG=''
CC='gcc'
CC_FOR_BUILD='$(CC)'
CC_FOR_TARGET='i686-elf-cc'
CFLAGS='-g -O2'
CFLAGS_FOR_BUILD='-g -O2'
CFLAGS_FOR_TARGET='-g -O2'
COMPILER_AS_FOR_TARGET='$(AS_FOR_TARGET)'
COMPILER_LD_FOR_TARGET='$(LD_FOR_TARGET)'
COMPILER_NM_FOR_TARGET='$(NM_FOR_TARGET)'
CONFIGURE_GDB_TK=''
CPPFLAGS=''
CXX='g++'
CXXFLAGS='-g -O2'
CXXFLAGS_FOR_BUILD='-g -O2'
CXXFLAGS_FOR_TARGET='-g -O2'
CXX_FOR_BUILD='$(CXX)'
CXX_FOR_TARGET='i686-elf-c++'
DEBUG_PREFIX_CFLAGS_FOR_TARGET=''
DEFS='-DPACKAGE_NAME=\"\" -DPACKAGE_TARNAME=\"\" -DPACKAGE_VERSION=\"\" -DPACKAGE_STRING=\"\" -DPACKAGE_BUGREPORT=\"\" -DPACKAGE_URL=\"\" -DLT_OBJDIR=\".libs/\"'
DLLTOOL='dlltool'
DLLTOOL_FOR_BUILD='$(DLLTOOL)'
DLLTOOL_FOR_TARGET='$$r/$(HOST_SUBDIR)/binutils/dlltool'
ECHO_C=''
ECHO_N='-n'
ECHO_T=''
EXEEXT=''
EXPECT='expect'
EXTRA_CONFIGARGS_LIBJAVA='--disable-static'
FLAGS_FOR_TARGET=' -L$$r/$(HOST_SUBDIR)/ld'
FLEX='/home/stuartb/Projects/os/src/binutils-2.23/missing flex'
GCC_FOR_TARGET='i686-elf-gcc'
GCC_SHLIB_SUBDIR=''
GCJ_FOR_BUILD='$(GCJ)'
GCJ_FOR_TARGET='i686-elf-gcj'
GDB_TK=''
GFORTRAN_FOR_BUILD='$(GFORTRAN)'
GFORTRAN_FOR_TARGET='i686-elf-gfortran'
GNATBIND='no'
GNATMAKE='no'
GOC_FOR_BUILD='$(GOC)'
GOC_FOR_TARGET='i686-elf-gccgo'
INSTALL_DATA='${INSTALL} -m 644'
INSTALL_GDB_TK=''
INSTALL_PROGRAM='${INSTALL}'
INSTALL_SCRIPT='${INSTALL}'
LD='ld'
LDFLAGS=''
LDFLAGS_FOR_BUILD=''
LDFLAGS_FOR_TARGET=''
LD_FOR_BUILD='$(LD)'
LD_FOR_TARGET='$$r/$(HOST_SUBDIR)/ld/ld-new'
LEX='/home/stuartb/Projects/os/src/binutils-2.23/missing flex'
LIBOBJS=''
LIBS=''
LIPO='lipo'
LIPO_FOR_TARGET='i686-elf-lipo'
LN='ln'
LN_S='ln -s'
LTLIBOBJS=''
M4='m4'
MAINT='#'
MAINTAINER_MODE_FALSE=''
MAINTAINER_MODE_TRUE='#'
MAKEINFO='makeinfo'
NM='nm'
NM_FOR_BUILD='$(NM)'
NM_FOR_TARGET='$$r/$(HOST_SUBDIR)/binutils/nm-new'
OBJCOPY='objcopy'
OBJDUMP='objdump'
OBJDUMP_FOR_TARGET='$$r/$(HOST_SUBDIR)/binutils/objdump'
OBJEXT='o'
PACKAGE_BUGREPORT=''
PACKAGE_NAME=''
PACKAGE_STRING=''
PACKAGE_TARNAME=''
PACKAGE_URL=''
PACKAGE_VERSION=''
PATH_SEPARATOR=':'
POSTSTAGE1_CONFIGURE_FLAGS='--enable-build-with-cxx'
RANLIB='ranlib'
RANLIB_FOR_BUILD='$(RANLIB)'
RANLIB_FOR_TARGET='$$r/$(HOST_SUBDIR)/binutils/ranlib'
RAW_CXX_FOR_TARGET='i686-elf-c++'
READELF='readelf'
READELF_FOR_TARGET='$$r/$(HOST_SUBDIR)/binutils/readelf'
RPATH_ENVVAR='LD_LIBRARY_PATH'
RUNTEST='runtest'
SED='/bin/sed'
SHELL='/bin/bash'
STRIP='strip'
STRIP_FOR_TARGET='$$r/$(HOST_SUBDIR)/binutils/strip-new'
SYSROOT_CFLAGS_FOR_TARGET=''
TOPLEVEL_CONFIGURE_ARGUMENTS='../binutils-2.23/configure --target=i686-elf --prefix=/home/stuartb/Projects/os/cross --disable-nls --disable-werror'
WINDMC='windmc'
WINDMC_FOR_BUILD='$(WINDMC)'
WINDMC_FOR_TARGET='$$r/$(HOST_SUBDIR)/binutils/windmc'
WINDRES='windres'
WINDRES_FOR_BUILD='$(WINDRES)'
WINDRES_FOR_TARGET='$$r/$(HOST_SUBDIR)/binutils/windres'
YACC='/home/stuartb/Projects/os/src/binutils-2.23/missing bison -y'
ac_ct_CC='gcc'
ac_ct_CXX='g++'
bindir='${exec_prefix}/bin'
build='x86_64-unknown-linux-gnu'
build_alias=''
build_configargs=' --cache-file=../config.cache '\''--prefix=/home/stuartb/Projects/os/cross'\'' '\''--disable-nls'\'' '\''--disable-werror'\'' --program-transform-name='\''s&^&i686-elf-&'\'' --disable-option-checking'
build_configdirs=' libiberty'
build_cpu='x86_64'
build_libsubdir='build-x86_64-unknown-linux-gnu'
build_noncanonical='x86_64-unknown-linux-gnu'
build_os='linux-gnu'
build_subdir='build-x86_64-unknown-linux-gnu'
build_tooldir='${exec_prefix}/i686-elf'
build_vendor='unknown'
clooginc=''
clooglibs=''
compare_exclusions='gcc/cc*-checksum$(objext) | gcc/ada/*tools/*'
configdirs=' intl libiberty opcodes bfd binutils gas ld gprof etc'
datadir='${datarootdir}'
datarootdir='${prefix}/share'
do_compare='cmp --ignore-initial=16 $$f1 $$f2'
docdir='${datarootdir}/doc/${PACKAGE}'
dvidir='${docdir}'
exec_prefix='${prefix}'
extra_host_libiberty_configure_flags=''
extra_mpc_gmp_configure_flags=''
extra_mpc_mpfr_configure_flags=''
extra_mpfr_configure_flags=''
gmpinc=''
gmplibs='-lmpc -lmpfr -lgmp'
host='x86_64-unknown-linux-gnu'
host_alias=''
host_configargs=' --cache-file=./config.cache  --with-gnu-as --with-gnu-ld --with-system-zlib '\''--prefix=/home/stuartb/Projects/os/cross'\'' '\''--disable-nls'\'' '\''--disable-werror'\'' --program-transform-name='\''s&^&i686-elf-&'\'' --disable-option-checking'
host_cpu='x86_64'
host_noncanonical='x86_64-unknown-linux-gnu'
host_os='linux-gnu'
host_subdir='.'
host_vendor='unknown'
htmldir='${docdir}'
includedir='${prefix}/include'
infodir='${datarootdir}/info'
libdir='${exec_prefix}/lib'
libexecdir='${exec_prefix}/libexec'
localedir='${datarootdir}/locale'
localstatedir='${prefix}/var'
mandir='${datarootdir}/man'
oldincludedir='/usr/include'
pdfdir='${docdir}'
poststage1_ldflags='-static-libstdc++ -static-libgcc'
poststage1_libs=''
pplinc=''
ppllibs=''
prefix='/home/stuartb/Projects/os/cross'
program_transform_name='s&^&i686-elf-&'
psdir='${docdir}'
sbindir='${exec_prefix}/sbin'
sharedstatedir='${prefix}/com'
stage1_cflags='-g -fkeep-inline-functions'
stage1_checking='--enable-checking=yes,types'
stage1_languages=',c,'
stage1_ldflags=''
stage1_libs=''
stage2_werror_flag=''
sysconfdir='${prefix}/etc'
target='i686-pc-elf'
target_alias='i686-elf'
target_configargs='--cache-file=./config.cache --enable-multilib --with-cross-host=x86_64-unknown-linux-gnu   '\''--prefix=/home/stuartb/Projects/os/cross'\'' '\''--disable-nls'\'' '\''--disable-werror'\'' --program-transform-name='\''s&^&i686-elf-&'\'' --disable-option-checking'
target_configdirs=''
target_cpu='i686'
target_noncanonical='i686-elf'
target_os='elf'
target_subdir='i686-elf'
target_vendor='pc'
tooldir='${exec_prefix}/i686-elf'

## ------------------- ##
## File substitutions. ##
## ------------------- ##

alphaieee_frag='/dev/null'
host_makefile_frag='/dev/null'
ospace_frag='/dev/null'
serialization_dependencies='serdep.tmp'
target_makefile_frag='/dev/null'

## ----------- ##
## confdefs.h. ##
## ----------- ##

/* confdefs.h */
#define PACKAGE_NAME ""
#define PACKAGE_TARNAME ""
#define PACKAGE_VERSION ""
#define PACKAGE_STRING ""
#define PACKAGE_BUGREPORT ""
#define PACKAGE_URL ""
#define LT_OBJDIR ".libs/"

configure: exit 0
