This file contains any messages produced by compilers while
running configure, to aid debugging if configure makes a mistake.

It was created by configure, which was
generated by GNU Autoconf 2.64.  Invocation command line was

  $ /home/stuartb/Projects/os/src/binutils-2.23/ld/configure --cache-file=./config.cache --with-gnu-as --with-gnu-ld --with-system-zlib --prefix=/home/stuartb/Projects/os/cross --disable-nls --disable-werror --program-transform-name=s&^&i686-elf-& --disable-option-checking --build=x86_64-unknown-linux-gnu --host=x86_64-unknown-linux-gnu --target=i686-elf --srcdir=../../binutils-2.23/ld

## --------- ##
## Platform. ##
## --------- ##

hostname = stuartb-MacBookPro2
uname -m = x86_64
uname -r = 3.11.0-12-generic
uname -s = Linux
uname -v = #19-Ubuntu SMP Wed Oct 9 16:20:46 UTC 2013

/usr/bin/uname -p = unknown
/bin/uname -X     = unknown

/bin/arch              = unknown
/usr/bin/arch -k       = unknown
/usr/convex/getsysinfo = unknown
/usr/bin/hostinfo      = unknown
/bin/machine           = unknown
/usr/bin/oslevel       = unknown
/bin/universe          = unknown

PATH: /home/stuartb/Projects/os/cross/bin
PATH: /home/stuartb/bin
PATH: /usr/local/sbin
PATH: /usr/local/bin
PATH: /usr/sbin
PATH: /usr/bin
PATH: /sbin
PATH: /bin
PATH: /usr/games
PATH: /usr/local/games


## ----------- ##
## Core tests. ##
## ----------- ##

configure:2523: creating cache ./config.cache
configure:2628: checking build system type
configure:2642: result: x86_64-unknown-linux-gnu
configure:2662: checking host system type
configure:2675: result: x86_64-unknown-linux-gnu
configure:2695: checking target system type
configure:2708: result: i686-pc-elf
configure:2743: checking for x86_64-unknown-linux-gnu-gcc
configure:2770: result: gcc
configure:3039: checking for C compiler version
configure:3048: gcc --version >&5
gcc (Ubuntu/Linaro 4.8.1-10ubuntu9) 4.8.1
Copyright (C) 2013 Free Software Foundation, Inc.
This is free software; see the source for copying conditions.  There is NO
warranty; not even for MERCHANTABILITY or FITNESS FOR A PARTICULAR PURPOSE.

configure:3059: $? = 0
configure:3048: gcc -v >&5
Using built-in specs.
COLLECT_GCC=gcc
COLLECT_LTO_WRAPPER=/usr/lib/gcc/x86_64-linux-gnu/4.8/lto-wrapper
Target: x86_64-linux-gnu
Configured with: ../src/configure -v --with-pkgversion='Ubuntu/Linaro 4.8.1-10ubuntu9' --with-bugurl=file:///usr/share/doc/gcc-4.8/README.Bugs --enable-languages=c,c++,java,go,d,fortran,objc,obj-c++ --prefix=/usr --program-suffix=-4.8 --enable-shared --enable-linker-build-id --libexecdir=/usr/lib --without-included-gettext --enable-threads=posix --with-gxx-include-dir=/usr/include/c++/4.8 --libdir=/usr/lib --enable-nls --with-sysroot=/ --enable-clocale=gnu --enable-libstdcxx-debug --enable-libstdcxx-time=yes --enable-gnu-unique-object --enable-plugin --with-system-zlib --disable-browser-plugin --enable-java-awt=gtk --enable-gtk-cairo --with-java-home=/usr/lib/jvm/java-1.5.0-gcj-4.8-amd64/jre --enable-java-home --with-jvm-root-dir=/usr/lib/jvm/java-1.5.0-gcj-4.8-amd64 --with-jvm-jar-dir=/usr/lib/jvm-exports/java-1.5.0-gcj-4.8-amd64 --with-arch-directory=amd64 --with-ecj-jar=/usr/share/java/eclipse-ecj.jar --enable-objc-gc --enable-multiarch --disable-werror --with-arch-32=i686 --with-abi=m64 --with-multilib-list=m32,m64,mx32 --with-tune=generic --enable-checking=release --build=x86_64-linux-gnu --host=x86_64-linux-gnu --target=x86_64-linux-gnu
Thread model: posix
gcc version 4.8.1 (Ubuntu/Linaro 4.8.1-10ubuntu9) 
configure:3059: $? = 0
configure:3048: gcc -V >&5
gcc: error: unrecognized command line option '-V'
gcc: fatal error: no input files
compilation terminated.
configure:3059: $? = 4
configure:3048: gcc -qversion >&5
gcc: error: unrecognized command line option '-qversion'
gcc: fatal error: no input files
compilation terminated.
configure:3059: $? = 4
configure:3079: checking for C compiler default output file name
configure:3101: gcc -g -O2    conftest.c  >&5
configure:3105: $? = 0
configure:3142: result: a.out
configure:3158: checking whether the C compiler works
configure:3167: ./a.out
configure:3171: $? = 0
configure:3186: result: yes
configure:3193: checking whether we are cross compiling
configure:3195: result: no
configure:3198: checking for suffix of executables
configure:3205: gcc -o conftest -g -O2    conftest.c  >&5
configure:3209: $? = 0
configure:3231: result: 
configure:3237: checking for suffix of object files
configure:3259: gcc -c -g -O2  conftest.c >&5
configure:3263: $? = 0
configure:3284: result: o
configure:3288: checking whether we are using the GNU C compiler
configure:3307: gcc -c -g -O2  conftest.c >&5
configure:3307: $? = 0
configure:3316: result: yes
configure:3325: checking whether gcc accepts -g
configure:3345: gcc -c -g  conftest.c >&5
configure:3345: $? = 0
configure:3386: result: yes
configure:3403: checking for gcc option to accept ISO C89
configure:3467: gcc  -c -g -O2  conftest.c >&5
configure:3467: $? = 0
configure:3480: result: none needed
configure:3501: checking for library containing strerror
configure:3532: gcc -o conftest -g -O2    conftest.c  >&5
configure:3532: $? = 0
configure:3549: result: none required
configure:3575: checking for a BSD-compatible install
configure:3643: result: /usr/bin/install -c
configure:3654: checking whether build environment is sane
configure:3704: result: yes
configure:3845: checking for a thread-safe mkdir -p
configure:3884: result: /bin/mkdir -p
configure:3897: checking for gawk
configure:3924: result: gawk
configure:3935: checking whether make sets $(MAKE)
configure:3957: result: yes
configure:3987: checking for style of include used by make
configure:4015: result: GNU
configure:4100: checking dependency style of gcc
configure:4210: result: gcc3
configure:4227: checking whether to enable maintainer-specific portions of Makefiles
configure:4236: result: no
configure:4379: checking how to run the C preprocessor
configure:4410: gcc -E  conftest.c
configure:4410: $? = 0
configure:4424: gcc -E  conftest.c
conftest.c:12:28: fatal error: ac_nonexistent.h: No such file or directory
 #include <ac_nonexistent.h>
                            ^
compilation terminated.
configure:4424: $? = 1
configure: failed program was:
| /* confdefs.h */
| #define PACKAGE_NAME ""
| #define PACKAGE_TARNAME ""
| #define PACKAGE_VERSION ""
| #define PACKAGE_STRING ""
| #define PACKAGE_BUGREPORT ""
| #define PACKAGE_URL ""
| #define PACKAGE "ld"
| #define VERSION "2.23"
| #define GOT_HANDLING_DEFAULT GOT_HANDLING_TARGET_DEFAULT
| /* end confdefs.h.  */
| #include <ac_nonexistent.h>
configure:4449: result: gcc -E
configure:4469: gcc -E  conftest.c
configure:4469: $? = 0
configure:4483: gcc -E  conftest.c
conftest.c:12:28: fatal error: ac_nonexistent.h: No such file or directory
 #include <ac_nonexistent.h>
                            ^
compilation terminated.
configure:4483: $? = 1
configure: failed program was:
| /* confdefs.h */
| #define PACKAGE_NAME ""
| #define PACKAGE_TARNAME ""
| #define PACKAGE_VERSION ""
| #define PACKAGE_STRING ""
| #define PACKAGE_BUGREPORT ""
| #define PACKAGE_URL ""
| #define PACKAGE "ld"
| #define VERSION "2.23"
| #define GOT_HANDLING_DEFAULT GOT_HANDLING_TARGET_DEFAULT
| /* end confdefs.h.  */
| #include <ac_nonexistent.h>
configure:4512: checking for grep that handles long lines and -e
configure:4570: result: /bin/grep
configure:4575: checking for egrep
configure:4637: result: /bin/grep -E
configure:4717: checking for LC_MESSAGES
configure:4733: gcc -o conftest -g -O2    conftest.c  >&5
configure:4733: $? = 0
configure:4741: result: yes
configure:4773: checking for x86_64-unknown-linux-gnu-gcc
configure:4800: result: gcc
configure:5069: checking for C compiler version
configure:5078: gcc --version >&5
gcc (Ubuntu/Linaro 4.8.1-10ubuntu9) 4.8.1
Copyright (C) 2013 Free Software Foundation, Inc.
This is free software; see the source for copying conditions.  There is NO
warranty; not even for MERCHANTABILITY or FITNESS FOR A PARTICULAR PURPOSE.

configure:5089: $? = 0
configure:5078: gcc -v >&5
Using built-in specs.
COLLECT_GCC=gcc
COLLECT_LTO_WRAPPER=/usr/lib/gcc/x86_64-linux-gnu/4.8/lto-wrapper
Target: x86_64-linux-gnu
Configured with: ../src/configure -v --with-pkgversion='Ubuntu/Linaro 4.8.1-10ubuntu9' --with-bugurl=file:///usr/share/doc/gcc-4.8/README.Bugs --enable-languages=c,c++,java,go,d,fortran,objc,obj-c++ --prefix=/usr --program-suffix=-4.8 --enable-shared --enable-linker-build-id --libexecdir=/usr/lib --without-included-gettext --enable-threads=posix --with-gxx-include-dir=/usr/include/c++/4.8 --libdir=/usr/lib --enable-nls --with-sysroot=/ --enable-clocale=gnu --enable-libstdcxx-debug --enable-libstdcxx-time=yes --enable-gnu-unique-object --enable-plugin --with-system-zlib --disable-browser-plugin --enable-java-awt=gtk --enable-gtk-cairo --with-java-home=/usr/lib/jvm/java-1.5.0-gcj-4.8-amd64/jre --enable-java-home --with-jvm-root-dir=/usr/lib/jvm/java-1.5.0-gcj-4.8-amd64 --with-jvm-jar-dir=/usr/lib/jvm-exports/java-1.5.0-gcj-4.8-amd64 --with-arch-directory=amd64 --with-ecj-jar=/usr/share/java/eclipse-ecj.jar --enable-objc-gc --enable-multiarch --disable-werror --with-arch-32=i686 --with-abi=m64 --with-multilib-list=m32,m64,mx32 --with-tune=generic --enable-checking=release --build=x86_64-linux-gnu --host=x86_64-linux-gnu --target=x86_64-linux-gnu
Thread model: posix
gcc version 4.8.1 (Ubuntu/Linaro 4.8.1-10ubuntu9) 
configure:5089: $? = 0
configure:5078: gcc -V >&5
gcc: error: unrecognized command line option '-V'
gcc: fatal error: no input files
compilation terminated.
configure:5089: $? = 4
configure:5078: gcc -qversion >&5
gcc: error: unrecognized command line option '-qversion'
gcc: fatal error: no input files
compilation terminated.
configure:5089: $? = 4
configure:5093: checking whether we are using the GNU C compiler
configure:5121: result: yes
configure:5130: checking whether gcc accepts -g
configure:5191: result: yes
configure:5208: checking for gcc option to accept ISO C89
configure:5285: result: none needed
configure:5417: checking for C++ compiler version
configure:5426: g++ --version >&5
g++ (Ubuntu/Linaro 4.8.1-10ubuntu9) 4.8.1
Copyright (C) 2013 Free Software Foundation, Inc.
This is free software; see the source for copying conditions.  There is NO
warranty; not even for MERCHANTABILITY or FITNESS FOR A PARTICULAR PURPOSE.

configure:5437: $? = 0
configure:5426: g++ -v >&5
Using built-in specs.
COLLECT_GCC=g++
COLLECT_LTO_WRAPPER=/usr/lib/gcc/x86_64-linux-gnu/4.8/lto-wrapper
Target: x86_64-linux-gnu
Configured with: ../src/configure -v --with-pkgversion='Ubuntu/Linaro 4.8.1-10ubuntu9' --with-bugurl=file:///usr/share/doc/gcc-4.8/README.Bugs --enable-languages=c,c++,java,go,d,fortran,objc,obj-c++ --prefix=/usr --program-suffix=-4.8 --enable-shared --enable-linker-build-id --libexecdir=/usr/lib --without-included-gettext --enable-threads=posix --with-gxx-include-dir=/usr/include/c++/4.8 --libdir=/usr/lib --enable-nls --with-sysroot=/ --enable-clocale=gnu --enable-libstdcxx-debug --enable-libstdcxx-time=yes --enable-gnu-unique-object --enable-plugin --with-system-zlib --disable-browser-plugin --enable-java-awt=gtk --enable-gtk-cairo --with-java-home=/usr/lib/jvm/java-1.5.0-gcj-4.8-amd64/jre --enable-java-home --with-jvm-root-dir=/usr/lib/jvm/java-1.5.0-gcj-4.8-amd64 --with-jvm-jar-dir=/usr/lib/jvm-exports/java-1.5.0-gcj-4.8-amd64 --with-arch-directory=amd64 --with-ecj-jar=/usr/share/java/eclipse-ecj.jar --enable-objc-gc --enable-multiarch --disable-werror --with-arch-32=i686 --with-abi=m64 --with-multilib-list=m32,m64,mx32 --with-tune=generic --enable-checking=release --build=x86_64-linux-gnu --host=x86_64-linux-gnu --target=x86_64-linux-gnu
Thread model: posix
gcc version 4.8.1 (Ubuntu/Linaro 4.8.1-10ubuntu9) 
configure:5437: $? = 0
configure:5426: g++ -V >&5
g++: error: unrecognized command line option '-V'
g++: fatal error: no input files
compilation terminated.
configure:5437: $? = 4
configure:5426: g++ -qversion >&5
g++: error: unrecognized command line option '-qversion'
g++: fatal error: no input files
compilation terminated.
configure:5437: $? = 4
configure:5441: checking whether we are using the GNU C++ compiler
configure:5460: g++ -c -g -O2  conftest.cpp >&5
configure:5460: $? = 0
configure:5469: result: yes
configure:5478: checking whether g++ accepts -g
configure:5498: g++ -c -g  conftest.cpp >&5
configure:5498: $? = 0
configure:5539: result: yes
configure:5564: checking dependency style of g++
configure:5674: result: gcc3
configure:5689: checking for ANSI C header files
configure:5709: gcc -c -g -O2  conftest.c >&5
configure:5709: $? = 0
configure:5782: gcc -o conftest -g -O2    conftest.c  >&5
configure:5782: $? = 0
configure:5782: ./conftest
configure:5782: $? = 0
configure:5793: result: yes
configure:5806: checking for sys/types.h
configure:5806: gcc -c -g -O2  conftest.c >&5
configure:5806: $? = 0
configure:5806: result: yes
configure:5806: checking for sys/stat.h
configure:5806: gcc -c -g -O2  conftest.c >&5
configure:5806: $? = 0
configure:5806: result: yes
configure:5806: checking for stdlib.h
configure:5806: gcc -c -g -O2  conftest.c >&5
configure:5806: $? = 0
configure:5806: result: yes
configure:5806: checking for string.h
configure:5806: gcc -c -g -O2  conftest.c >&5
configure:5806: $? = 0
configure:5806: result: yes
configure:5806: checking for memory.h
configure:5806: gcc -c -g -O2  conftest.c >&5
configure:5806: $? = 0
configure:5806: result: yes
configure:5806: checking for strings.h
configure:5806: gcc -c -g -O2  conftest.c >&5
configure:5806: $? = 0
configure:5806: result: yes
configure:5806: checking for inttypes.h
configure:5806: gcc -c -g -O2  conftest.c >&5
configure:5806: $? = 0
configure:5806: result: yes
configure:5806: checking for stdint.h
configure:5806: gcc -c -g -O2  conftest.c >&5
configure:5806: $? = 0
configure:5806: result: yes
configure:5806: checking for unistd.h
configure:5806: gcc -c -g -O2  conftest.c >&5
configure:5806: $? = 0
configure:5806: result: yes
configure:5820: checking minix/config.h usability
configure:5820: gcc -c -g -O2  conftest.c >&5
conftest.c:56:26: fatal error: minix/config.h: No such file or directory
 #include <minix/config.h>
                          ^
compilation terminated.
configure:5820: $? = 1
configure: failed program was:
| /* confdefs.h */
| #define PACKAGE_NAME ""
| #define PACKAGE_TARNAME ""
| #define PACKAGE_VERSION ""
| #define PACKAGE_STRING ""
| #define PACKAGE_BUGREPORT ""
| #define PACKAGE_URL ""
| #define PACKAGE "ld"
| #define VERSION "2.23"
| #define GOT_HANDLING_DEFAULT GOT_HANDLING_TARGET_DEFAULT
| #define HAVE_LC_MESSAGES 1
| #define STDC_HEADERS 1
| #define HAVE_SYS_TYPES_H 1
| #define HAVE_SYS_STAT_H 1
| #define HAVE_STDLIB_H 1
| #define HAVE_STRING_H 1
| #define HAVE_MEMORY_H 1
| #define HAVE_STRINGS_H 1
| #define HAVE_INTTYPES_H 1
| #define HAVE_STDINT_H 1
| #define HAVE_UNISTD_H 1
| /* end confdefs.h.  */
| #include <stdio.h>
| #ifdef HAVE_SYS_TYPES_H
| # include <sys/types.h>
| #endif
| #ifdef HAVE_SYS_STAT_H
| # include <sys/stat.h>
| #endif
| #ifdef STDC_HEADERS
| # include <stdlib.h>
| # include <stddef.h>
| #else
| # ifdef HAVE_STDLIB_H
| #  include <stdlib.h>
| # endif
| #endif
| #ifdef HAVE_STRING_H
| # if !defined STDC_HEADERS && defined HAVE_MEMORY_H
| #  include <memory.h>
| # endif
| # include <string.h>
| #endif
| #ifdef HAVE_STRINGS_H
| # include <strings.h>
| #endif
| #ifdef HAVE_INTTYPES_H
| # include <inttypes.h>
| #endif
| #ifdef HAVE_STDINT_H
| # include <stdint.h>
| #endif
| #ifdef HAVE_UNISTD_H
| # include <unistd.h>
| #endif
| #include <minix/config.h>
configure:5820: result: no
configure:5820: checking minix/config.h presence
configure:5820: gcc -E  conftest.c
conftest.c:23:26: fatal error: minix/config.h: No such file or directory
 #include <minix/config.h>
                          ^
compilation terminated.
configure:5820: $? = 1
configure: failed program was:
| /* confdefs.h */
| #define PACKAGE_NAME ""
| #define PACKAGE_TARNAME ""
| #define PACKAGE_VERSION ""
| #define PACKAGE_STRING ""
| #define PACKAGE_BUGREPORT ""
| #define PACKAGE_URL ""
| #define PACKAGE "ld"
| #define VERSION "2.23"
| #define GOT_HANDLING_DEFAULT GOT_HANDLING_TARGET_DEFAULT
| #define HAVE_LC_MESSAGES 1
| #define STDC_HEADERS 1
| #define HAVE_SYS_TYPES_H 1
| #define HAVE_SYS_STAT_H 1
| #define HAVE_STDLIB_H 1
| #define HAVE_STRING_H 1
| #define HAVE_MEMORY_H 1
| #define HAVE_STRINGS_H 1
| #define HAVE_INTTYPES_H 1
| #define HAVE_STDINT_H 1
| #define HAVE_UNISTD_H 1
| /* end confdefs.h.  */
| #include <minix/config.h>
configure:5820: result: no
configure:5820: checking for minix/config.h
configure:5820: result: no
configure:5841: checking whether it is safe to define __EXTENSIONS__
configure:5859: gcc -c -g -O2  conftest.c >&5
configure:5859: $? = 0
configure:5866: result: yes
configure:5925: checking for special C compiler options needed for large files
configure:5970: result: no
configure:5976: checking for _FILE_OFFSET_BITS value needed for large files
configure:6001: gcc -c -g -O2  conftest.c >&5
configure:6001: $? = 0
configure:6033: result: no
configure:6165: checking how to print strings
configure:6192: result: printf
configure:6213: checking for a sed that does not truncate output
configure:6277: result: /bin/sed
configure:6295: checking for fgrep
configure:6357: result: /bin/grep -F
configure:6392: checking for ld used by gcc
configure:6459: result: ld
configure:6466: checking if the linker (ld) is GNU ld
configure:6481: result: yes
configure:6493: checking for BSD- or MS-compatible name lister (nm)
configure:6542: result: nm
configure:6672: checking the name lister (nm) interface
configure:6679: gcc -c -g -O2  conftest.c >&5
configure:6682: nm "conftest.o"
configure:6685: output
0000000000000000 B some_variable
configure:6692: result: BSD nm
configure:6695: checking whether ln -s works
configure:6699: result: yes
configure:6707: checking the maximum length of command line arguments
configure:6832: result: 3458764513820540925
configure:6849: checking whether the shell understands some XSI constructs
configure:6859: result: yes
configure:6863: checking whether the shell understands "+="
configure:6869: result: yes
configure:6904: checking for ld option to reload object files
configure:6911: result: -r
configure:6940: checking for x86_64-unknown-linux-gnu-objdump
configure:6967: result: objdump
configure:7039: checking how to recognize dependent libraries
configure:7240: result: pass_all
configure:7260: checking for x86_64-unknown-linux-gnu-ar
configure:7287: result: ar
configure:7365: checking for x86_64-unknown-linux-gnu-strip
configure:7395: result: no
configure:7405: checking for strip
configure:7421: found /usr/bin/strip
configure:7432: result: strip
configure:7464: checking for x86_64-unknown-linux-gnu-ranlib
configure:7491: result: ranlib
configure:7633: checking command to parse nm output from gcc object
configure:7751: gcc -c -g -O2  conftest.c >&5
configure:7754: $? = 0
configure:7758: nm conftest.o \| sed -n -e 's/^.*[ ]\([ABCDGIRSTW][ABCDGIRSTW]*\)[ ][ ]*\([_A-Za-z][_A-Za-z0-9]*\)$/\1 \2 \2/p' \> conftest.nm
configure:7761: $? = 0
configure:7815: gcc -o conftest -g -O2    conftest.c conftstm.o >&5
configure:7818: $? = 0
configure:7856: result: ok
configure:7951: gcc -c -g -O2  conftest.c >&5
configure:7954: $? = 0
configure:8691: checking for dlfcn.h
configure:8691: gcc -c -g -O2  conftest.c >&5
configure:8691: $? = 0
configure:8691: result: yes
configure:8879: checking for objdir
configure:8894: result: .libs
configure:9165: checking if gcc supports -fno-rtti -fno-exceptions
configure:9183: gcc -c -g -O2  -fno-rtti -fno-exceptions conftest.c >&5
cc1: warning: command line option '-fno-rtti' is valid for C++/ObjC++ but not for C [enabled by default]
configure:9187: $? = 0
configure:9200: result: no
configure:9220: checking for gcc option to produce PIC
configure:9505: result: -fPIC -DPIC
configure:9517: checking if gcc PIC flag -fPIC -DPIC works
configure:9535: gcc -c -g -O2  -fPIC -DPIC -DPIC conftest.c >&5
configure:9539: $? = 0
configure:9552: result: yes
configure:9576: checking if gcc static flag -static works
configure:9604: result: yes
configure:9619: checking if gcc supports -c -o file.o
configure:9640: gcc -c -g -O2  -o out/conftest2.o conftest.c >&5
configure:9644: $? = 0
configure:9666: result: yes
configure:9674: checking if gcc supports -c -o file.o
configure:9721: result: yes
configure:9754: checking whether the gcc linker (ld -m elf_x86_64) supports shared libraries
configure:10825: result: yes
configure:10862: checking whether -lc should be explicitly linked in
configure:10870: gcc -c -g -O2  conftest.c >&5
configure:10873: $? = 0
configure:10888: gcc -shared conftest.o  -v -Wl,-soname -Wl,conftest -o conftest 2\>\&1 \| /bin/grep  -lc  \>/dev/null 2\>\&1
configure:10891: $? = 0
configure:10905: result: no
configure:11070: checking dynamic linker characteristics
configure:11521: gcc -o conftest -g -O2    -Wl,-rpath -Wl,/foo conftest.c  >&5
configure:11521: $? = 0
configure:11743: result: GNU/Linux ld.so
configure:11850: checking how to hardcode library paths into programs
configure:11875: result: immediate
configure:12415: checking whether stripping libraries is possible
configure:12420: result: yes
configure:12455: checking if libtool supports shared libraries
configure:12457: result: yes
configure:12460: checking whether to build shared libraries
configure:12481: result: yes
configure:12484: checking whether to build static libraries
configure:12488: result: yes
configure:12511: checking how to run the C++ preprocessor
configure:12538: g++ -E  conftest.cpp
configure:12538: $? = 0
configure:12552: g++ -E  conftest.cpp
conftest.cpp:30:28: fatal error: ac_nonexistent.h: No such file or directory
 #include <ac_nonexistent.h>
                            ^
compilation terminated.
configure:12552: $? = 1
configure: failed program was:
| /* confdefs.h */
| #define PACKAGE_NAME ""
| #define PACKAGE_TARNAME ""
| #define PACKAGE_VERSION ""
| #define PACKAGE_STRING ""
| #define PACKAGE_BUGREPORT ""
| #define PACKAGE_URL ""
| #define PACKAGE "ld"
| #define VERSION "2.23"
| #define GOT_HANDLING_DEFAULT GOT_HANDLING_TARGET_DEFAULT
| #define HAVE_LC_MESSAGES 1
| #define STDC_HEADERS 1
| #define HAVE_SYS_TYPES_H 1
| #define HAVE_SYS_STAT_H 1
| #define HAVE_STDLIB_H 1
| #define HAVE_STRING_H 1
| #define HAVE_MEMORY_H 1
| #define HAVE_STRINGS_H 1
| #define HAVE_INTTYPES_H 1
| #define HAVE_STDINT_H 1
| #define HAVE_UNISTD_H 1
| #define __EXTENSIONS__ 1
| #define _ALL_SOURCE 1
| #define _GNU_SOURCE 1
| #define _POSIX_PTHREAD_SEMANTICS 1
| #define _TANDEM_SOURCE 1
| #define HAVE_DLFCN_H 1
| #define LT_OBJDIR ".libs/"
| /* end confdefs.h.  */
| #include <ac_nonexistent.h>
configure:12577: result: g++ -E
configure:12597: g++ -E  conftest.cpp
configure:12597: $? = 0
configure:12611: g++ -E  conftest.cpp
conftest.cpp:30:28: fatal error: ac_nonexistent.h: No such file or directory
 #include <ac_nonexistent.h>
                            ^
compilation terminated.
configure:12611: $? = 1
configure: failed program was:
| /* confdefs.h */
| #define PACKAGE_NAME ""
| #define PACKAGE_TARNAME ""
| #define PACKAGE_VERSION ""
| #define PACKAGE_STRING ""
| #define PACKAGE_BUGREPORT ""
| #define PACKAGE_URL ""
| #define PACKAGE "ld"
| #define VERSION "2.23"
| #define GOT_HANDLING_DEFAULT GOT_HANDLING_TARGET_DEFAULT
| #define HAVE_LC_MESSAGES 1
| #define STDC_HEADERS 1
| #define HAVE_SYS_TYPES_H 1
| #define HAVE_SYS_STAT_H 1
| #define HAVE_STDLIB_H 1
| #define HAVE_STRING_H 1
| #define HAVE_MEMORY_H 1
| #define HAVE_STRINGS_H 1
| #define HAVE_INTTYPES_H 1
| #define HAVE_STDINT_H 1
| #define HAVE_UNISTD_H 1
| #define __EXTENSIONS__ 1
| #define _ALL_SOURCE 1
| #define _GNU_SOURCE 1
| #define _POSIX_PTHREAD_SEMANTICS 1
| #define _TANDEM_SOURCE 1
| #define HAVE_DLFCN_H 1
| #define LT_OBJDIR ".libs/"
| /* end confdefs.h.  */
| #include <ac_nonexistent.h>
configure:12779: checking for ld used by g++
configure:12846: result: ld -m elf_x86_64
configure:12853: checking if the linker (ld -m elf_x86_64) is GNU ld
configure:12868: result: yes
configure:12923: checking whether the g++ linker (ld -m elf_x86_64) supports shared libraries
configure:13855: result: yes
configure:13883: g++ -c -g -O2  conftest.cpp >&5
configure:13886: $? = 0
configure:14068: checking for g++ option to produce PIC
configure:14390: result: -fPIC -DPIC
configure:14399: checking if g++ PIC flag -fPIC -DPIC works
configure:14417: g++ -c -g -O2  -fPIC -DPIC -DPIC conftest.cpp >&5
configure:14421: $? = 0
configure:14434: result: yes
configure:14455: checking if g++ static flag -static works
configure:14483: result: yes
configure:14495: checking if g++ supports -c -o file.o
configure:14516: g++ -c -g -O2  -o out/conftest2.o conftest.cpp >&5
configure:14520: $? = 0
configure:14542: result: yes
configure:14547: checking if g++ supports -c -o file.o
configure:14594: result: yes
configure:14624: checking whether the g++ linker (ld -m elf_x86_64) supports shared libraries
configure:14652: result: yes
configure:14795: checking dynamic linker characteristics
configure:15402: result: GNU/Linux ld.so
configure:15455: checking how to hardcode library paths into programs
configure:15480: result: immediate
configure:15553: checking whether NLS is requested
configure:15556: result: no
configure:15624: checking whether NLS is requested
configure:15633: result: no
configure:15671: checking for msgfmt
configure:15702: result: /usr/bin/msgfmt
configure:15711: checking for gmsgfmt
configure:15742: result: /usr/bin/msgfmt
configure:15782: checking for xgettext
configure:15813: result: /usr/bin/xgettext
configure:15853: checking for msgmerge
configure:15883: result: /usr/bin/msgmerge
configure:15925: checking for bison
configure:15952: result: /home/stuartb/Projects/os/src/binutils-2.23/missing bison -y
configure:15968: checking for flex
configure:15995: result: /home/stuartb/Projects/os/src/binutils-2.23/missing flex
configure:16032: /home/stuartb/Projects/os/src/binutils-2.23/missing flex conftest.l
WARNING: `flex' is missing on your system.  You should only need it if
         you modified a `.l' file.  You may need the `Flex' package
         in order for those modifications to take effect.  You can get
         `Flex' from any GNU archive site.
configure:16036: $? = 0
configure:16038: checking lex output file root
configure:16052: result: lex.yy
configure:16057: checking lex library
configure:16071: gcc -o conftest -g -O2    conftest.c   >&5
configure:16071: $? = 0
configure:16081: result: 
configure:16087: checking whether yytext is a pointer
configure:16103: gcc -o conftest -g -O2    conftest.c   >&5
configure:16103: $? = 0
configure:16111: result: yes
configure:16126: checking whether to enable maintainer-specific portions of Makefiles
configure:16135: result: no
configure:16156: checking how to compare bootstrapped objects
configure:16181: result: cmp --ignore-initial=16 $$f1 $$f2
configure:16197: checking for string.h
configure:16197: result: yes
configure:16197: checking for strings.h
configure:16197: result: yes
configure:16197: checking for stdlib.h
configure:16197: result: yes
configure:16197: checking for unistd.h
configure:16197: result: yes
configure:16197: checking elf-hints.h usability
configure:16197: gcc -c -g -O2  conftest.c >&5
conftest.c:68:23: fatal error: elf-hints.h: No such file or directory
 #include <elf-hints.h>
                       ^
compilation terminated.
configure:16197: $? = 1
configure: failed program was:
| /* confdefs.h */
| #define PACKAGE_NAME ""
| #define PACKAGE_TARNAME ""
| #define PACKAGE_VERSION ""
| #define PACKAGE_STRING ""
| #define PACKAGE_BUGREPORT ""
| #define PACKAGE_URL ""
| #define PACKAGE "ld"
| #define VERSION "2.23"
| #define GOT_HANDLING_DEFAULT GOT_HANDLING_TARGET_DEFAULT
| #define HAVE_LC_MESSAGES 1
| #define STDC_HEADERS 1
| #define HAVE_SYS_TYPES_H 1
| #define HAVE_SYS_STAT_H 1
| #define HAVE_STDLIB_H 1
| #define HAVE_STRING_H 1
| #define HAVE_MEMORY_H 1
| #define HAVE_STRINGS_H 1
| #define HAVE_INTTYPES_H 1
| #define HAVE_STDINT_H 1
| #define HAVE_UNISTD_H 1
| #define __EXTENSIONS__ 1
| #define _ALL_SOURCE 1
| #define _GNU_SOURCE 1
| #define _POSIX_PTHREAD_SEMANTICS 1
| #define _TANDEM_SOURCE 1
| #define HAVE_DLFCN_H 1
| #define LT_OBJDIR ".libs/"
| #define YYTEXT_POINTER 1
| #define HAVE_STRING_H 1
| #define HAVE_STRINGS_H 1
| #define HAVE_STDLIB_H 1
| #define HAVE_UNISTD_H 1
| /* end confdefs.h.  */
| #include <stdio.h>
| #ifdef HAVE_SYS_TYPES_H
| # include <sys/types.h>
| #endif
| #ifdef HAVE_SYS_STAT_H
| # include <sys/stat.h>
| #endif
| #ifdef STDC_HEADERS
| # include <stdlib.h>
| # include <stddef.h>
| #else
| # ifdef HAVE_STDLIB_H
| #  include <stdlib.h>
| # endif
| #endif
| #ifdef HAVE_STRING_H
| # if !defined STDC_HEADERS && defined HAVE_MEMORY_H
| #  include <memory.h>
| # endif
| # include <string.h>
| #endif
| #ifdef HAVE_STRINGS_H
| # include <strings.h>
| #endif
| #ifdef HAVE_INTTYPES_H
| # include <inttypes.h>
| #endif
| #ifdef HAVE_STDINT_H
| # include <stdint.h>
| #endif
| #ifdef HAVE_UNISTD_H
| # include <unistd.h>
| #endif
| #include <elf-hints.h>
configure:16197: result: no
configure:16197: checking elf-hints.h presence
configure:16197: gcc -E  conftest.c
conftest.c:35:23: fatal error: elf-hints.h: No such file or directory
 #include <elf-hints.h>
                       ^
compilation terminated.
configure:16197: $? = 1
configure: failed program was:
| /* confdefs.h */
| #define PACKAGE_NAME ""
| #define PACKAGE_TARNAME ""
| #define PACKAGE_VERSION ""
| #define PACKAGE_STRING ""
| #define PACKAGE_BUGREPORT ""
| #define PACKAGE_URL ""
| #define PACKAGE "ld"
| #define VERSION "2.23"
| #define GOT_HANDLING_DEFAULT GOT_HANDLING_TARGET_DEFAULT
| #define HAVE_LC_MESSAGES 1
| #define STDC_HEADERS 1
| #define HAVE_SYS_TYPES_H 1
| #define HAVE_SYS_STAT_H 1
| #define HAVE_STDLIB_H 1
| #define HAVE_STRING_H 1
| #define HAVE_MEMORY_H 1
| #define HAVE_STRINGS_H 1
| #define HAVE_INTTYPES_H 1
| #define HAVE_STDINT_H 1
| #define HAVE_UNISTD_H 1
| #define __EXTENSIONS__ 1
| #define _ALL_SOURCE 1
| #define _GNU_SOURCE 1
| #define _POSIX_PTHREAD_SEMANTICS 1
| #define _TANDEM_SOURCE 1
| #define HAVE_DLFCN_H 1
| #define LT_OBJDIR ".libs/"
| #define YYTEXT_POINTER 1
| #define HAVE_STRING_H 1
| #define HAVE_STRINGS_H 1
| #define HAVE_STDLIB_H 1
| #define HAVE_UNISTD_H 1
| /* end confdefs.h.  */
| #include <elf-hints.h>
configure:16197: result: no
configure:16197: checking for elf-hints.h
configure:16197: result: no
configure:16197: checking limits.h usability
configure:16197: gcc -c -g -O2  conftest.c >&5
configure:16197: $? = 0
configure:16197: result: yes
configure:16197: checking limits.h presence
configure:16197: gcc -E  conftest.c
configure:16197: $? = 0
configure:16197: result: yes
configure:16197: checking for limits.h
configure:16197: result: yes
configure:16197: checking locale.h usability
configure:16197: gcc -c -g -O2  conftest.c >&5
configure:16197: $? = 0
configure:16197: result: yes
configure:16197: checking locale.h presence
configure:16197: gcc -E  conftest.c
configure:16197: $? = 0
configure:16197: result: yes
configure:16197: checking for locale.h
configure:16197: result: yes
configure:16197: checking sys/param.h usability
configure:16197: gcc -c -g -O2  conftest.c >&5
configure:16197: $? = 0
configure:16197: result: yes
configure:16197: checking sys/param.h presence
configure:16197: gcc -E  conftest.c
configure:16197: $? = 0
configure:16197: result: yes
configure:16197: checking for sys/param.h
configure:16197: result: yes
configure:16211: checking fcntl.h usability
configure:16211: gcc -c -g -O2  conftest.c >&5
configure:16211: $? = 0
configure:16211: result: yes
configure:16211: checking fcntl.h presence
configure:16211: gcc -E  conftest.c
configure:16211: $? = 0
configure:16211: result: yes
configure:16211: checking for fcntl.h
configure:16211: result: yes
configure:16211: checking sys/file.h usability
configure:16211: gcc -c -g -O2  conftest.c >&5
configure:16211: $? = 0
configure:16211: result: yes
configure:16211: checking sys/file.h presence
configure:16211: gcc -E  conftest.c
configure:16211: $? = 0
configure:16211: result: yes
configure:16211: checking for sys/file.h
configure:16211: result: yes
configure:16211: checking sys/time.h usability
configure:16211: gcc -c -g -O2  conftest.c >&5
configure:16211: $? = 0
configure:16211: result: yes
configure:16211: checking sys/time.h presence
configure:16211: gcc -E  conftest.c
configure:16211: $? = 0
configure:16211: result: yes
configure:16211: checking for sys/time.h
configure:16211: result: yes
configure:16211: checking for sys/stat.h
configure:16211: result: yes
configure:16222: checking whether string.h and strings.h may both be included
configure:16239: gcc -c -g -O2  conftest.c >&5
configure:16239: $? = 0
configure:16246: result: yes
configure:16257: checking for glob
configure:16257: gcc -o conftest -g -O2    conftest.c  >&5
configure:16257: $? = 0
configure:16257: result: yes
configure:16257: checking for mkstemp
configure:16257: gcc -o conftest -g -O2    conftest.c  >&5
configure:16257: $? = 0
configure:16257: result: yes
configure:16257: checking for realpath
configure:16257: gcc -o conftest -g -O2    conftest.c  >&5
configure:16257: $? = 0
configure:16257: result: yes
configure:16257: checking for sbrk
configure:16257: gcc -o conftest -g -O2    conftest.c  >&5
configure:16257: $? = 0
configure:16257: result: yes
configure:16257: checking for setlocale
configure:16257: gcc -o conftest -g -O2    conftest.c  >&5
configure:16257: $? = 0
configure:16257: result: yes
configure:16257: checking for waitpid
configure:16257: gcc -o conftest -g -O2    conftest.c  >&5
configure:16257: $? = 0
configure:16257: result: yes
configure:16270: checking for open
configure:16270: gcc -o conftest -g -O2    conftest.c  >&5
configure:16270: $? = 0
configure:16270: result: yes
configure:16270: checking for lseek
configure:16270: gcc -o conftest -g -O2    conftest.c  >&5
configure:16270: $? = 0
configure:16270: result: yes
configure:16270: checking for close
configure:16270: gcc -o conftest -g -O2    conftest.c  >&5
configure:16270: $? = 0
configure:16270: result: yes
configure:16283: checking for dirent.h that defines DIR
configure:16302: gcc -c -g -O2  conftest.c >&5
configure:16302: $? = 0
configure:16310: result: yes
configure:16324: checking for library containing opendir
configure:16355: gcc -o conftest -g -O2    conftest.c  >&5
configure:16355: $? = 0
configure:16372: result: none required
configure:16442: checking for dlfcn.h
configure:16442: result: yes
configure:16451: checking for library containing dlopen
configure:16482: gcc -o conftest -g -O2    conftest.c  >&5
/tmp/cc5jSQEj.o: In function `main':
/home/stuartb/Projects/os/src/build-binutils/ld/conftest.c:64: undefined reference to `dlopen'
collect2: error: ld returned 1 exit status
configure:16482: $? = 1
configure: failed program was:
| /* confdefs.h */
| #define PACKAGE_NAME ""
| #define PACKAGE_TARNAME ""
| #define PACKAGE_VERSION ""
| #define PACKAGE_STRING ""
| #define PACKAGE_BUGREPORT ""
| #define PACKAGE_URL ""
| #define PACKAGE "ld"
| #define VERSION "2.23"
| #define GOT_HANDLING_DEFAULT GOT_HANDLING_TARGET_DEFAULT
| #define HAVE_LC_MESSAGES 1
| #define STDC_HEADERS 1
| #define HAVE_SYS_TYPES_H 1
| #define HAVE_SYS_STAT_H 1
| #define HAVE_STDLIB_H 1
| #define HAVE_STRING_H 1
| #define HAVE_MEMORY_H 1
| #define HAVE_STRINGS_H 1
| #define HAVE_INTTYPES_H 1
| #define HAVE_STDINT_H 1
| #define HAVE_UNISTD_H 1
| #define __EXTENSIONS__ 1
| #define _ALL_SOURCE 1
| #define _GNU_SOURCE 1
| #define _POSIX_PTHREAD_SEMANTICS 1
| #define _TANDEM_SOURCE 1
| #define HAVE_DLFCN_H 1
| #define LT_OBJDIR ".libs/"
| #define YYTEXT_POINTER 1
| #define HAVE_STRING_H 1
| #define HAVE_STRINGS_H 1
| #define HAVE_STDLIB_H 1
| #define HAVE_UNISTD_H 1
| #define HAVE_LIMITS_H 1
| #define HAVE_LOCALE_H 1
| #define HAVE_SYS_PARAM_H 1
| #define HAVE_FCNTL_H 1
| #define HAVE_SYS_FILE_H 1
| #define HAVE_SYS_TIME_H 1
| #define HAVE_SYS_STAT_H 1
| #define STRING_WITH_STRINGS 1
| #define HAVE_GLOB 1
| #define HAVE_MKSTEMP 1
| #define HAVE_REALPATH 1
| #define HAVE_SBRK 1
| #define HAVE_SETLOCALE 1
| #define HAVE_WAITPID 1
| #define HAVE_OPEN 1
| #define HAVE_LSEEK 1
| #define HAVE_CLOSE 1
| #define HAVE_DIRENT_H 1
| /* end confdefs.h.  */
| 
| /* Override any GCC internal prototype to avoid an error.
|    Use char because int might match the return type of a GCC
|    builtin and then its argument prototype would still apply.  */
| #ifdef __cplusplus
| extern "C"
| #endif
| char dlopen ();
| int
| main ()
| {
| return dlopen ();
|   ;
|   return 0;
| }
configure:16482: gcc -o conftest -g -O2    conftest.c -ldl   >&5
configure:16482: $? = 0
configure:16499: result: -ldl
configure:16512: checking for dlopen
configure:16512: gcc -o conftest -g -O2    conftest.c -ldl  >&5
configure:16512: $? = 0
configure:16512: result: yes
configure:16512: checking for dlsym
configure:16512: gcc -o conftest -g -O2    conftest.c -ldl  >&5
configure:16512: $? = 0
configure:16512: result: yes
configure:16512: checking for dlclose
configure:16512: gcc -o conftest -g -O2    conftest.c -ldl  >&5
configure:16512: $? = 0
configure:16512: result: yes
configure:16554: checking for .preinit_array/.init_array/.fini_array support
configure:16584: result: no
configure:16597: checking for a known getopt prototype in unistd.h
configure:16613: gcc -c -g -O2  conftest.c >&5
configure:16613: $? = 0
configure:16621: result: yes
configure:16637: checking whether strstr is declared
configure:16637: gcc -c -g -O2  conftest.c >&5
configure:16637: $? = 0
configure:16637: result: yes
configure:16647: checking whether free is declared
configure:16647: gcc -c -g -O2  conftest.c >&5
configure:16647: $? = 0
configure:16647: result: yes
configure:16657: checking whether sbrk is declared
configure:16657: gcc -c -g -O2  conftest.c >&5
configure:16657: $? = 0
configure:16657: result: yes
configure:16667: checking whether getenv is declared
configure:16667: gcc -c -g -O2  conftest.c >&5
configure:16667: $? = 0
configure:16667: result: yes
configure:16677: checking whether environ is declared
configure:16677: gcc -c -g -O2  conftest.c >&5
configure:16677: $? = 0
configure:16677: result: yes
configure:16703: checking for library containing zlibVersion
configure:16734: gcc -o conftest -g -O2    conftest.c -ldl  >&5
/tmp/ccNMUXh3.o: In function `main':
/home/stuartb/Projects/os/src/build-binutils/ld/conftest.c:73: undefined reference to `zlibVersion'
collect2: error: ld returned 1 exit status
configure:16734: $? = 1
configure: failed program was:
| /* confdefs.h */
| #define PACKAGE_NAME ""
| #define PACKAGE_TARNAME ""
| #define PACKAGE_VERSION ""
| #define PACKAGE_STRING ""
| #define PACKAGE_BUGREPORT ""
| #define PACKAGE_URL ""
| #define PACKAGE "ld"
| #define VERSION "2.23"
| #define GOT_HANDLING_DEFAULT GOT_HANDLING_TARGET_DEFAULT
| #define HAVE_LC_MESSAGES 1
| #define STDC_HEADERS 1
| #define HAVE_SYS_TYPES_H 1
| #define HAVE_SYS_STAT_H 1
| #define HAVE_STDLIB_H 1
| #define HAVE_STRING_H 1
| #define HAVE_MEMORY_H 1
| #define HAVE_STRINGS_H 1
| #define HAVE_INTTYPES_H 1
| #define HAVE_STDINT_H 1
| #define HAVE_UNISTD_H 1
| #define __EXTENSIONS__ 1
| #define _ALL_SOURCE 1
| #define _GNU_SOURCE 1
| #define _POSIX_PTHREAD_SEMANTICS 1
| #define _TANDEM_SOURCE 1
| #define HAVE_DLFCN_H 1
| #define LT_OBJDIR ".libs/"
| #define YYTEXT_POINTER 1
| #define HAVE_STRING_H 1
| #define HAVE_STRINGS_H 1
| #define HAVE_STDLIB_H 1
| #define HAVE_UNISTD_H 1
| #define HAVE_LIMITS_H 1
| #define HAVE_LOCALE_H 1
| #define HAVE_SYS_PARAM_H 1
| #define HAVE_FCNTL_H 1
| #define HAVE_SYS_FILE_H 1
| #define HAVE_SYS_TIME_H 1
| #define HAVE_SYS_STAT_H 1
| #define STRING_WITH_STRINGS 1
| #define HAVE_GLOB 1
| #define HAVE_MKSTEMP 1
| #define HAVE_REALPATH 1
| #define HAVE_SBRK 1
| #define HAVE_SETLOCALE 1
| #define HAVE_WAITPID 1
| #define HAVE_OPEN 1
| #define HAVE_LSEEK 1
| #define HAVE_CLOSE 1
| #define HAVE_DIRENT_H 1
| #define HAVE_DLOPEN 1
| #define HAVE_DLSYM 1
| #define HAVE_DLCLOSE 1
| #define HAVE_DECL_GETOPT 1
| #define HAVE_DECL_STRSTR 1
| #define HAVE_DECL_FREE 1
| #define HAVE_DECL_SBRK 1
| #define HAVE_DECL_GETENV 1
| #define HAVE_DECL_ENVIRON 1
| /* end confdefs.h.  */
| 
| /* Override any GCC internal prototype to avoid an error.
|    Use char because int might match the return type of a GCC
|    builtin and then its argument prototype would still apply.  */
| #ifdef __cplusplus
| extern "C"
| #endif
| char zlibVersion ();
| int
| main ()
| {
| return zlibVersion ();
|   ;
|   return 0;
| }
configure:16734: gcc -o conftest -g -O2    conftest.c -lz  -ldl  >&5
configure:16734: $? = 0
configure:16751: result: -lz
configure:16758: checking zlib.h usability
configure:16758: gcc -c -g -O2  conftest.c >&5
configure:16758: $? = 0
configure:16758: result: yes
configure:16758: checking zlib.h presence
configure:16758: gcc -E  conftest.c
configure:16758: $? = 0
configure:16758: result: yes
configure:16758: checking for zlib.h
configure:16758: result: yes
configure:16782: checking whether ANSI C string concatenation works
configure:16798: gcc -c -g -O2  conftest.c >&5
configure:16798: $? = 0
configure:16806: result: yes
configure:16832: checking size of void *
configure:16837: gcc -o conftest -g -O2    conftest.c -lz -ldl  >&5
configure:16837: $? = 0
configure:16837: ./conftest
configure:16837: $? = 0
configure:16852: result: 8
configure:17051: updating cache ./config.cache
configure:17124: creating ./config.status

## ---------------------- ##
## Running config.status. ##
## ---------------------- ##

This file was extended by config.status, which was
generated by GNU Autoconf 2.64.  Invocation command line was

  CONFIG_FILES    = 
  CONFIG_HEADERS  = 
  CONFIG_LINKS    = 
  CONFIG_COMMANDS = 
  $ ./config.status 

on stuartb-MacBookPro2

config.status:1259: creating Makefile
config.status:1259: creating po/Makefile.in
config.status:1259: creating config.h
config.status:1477: executing depfiles commands
config.status:1477: executing libtool commands
config.status:1477: executing default-1 commands

## ---------------- ##
## Cache variables. ##
## ---------------- ##

ac_cv_build=x86_64-unknown-linux-gnu
ac_cv_c_compiler_gnu=yes
ac_cv_cxx_compiler_gnu=yes
ac_cv_env_CCC_set=
ac_cv_env_CCC_value=
ac_cv_env_CC_set=set
ac_cv_env_CC_value=gcc
ac_cv_env_CFLAGS_set=set
ac_cv_env_CFLAGS_value='-g -O2'
ac_cv_env_CPPFLAGS_set=
ac_cv_env_CPPFLAGS_value=
ac_cv_env_CPP_set=
ac_cv_env_CPP_value=
ac_cv_env_CXXCPP_set=
ac_cv_env_CXXCPP_value=
ac_cv_env_CXXFLAGS_set=set
ac_cv_env_CXXFLAGS_value='-g -O2'
ac_cv_env_CXX_set=set
ac_cv_env_CXX_value=g++
ac_cv_env_LDFLAGS_set=set
ac_cv_env_LDFLAGS_value=' '
ac_cv_env_LIBS_set=
ac_cv_env_LIBS_value=
ac_cv_env_YACC_set=set
ac_cv_env_YACC_value='/home/stuartb/Projects/os/src/binutils-2.23/missing bison -y'
ac_cv_env_YFLAGS_set=
ac_cv_env_YFLAGS_value=
ac_cv_env_build_alias_set=set
ac_cv_env_build_alias_value=x86_64-unknown-linux-gnu
ac_cv_env_host_alias_set=set
ac_cv_env_host_alias_value=x86_64-unknown-linux-gnu
ac_cv_env_target_alias_set=set
ac_cv_env_target_alias_value=i686-elf
ac_cv_func_close=yes
ac_cv_func_dlclose=yes
ac_cv_func_dlopen=yes
ac_cv_func_dlsym=yes
ac_cv_func_glob=yes
ac_cv_func_lseek=yes
ac_cv_func_mkstemp=yes
ac_cv_func_open=yes
ac_cv_func_realpath=yes
ac_cv_func_sbrk=yes
ac_cv_func_setlocale=yes
ac_cv_func_waitpid=yes
ac_cv_have_decl_environ=yes
ac_cv_have_decl_free=yes
ac_cv_have_decl_getenv=yes
ac_cv_have_decl_sbrk=yes
ac_cv_have_decl_strstr=yes
ac_cv_header_dirent_dirent_h=yes
ac_cv_header_dlfcn_h=yes
ac_cv_header_elf_hints_h=no
ac_cv_header_fcntl_h=yes
ac_cv_header_inttypes_h=yes
ac_cv_header_limits_h=yes
ac_cv_header_locale_h=yes
ac_cv_header_memory_h=yes
ac_cv_header_minix_config_h=no
ac_cv_header_stdc=yes
ac_cv_header_stdint_h=yes
ac_cv_header_stdlib_h=yes
ac_cv_header_string_h=yes
ac_cv_header_strings_h=yes
ac_cv_header_sys_file_h=yes
ac_cv_header_sys_param_h=yes
ac_cv_header_sys_stat_h=yes
ac_cv_header_sys_time_h=yes
ac_cv_header_sys_types_h=yes
ac_cv_header_unistd_h=yes
ac_cv_header_zlib_h=yes
ac_cv_host=x86_64-unknown-linux-gnu
ac_cv_lib_lex=
ac_cv_objext=o
ac_cv_path_EGREP='/bin/grep -E'
ac_cv_path_FGREP='/bin/grep -F'
ac_cv_path_GMSGFMT=/usr/bin/msgfmt
ac_cv_path_GREP=/bin/grep
ac_cv_path_MSGFMT=/usr/bin/msgfmt
ac_cv_path_MSGMERGE=/usr/bin/msgmerge
ac_cv_path_SED=/bin/sed
ac_cv_path_XGETTEXT=/usr/bin/xgettext
ac_cv_path_mkdir=/bin/mkdir
ac_cv_prog_AR=ar
ac_cv_prog_AWK=gawk
ac_cv_prog_CC=gcc
ac_cv_prog_CPP='gcc -E'
ac_cv_prog_CXXCPP='g++ -E'
ac_cv_prog_LEX='/home/stuartb/Projects/os/src/binutils-2.23/missing flex'
ac_cv_prog_OBJDUMP=objdump
ac_cv_prog_RANLIB=ranlib
ac_cv_prog_YACC='/home/stuartb/Projects/os/src/binutils-2.23/missing bison -y'
ac_cv_prog_ac_ct_STRIP=strip
ac_cv_prog_cc_c89=
ac_cv_prog_cc_g=yes
ac_cv_prog_cxx_g=yes
ac_cv_prog_lex_root=lex.yy
ac_cv_prog_lex_yytext_pointer=yes
ac_cv_prog_make_make_set=yes
ac_cv_safe_to_define___extensions__=yes
ac_cv_search_dlopen=-ldl
ac_cv_search_opendir='none required'
ac_cv_search_strerror='none required'
ac_cv_search_zlibVersion=-lz
ac_cv_sizeof_void_p=8
ac_cv_sys_file_offset_bits=no
ac_cv_sys_largefile_CC=no
ac_cv_target=i686-pc-elf
am_cv_CC_dependencies_compiler_type=gcc3
am_cv_CXX_dependencies_compiler_type=gcc3
am_cv_val_LC_MESSAGES=yes
gcc_cv_header_string=yes
gcc_cv_initfini_array=no
gcc_cv_prog_cmp_skip='cmp --ignore-initial=16 $$f1 $$f2'
ld_cv_decl_getopt_unistd_h=yes
ld_cv_string_concatenation=yes
lt_cv_archive_cmds_need_lc=no
lt_cv_deplibs_check_method=pass_all
lt_cv_file_magic_cmd='$MAGIC_CMD'
lt_cv_file_magic_test_file=
lt_cv_ld_reload_flag=-r
lt_cv_nm_interface='BSD nm'
lt_cv_objdir=.libs
lt_cv_path_LD=ld
lt_cv_path_LDCXX='ld -m elf_x86_64'
lt_cv_path_NM=nm
lt_cv_prog_compiler_c_o=yes
lt_cv_prog_compiler_c_o_CXX=yes
lt_cv_prog_compiler_pic_works=yes
lt_cv_prog_compiler_pic_works_CXX=yes
lt_cv_prog_compiler_rtti_exceptions=no
lt_cv_prog_compiler_static_works=yes
lt_cv_prog_compiler_static_works_CXX=yes
lt_cv_prog_gnu_ld=yes
lt_cv_prog_gnu_ldcxx=yes
lt_cv_shlibpath_overrides_runpath=no
lt_cv_sys_global_symbol_pipe='sed -n -e '\''s/^.*[	 ]\([ABCDGIRSTW][ABCDGIRSTW]*\)[	 ][	 ]*\([_A-Za-z][_A-Za-z0-9]*\)$/\1 \2 \2/p'\'''
lt_cv_sys_global_symbol_to_c_name_address='sed -n -e '\''s/^: \([^ ]*\) $/  {\"\1\", (void *) 0},/p'\'' -e '\''s/^[ABCDGIRSTW]* \([^ ]*\) \([^ ]*\)$/  {"\2", (void *) \&\2},/p'\'''
lt_cv_sys_global_symbol_to_c_name_address_lib_prefix='sed -n -e '\''s/^: \([^ ]*\) $/  {\"\1\", (void *) 0},/p'\'' -e '\''s/^[ABCDGIRSTW]* \([^ ]*\) \(lib[^ ]*\)$/  {"\2", (void *) \&\2},/p'\'' -e '\''s/^[ABCDGIRSTW]* \([^ ]*\) \([^ ]*\)$/  {"lib\2", (void *) \&\2},/p'\'''
lt_cv_sys_global_symbol_to_cdecl='sed -n -e '\''s/^T .* \(.*\)$/extern int \1();/p'\'' -e '\''s/^[ABCDGIRSTW]* .* \(.*\)$/extern char \1;/p'\'''
lt_cv_sys_max_cmd_len=3458764513820540925

## ----------------- ##
## Output variables. ##
## ----------------- ##

ACLOCAL='${SHELL} /home/stuartb/Projects/os/src/binutils-2.23/missing --run aclocal-1.11'
AMDEPBACKSLASH='\'
AMDEP_FALSE='#'
AMDEP_TRUE=''
AMTAR='${SHELL} /home/stuartb/Projects/os/src/binutils-2.23/missing --run tar'
AR='ar'
AUTOCONF='${SHELL} /home/stuartb/Projects/os/src/binutils-2.23/missing --run autoconf'
AUTOHEADER='${SHELL} /home/stuartb/Projects/os/src/binutils-2.23/missing --run autoheader'
AUTOMAKE='${SHELL} /home/stuartb/Projects/os/src/binutils-2.23/missing --run automake-1.11'
AWK='gawk'
CATALOGS=''
CATOBJEXT=''
CC='gcc'
CCDEPMODE='depmode=gcc3'
CFLAGS='-g -O2'
CPP='gcc -E'
CPPFLAGS=''
CXX='g++'
CXXCPP='g++ -E'
CXXDEPMODE='depmode=gcc3'
CXXFLAGS='-g -O2'
CYGPATH_W='echo'
DATADIRNAME=''
DEFS='-DHAVE_CONFIG_H'
DEPDIR='.deps'
DSYMUTIL=''
DUMPBIN=''
ECHO_C=''
ECHO_N='-n'
ECHO_T=''
EGREP='/bin/grep -E'
EMUL='elf_i386'
EMULATION_LIBPATH='elf_i386'
EMULATION_OFILES=' eelf_i386.o'
EMUL_EXTRA_OFILES=''
ENABLE_PLUGINS_FALSE='#'
ENABLE_PLUGINS_TRUE=''
EXEEXT=''
FGREP='/bin/grep -F'
GENCAT=''
GENINSRC_NEVER_FALSE=''
GENINSRC_NEVER_TRUE='#'
GMSGFMT='/usr/bin/msgfmt'
GREP='/bin/grep'
HDEFINES=''
HOSTING_CRT0='-dynamic-linker `${CC} --help --verbose 2>&1 | egrep "ld[^ ]*\.so" | sed -e "s,.*-dynamic-linker[ 	][ 	]*\(.*/ld[^ ]*\.so..\).*,\1,"` `${CC} --print-file-name=crt1.o` `${CC} --print-file-name=crti.o` `if [ -f ../gcc/crtbegin.o ]; then echo ../gcc/crtbegin.o; else ${CC} --print-file-name=crtbegin.o; fi`'
HOSTING_LIBS='-L`dirname \`${CC} --print-file-name=libc.so\`` `if [ -f ../gcc/libgcc.a ]; then libgcc=../gcc/libgcc.a; else libgcc=\`${CC} -print-libgcc-file-name\`; fi; if [ -f ../gcc/libgcc_eh.a ]; then libgcc="$$libgcc ../gcc/libgcc_eh.a"; else libgcc_eh=\`${CC} -print-file-name=libgcc_eh.a\`; if [ x"$$libgcc_eh" != xlibgcc_eh.a ]; then libgcc="$$libgcc $$libgcc_eh"; fi; fi; if [ -f ../gcc/libunwind.a ]; then libgcc="$$libgcc ../gcc/libunwind.a"; else libunwind=\`${CC} -print-file-name=libunwind.a\`; if [ x"$$libunwind" != xlibunwind.a ]; then libgcc="$$libgcc $$libunwind"; fi; fi; echo --start-group $$libgcc -lc --end-group` `if [ -f ../gcc/crtend.o ]; then echo ../gcc/crtend.o; else ${CC} --print-file-name=crtend.o; fi` `${CC} --print-file-name=crtn.o`'
INCINTL=''
INSTALL_DATA='/usr/bin/install -c -m 644'
INSTALL_PROGRAM='/usr/bin/install -c'
INSTALL_SCRIPT='/usr/bin/install -c'
INSTALL_STRIP_PROGRAM='$(install_sh) -c -s'
INSTOBJEXT=''
LD='ld -m elf_x86_64'
LDFLAGS=' '
LEX='/home/stuartb/Projects/os/src/binutils-2.23/missing flex'
LEXLIB=''
LEX_OUTPUT_ROOT='lex.yy'
LIBINTL=''
LIBINTL_DEP=''
LIBOBJS=''
LIBS='-lz -ldl '
LIBTOOL='$(SHELL) $(top_builddir)/libtool'
LIB_PATH=''
LIPO=''
LN_S='ln -s'
LTLIBOBJS=''
MAINT='#'
MAINTAINER_MODE_FALSE=''
MAINTAINER_MODE_TRUE='#'
MAKEINFO='makeinfo --split-size=5000000'
MKDIR_P='/bin/mkdir -p'
MKINSTALLDIRS='$(top_builddir)/../../binutils-2.23/ld/../mkinstalldirs'
MSGFMT='/usr/bin/msgfmt'
MSGMERGE='/usr/bin/msgmerge'
NATIVE_LIB_DIRS='/usr/local/lib /lib /usr/lib'
NM='nm'
NMEDIT=''
NO_WERROR=''
OBJDUMP='objdump'
OBJEXT='o'
OTOOL64=''
OTOOL=''
PACKAGE='ld'
PACKAGE_BUGREPORT=''
PACKAGE_NAME=''
PACKAGE_STRING=''
PACKAGE_TARNAME=''
PACKAGE_URL=''
PACKAGE_VERSION=''
PATH_SEPARATOR=':'
POSUB=''
RANLIB='ranlib'
SED='/bin/sed'
SET_MAKE=''
SHELL='/bin/bash'
STRINGIFY='astring.sed'
STRIP='strip'
TARGET_SYSTEM_ROOT=''
TARGET_SYSTEM_ROOT_DEFINE='-DTARGET_SYSTEM_ROOT=\"\"'
TESTBFDLIB='../bfd/.libs/libbfd.a'
USE_NLS='no'
VERSION='2.23'
WARN_CFLAGS='-W -Wall -Wstrict-prototypes -Wmissing-prototypes -Wshadow'
XGETTEXT='/usr/bin/xgettext'
YACC='/home/stuartb/Projects/os/src/binutils-2.23/missing bison -y'
YFLAGS=''
ac_ct_CC=''
ac_ct_CXX=''
ac_ct_DUMPBIN=''
am__EXEEXT_FALSE=''
am__EXEEXT_TRUE='#'
am__fastdepCC_FALSE='#'
am__fastdepCC_TRUE=''
am__fastdepCXX_FALSE='#'
am__fastdepCXX_TRUE=''
am__include='include'
am__isrc=' -I$(srcdir)'
am__leading_dot='.'
am__quote=''
am__tar='${AMTAR} chof - "$$tardir"'
am__untar='${AMTAR} xf -'
bindir='${exec_prefix}/bin'
build='x86_64-unknown-linux-gnu'
build_alias='x86_64-unknown-linux-gnu'
build_cpu='x86_64'
build_os='linux-gnu'
build_vendor='unknown'
datadir='${datarootdir}'
datarootdir='${prefix}/share'
do_compare='cmp --ignore-initial=16 $$f1 $$f2'
docdir='${datarootdir}/doc/${PACKAGE}'
dvidir='${docdir}'
enable_initfini_array='no'
exec_prefix='${prefix}'
host='x86_64-unknown-linux-gnu'
host_alias='x86_64-unknown-linux-gnu'
host_cpu='x86_64'
host_os='linux-gnu'
host_vendor='unknown'
htmldir='${docdir}'
includedir='${prefix}/include'
infodir='${datarootdir}/info'
install_as_default='yes'
install_sh='${SHELL} /home/stuartb/Projects/os/src/binutils-2.23/install-sh'
installed_linker='ld.bfd'
libdir='${exec_prefix}/lib'
libexecdir='${exec_prefix}/libexec'
localedir='${datarootdir}/locale'
localstatedir='${prefix}/var'
mandir='${datarootdir}/man'
mkdir_p='/bin/mkdir -p'
oldincludedir='/usr/include'
pdfdir='${docdir}'
prefix='/home/stuartb/Projects/os/cross'
program_transform_name='s&^&i686-elf-&'
psdir='${docdir}'
sbindir='${exec_prefix}/sbin'
sharedstatedir='${prefix}/com'
sysconfdir='${prefix}/etc'
target='i686-pc-elf'
target_alias='i686-elf'
target_cpu='i686'
target_os='elf'
target_vendor='pc'
use_sysroot='no'

## ------------------- ##
## File substitutions. ##
## ------------------- ##

TDIRS='tdirs'

## ----------- ##
## confdefs.h. ##
## ----------- ##

/* confdefs.h */
#define PACKAGE_NAME ""
#define PACKAGE_TARNAME ""
#define PACKAGE_VERSION ""
#define PACKAGE_STRING ""
#define PACKAGE_BUGREPORT ""
#define PACKAGE_URL ""
#define PACKAGE "ld"
#define VERSION "2.23"
#define GOT_HANDLING_DEFAULT GOT_HANDLING_TARGET_DEFAULT
#define HAVE_LC_MESSAGES 1
#define STDC_HEADERS 1
#define HAVE_SYS_TYPES_H 1
#define HAVE_SYS_STAT_H 1
#define HAVE_STDLIB_H 1
#define HAVE_STRING_H 1
#define HAVE_MEMORY_H 1
#define HAVE_STRINGS_H 1
#define HAVE_INTTYPES_H 1
#define HAVE_STDINT_H 1
#define HAVE_UNISTD_H 1
#define __EXTENSIONS__ 1
#define _ALL_SOURCE 1
#define _GNU_SOURCE 1
#define _POSIX_PTHREAD_SEMANTICS 1
#define _TANDEM_SOURCE 1
#define HAVE_DLFCN_H 1
#define LT_OBJDIR ".libs/"
#define YYTEXT_POINTER 1
#define HAVE_STRING_H 1
#define HAVE_STRINGS_H 1
#define HAVE_STDLIB_H 1
#define HAVE_UNISTD_H 1
#define HAVE_LIMITS_H 1
#define HAVE_LOCALE_H 1
#define HAVE_SYS_PARAM_H 1
#define HAVE_FCNTL_H 1
#define HAVE_SYS_FILE_H 1
#define HAVE_SYS_TIME_H 1
#define HAVE_SYS_STAT_H 1
#define STRING_WITH_STRINGS 1
#define HAVE_GLOB 1
#define HAVE_MKSTEMP 1
#define HAVE_REALPATH 1
#define HAVE_SBRK 1
#define HAVE_SETLOCALE 1
#define HAVE_WAITPID 1
#define HAVE_OPEN 1
#define HAVE_LSEEK 1
#define HAVE_CLOSE 1
#define HAVE_DIRENT_H 1
#define HAVE_DLOPEN 1
#define HAVE_DLSYM 1
#define HAVE_DLCLOSE 1
#define HAVE_DECL_GETOPT 1
#define HAVE_DECL_STRSTR 1
#define HAVE_DECL_FREE 1
#define HAVE_DECL_SBRK 1
#define HAVE_DECL_GETENV 1
#define HAVE_DECL_ENVIRON 1
#define HAVE_ZLIB_H 1
#define SIZEOF_VOID_P 8

configure: exit 0
