This file contains any messages produced by compilers while
running configure, to aid debugging if configure makes a mistake.

It was created by configure, which was
generated by GNU Autoconf 2.64.  Invocation command line was

  $ /home/stuartb/Projects/os/src/binutils-2.23/gas/configure --cache-file=./config.cache --with-gnu-as --with-gnu-ld --with-system-zlib --prefix=/home/stuartb/Projects/os/cross --disable-nls --disable-werror --program-transform-name=s&^&i686-elf-& --disable-option-checking --build=x86_64-unknown-linux-gnu --host=x86_64-unknown-linux-gnu --target=i686-elf --srcdir=../../binutils-2.23/gas

## --------- ##
## Platform. ##
## --------- ##

hostname = stuartb-MacBookPro2
uname -m = x86_64
uname -r = 3.11.0-12-generic
uname -s = Linux
uname -v = #19-Ubuntu SMP Wed Oct 9 16:20:46 UTC 2013

/usr/bin/uname -p = unknown
/bin/uname -X     = unknown

/bin/arch              = unknown
/usr/bin/arch -k       = unknown
/usr/convex/getsysinfo = unknown
/usr/bin/hostinfo      = unknown
/bin/machine           = unknown
/usr/bin/oslevel       = unknown
/bin/universe          = unknown

PATH: /home/stuartb/Projects/os/cross/bin
PATH: /home/stuartb/bin
PATH: /usr/local/sbin
PATH: /usr/local/bin
PATH: /usr/sbin
PATH: /usr/bin
PATH: /sbin
PATH: /bin
PATH: /usr/games
PATH: /usr/local/games


## ----------- ##
## Core tests. ##
## ----------- ##

configure:2190: creating cache ./config.cache
configure:2295: checking build system type
configure:2309: result: x86_64-unknown-linux-gnu
configure:2329: checking host system type
configure:2342: result: x86_64-unknown-linux-gnu
configure:2362: checking target system type
configure:2375: result: i686-pc-elf
configure:2409: checking for x86_64-unknown-linux-gnu-gcc
configure:2436: result: gcc
configure:2705: checking for C compiler version
configure:2714: gcc --version >&5
gcc (Ubuntu/Linaro 4.8.1-10ubuntu9) 4.8.1
Copyright (C) 2013 Free Software Foundation, Inc.
This is free software; see the source for copying conditions.  There is NO
warranty; not even for MERCHANTABILITY or FITNESS FOR A PARTICULAR PURPOSE.

configure:2725: $? = 0
configure:2714: gcc -v >&5
Using built-in specs.
COLLECT_GCC=gcc
COLLECT_LTO_WRAPPER=/usr/lib/gcc/x86_64-linux-gnu/4.8/lto-wrapper
Target: x86_64-linux-gnu
Configured with: ../src/configure -v --with-pkgversion='Ubuntu/Linaro 4.8.1-10ubuntu9' --with-bugurl=file:///usr/share/doc/gcc-4.8/README.Bugs --enable-languages=c,c++,java,go,d,fortran,objc,obj-c++ --prefix=/usr --program-suffix=-4.8 --enable-shared --enable-linker-build-id --libexecdir=/usr/lib --without-included-gettext --enable-threads=posix --with-gxx-include-dir=/usr/include/c++/4.8 --libdir=/usr/lib --enable-nls --with-sysroot=/ --enable-clocale=gnu --enable-libstdcxx-debug --enable-libstdcxx-time=yes --enable-gnu-unique-object --enable-plugin --with-system-zlib --disable-browser-plugin --enable-java-awt=gtk --enable-gtk-cairo --with-java-home=/usr/lib/jvm/java-1.5.0-gcj-4.8-amd64/jre --enable-java-home --with-jvm-root-dir=/usr/lib/jvm/java-1.5.0-gcj-4.8-amd64 --with-jvm-jar-dir=/usr/lib/jvm-exports/java-1.5.0-gcj-4.8-amd64 --with-arch-directory=amd64 --with-ecj-jar=/usr/share/java/eclipse-ecj.jar --enable-objc-gc --enable-multiarch --disable-werror --with-arch-32=i686 --with-abi=m64 --with-multilib-list=m32,m64,mx32 --with-tune=generic --enable-checking=release --build=x86_64-linux-gnu --host=x86_64-linux-gnu --target=x86_64-linux-gnu
Thread model: posix
gcc version 4.8.1 (Ubuntu/Linaro 4.8.1-10ubuntu9) 
configure:2725: $? = 0
configure:2714: gcc -V >&5
gcc: error: unrecognized command line option '-V'
gcc: fatal error: no input files
compilation terminated.
configure:2725: $? = 4
configure:2714: gcc -qversion >&5
gcc: error: unrecognized command line option '-qversion'
gcc: fatal error: no input files
compilation terminated.
configure:2725: $? = 4
configure:2745: checking for C compiler default output file name
configure:2767: gcc -g -O2    conftest.c  >&5
configure:2771: $? = 0
configure:2808: result: a.out
configure:2824: checking whether the C compiler works
configure:2833: ./a.out
configure:2837: $? = 0
configure:2852: result: yes
configure:2859: checking whether we are cross compiling
configure:2861: result: no
configure:2864: checking for suffix of executables
configure:2871: gcc -o conftest -g -O2    conftest.c  >&5
configure:2875: $? = 0
configure:2897: result: 
configure:2903: checking for suffix of object files
configure:2925: gcc -c -g -O2  conftest.c >&5
configure:2929: $? = 0
configure:2950: result: o
configure:2954: checking whether we are using the GNU C compiler
configure:2973: gcc -c -g -O2  conftest.c >&5
configure:2973: $? = 0
configure:2982: result: yes
configure:2991: checking whether gcc accepts -g
configure:3011: gcc -c -g  conftest.c >&5
configure:3011: $? = 0
configure:3052: result: yes
configure:3069: checking for gcc option to accept ISO C89
configure:3133: gcc  -c -g -O2  conftest.c >&5
configure:3133: $? = 0
configure:3146: result: none needed
configure:3167: checking for library containing strerror
configure:3198: gcc -o conftest -g -O2    conftest.c  >&5
configure:3198: $? = 0
configure:3215: result: none required
configure:3241: checking for a BSD-compatible install
configure:3309: result: /usr/bin/install -c
configure:3320: checking whether build environment is sane
configure:3370: result: yes
configure:3511: checking for a thread-safe mkdir -p
configure:3550: result: /bin/mkdir -p
configure:3563: checking for gawk
configure:3590: result: gawk
configure:3601: checking whether make sets $(MAKE)
configure:3623: result: yes
configure:3653: checking for style of include used by make
configure:3681: result: GNU
configure:3766: checking dependency style of gcc
configure:3876: result: gcc3
configure:3901: checking for x86_64-unknown-linux-gnu-gcc
configure:3928: result: gcc
configure:4197: checking for C compiler version
configure:4206: gcc --version >&5
gcc (Ubuntu/Linaro 4.8.1-10ubuntu9) 4.8.1
Copyright (C) 2013 Free Software Foundation, Inc.
This is free software; see the source for copying conditions.  There is NO
warranty; not even for MERCHANTABILITY or FITNESS FOR A PARTICULAR PURPOSE.

configure:4217: $? = 0
configure:4206: gcc -v >&5
Using built-in specs.
COLLECT_GCC=gcc
COLLECT_LTO_WRAPPER=/usr/lib/gcc/x86_64-linux-gnu/4.8/lto-wrapper
Target: x86_64-linux-gnu
Configured with: ../src/configure -v --with-pkgversion='Ubuntu/Linaro 4.8.1-10ubuntu9' --with-bugurl=file:///usr/share/doc/gcc-4.8/README.Bugs --enable-languages=c,c++,java,go,d,fortran,objc,obj-c++ --prefix=/usr --program-suffix=-4.8 --enable-shared --enable-linker-build-id --libexecdir=/usr/lib --without-included-gettext --enable-threads=posix --with-gxx-include-dir=/usr/include/c++/4.8 --libdir=/usr/lib --enable-nls --with-sysroot=/ --enable-clocale=gnu --enable-libstdcxx-debug --enable-libstdcxx-time=yes --enable-gnu-unique-object --enable-plugin --with-system-zlib --disable-browser-plugin --enable-java-awt=gtk --enable-gtk-cairo --with-java-home=/usr/lib/jvm/java-1.5.0-gcj-4.8-amd64/jre --enable-java-home --with-jvm-root-dir=/usr/lib/jvm/java-1.5.0-gcj-4.8-amd64 --with-jvm-jar-dir=/usr/lib/jvm-exports/java-1.5.0-gcj-4.8-amd64 --with-arch-directory=amd64 --with-ecj-jar=/usr/share/java/eclipse-ecj.jar --enable-objc-gc --enable-multiarch --disable-werror --with-arch-32=i686 --with-abi=m64 --with-multilib-list=m32,m64,mx32 --with-tune=generic --enable-checking=release --build=x86_64-linux-gnu --host=x86_64-linux-gnu --target=x86_64-linux-gnu
Thread model: posix
gcc version 4.8.1 (Ubuntu/Linaro 4.8.1-10ubuntu9) 
configure:4217: $? = 0
configure:4206: gcc -V >&5
gcc: error: unrecognized command line option '-V'
gcc: fatal error: no input files
compilation terminated.
configure:4217: $? = 4
configure:4206: gcc -qversion >&5
gcc: error: unrecognized command line option '-qversion'
gcc: fatal error: no input files
compilation terminated.
configure:4217: $? = 4
configure:4221: checking whether we are using the GNU C compiler
configure:4249: result: yes
configure:4258: checking whether gcc accepts -g
configure:4319: result: yes
configure:4336: checking for gcc option to accept ISO C89
configure:4413: result: none needed
configure:4438: checking how to run the C preprocessor
configure:4469: gcc -E  conftest.c
configure:4469: $? = 0
configure:4483: gcc -E  conftest.c
conftest.c:11:28: fatal error: ac_nonexistent.h: No such file or directory
 #include <ac_nonexistent.h>
                            ^
compilation terminated.
configure:4483: $? = 1
configure: failed program was:
| /* confdefs.h */
| #define PACKAGE_NAME ""
| #define PACKAGE_TARNAME ""
| #define PACKAGE_VERSION ""
| #define PACKAGE_STRING ""
| #define PACKAGE_BUGREPORT ""
| #define PACKAGE_URL ""
| #define PACKAGE "gas"
| #define VERSION "2.23"
| /* end confdefs.h.  */
| #include <ac_nonexistent.h>
configure:4508: result: gcc -E
configure:4528: gcc -E  conftest.c
configure:4528: $? = 0
configure:4542: gcc -E  conftest.c
conftest.c:11:28: fatal error: ac_nonexistent.h: No such file or directory
 #include <ac_nonexistent.h>
                            ^
compilation terminated.
configure:4542: $? = 1
configure: failed program was:
| /* confdefs.h */
| #define PACKAGE_NAME ""
| #define PACKAGE_TARNAME ""
| #define PACKAGE_VERSION ""
| #define PACKAGE_STRING ""
| #define PACKAGE_BUGREPORT ""
| #define PACKAGE_URL ""
| #define PACKAGE "gas"
| #define VERSION "2.23"
| /* end confdefs.h.  */
| #include <ac_nonexistent.h>
configure:4571: checking for grep that handles long lines and -e
configure:4629: result: /bin/grep
configure:4634: checking for egrep
configure:4696: result: /bin/grep -E
configure:4701: checking for ANSI C header files
configure:4721: gcc -c -g -O2  conftest.c >&5
configure:4721: $? = 0
configure:4794: gcc -o conftest -g -O2    conftest.c  >&5
configure:4794: $? = 0
configure:4794: ./conftest
configure:4794: $? = 0
configure:4805: result: yes
configure:4818: checking for sys/types.h
configure:4818: gcc -c -g -O2  conftest.c >&5
configure:4818: $? = 0
configure:4818: result: yes
configure:4818: checking for sys/stat.h
configure:4818: gcc -c -g -O2  conftest.c >&5
configure:4818: $? = 0
configure:4818: result: yes
configure:4818: checking for stdlib.h
configure:4818: gcc -c -g -O2  conftest.c >&5
configure:4818: $? = 0
configure:4818: result: yes
configure:4818: checking for string.h
configure:4818: gcc -c -g -O2  conftest.c >&5
configure:4818: $? = 0
configure:4818: result: yes
configure:4818: checking for memory.h
configure:4818: gcc -c -g -O2  conftest.c >&5
configure:4818: $? = 0
configure:4818: result: yes
configure:4818: checking for strings.h
configure:4818: gcc -c -g -O2  conftest.c >&5
configure:4818: $? = 0
configure:4818: result: yes
configure:4818: checking for inttypes.h
configure:4818: gcc -c -g -O2  conftest.c >&5
configure:4818: $? = 0
configure:4818: result: yes
configure:4818: checking for stdint.h
configure:4818: gcc -c -g -O2  conftest.c >&5
configure:4818: $? = 0
configure:4818: result: yes
configure:4818: checking for unistd.h
configure:4818: gcc -c -g -O2  conftest.c >&5
configure:4818: $? = 0
configure:4818: result: yes
configure:4832: checking minix/config.h usability
configure:4832: gcc -c -g -O2  conftest.c >&5
conftest.c:54:26: fatal error: minix/config.h: No such file or directory
 #include <minix/config.h>
                          ^
compilation terminated.
configure:4832: $? = 1
configure: failed program was:
| /* confdefs.h */
| #define PACKAGE_NAME ""
| #define PACKAGE_TARNAME ""
| #define PACKAGE_VERSION ""
| #define PACKAGE_STRING ""
| #define PACKAGE_BUGREPORT ""
| #define PACKAGE_URL ""
| #define PACKAGE "gas"
| #define VERSION "2.23"
| #define STDC_HEADERS 1
| #define HAVE_SYS_TYPES_H 1
| #define HAVE_SYS_STAT_H 1
| #define HAVE_STDLIB_H 1
| #define HAVE_STRING_H 1
| #define HAVE_MEMORY_H 1
| #define HAVE_STRINGS_H 1
| #define HAVE_INTTYPES_H 1
| #define HAVE_STDINT_H 1
| #define HAVE_UNISTD_H 1
| /* end confdefs.h.  */
| #include <stdio.h>
| #ifdef HAVE_SYS_TYPES_H
| # include <sys/types.h>
| #endif
| #ifdef HAVE_SYS_STAT_H
| # include <sys/stat.h>
| #endif
| #ifdef STDC_HEADERS
| # include <stdlib.h>
| # include <stddef.h>
| #else
| # ifdef HAVE_STDLIB_H
| #  include <stdlib.h>
| # endif
| #endif
| #ifdef HAVE_STRING_H
| # if !defined STDC_HEADERS && defined HAVE_MEMORY_H
| #  include <memory.h>
| # endif
| # include <string.h>
| #endif
| #ifdef HAVE_STRINGS_H
| # include <strings.h>
| #endif
| #ifdef HAVE_INTTYPES_H
| # include <inttypes.h>
| #endif
| #ifdef HAVE_STDINT_H
| # include <stdint.h>
| #endif
| #ifdef HAVE_UNISTD_H
| # include <unistd.h>
| #endif
| #include <minix/config.h>
configure:4832: result: no
configure:4832: checking minix/config.h presence
configure:4832: gcc -E  conftest.c
conftest.c:21:26: fatal error: minix/config.h: No such file or directory
 #include <minix/config.h>
                          ^
compilation terminated.
configure:4832: $? = 1
configure: failed program was:
| /* confdefs.h */
| #define PACKAGE_NAME ""
| #define PACKAGE_TARNAME ""
| #define PACKAGE_VERSION ""
| #define PACKAGE_STRING ""
| #define PACKAGE_BUGREPORT ""
| #define PACKAGE_URL ""
| #define PACKAGE "gas"
| #define VERSION "2.23"
| #define STDC_HEADERS 1
| #define HAVE_SYS_TYPES_H 1
| #define HAVE_SYS_STAT_H 1
| #define HAVE_STDLIB_H 1
| #define HAVE_STRING_H 1
| #define HAVE_MEMORY_H 1
| #define HAVE_STRINGS_H 1
| #define HAVE_INTTYPES_H 1
| #define HAVE_STDINT_H 1
| #define HAVE_UNISTD_H 1
| /* end confdefs.h.  */
| #include <minix/config.h>
configure:4832: result: no
configure:4832: checking for minix/config.h
configure:4832: result: no
configure:4853: checking whether it is safe to define __EXTENSIONS__
configure:4871: gcc -c -g -O2  conftest.c >&5
configure:4871: $? = 0
configure:4878: result: yes
configure:4937: checking for special C compiler options needed for large files
configure:4982: result: no
configure:4988: checking for _FILE_OFFSET_BITS value needed for large files
configure:5013: gcc -c -g -O2  conftest.c >&5
configure:5013: $? = 0
configure:5045: result: no
configure:5176: checking how to print strings
configure:5203: result: printf
configure:5224: checking for a sed that does not truncate output
configure:5288: result: /bin/sed
configure:5306: checking for fgrep
configure:5368: result: /bin/grep -F
configure:5403: checking for ld used by gcc
configure:5470: result: ld
configure:5477: checking if the linker (ld) is GNU ld
configure:5492: result: yes
configure:5504: checking for BSD- or MS-compatible name lister (nm)
configure:5553: result: nm
configure:5683: checking the name lister (nm) interface
configure:5690: gcc -c -g -O2  conftest.c >&5
configure:5693: nm "conftest.o"
configure:5696: output
0000000000000000 B some_variable
configure:5703: result: BSD nm
configure:5706: checking whether ln -s works
configure:5710: result: yes
configure:5718: checking the maximum length of command line arguments
configure:5843: result: 3458764513820540925
configure:5860: checking whether the shell understands some XSI constructs
configure:5870: result: yes
configure:5874: checking whether the shell understands "+="
configure:5880: result: yes
configure:5915: checking for ld option to reload object files
configure:5922: result: -r
configure:5951: checking for x86_64-unknown-linux-gnu-objdump
configure:5978: result: objdump
configure:6050: checking how to recognize dependent libraries
configure:6251: result: pass_all
configure:6271: checking for x86_64-unknown-linux-gnu-ar
configure:6298: result: ar
configure:6376: checking for x86_64-unknown-linux-gnu-strip
configure:6406: result: no
configure:6416: checking for strip
configure:6432: found /usr/bin/strip
configure:6443: result: strip
configure:6475: checking for x86_64-unknown-linux-gnu-ranlib
configure:6502: result: ranlib
configure:6644: checking command to parse nm output from gcc object
configure:6762: gcc -c -g -O2  conftest.c >&5
configure:6765: $? = 0
configure:6769: nm conftest.o \| sed -n -e 's/^.*[ ]\([ABCDGIRSTW][ABCDGIRSTW]*\)[ ][ ]*\([_A-Za-z][_A-Za-z0-9]*\)$/\1 \2 \2/p' \> conftest.nm
configure:6772: $? = 0
configure:6826: gcc -o conftest -g -O2    conftest.c conftstm.o >&5
configure:6829: $? = 0
configure:6867: result: ok
configure:6962: gcc -c -g -O2  conftest.c >&5
configure:6965: $? = 0
configure:7702: checking for dlfcn.h
configure:7702: gcc -c -g -O2  conftest.c >&5
configure:7702: $? = 0
configure:7702: result: yes
configure:7889: checking for objdir
configure:7904: result: .libs
configure:8175: checking if gcc supports -fno-rtti -fno-exceptions
configure:8193: gcc -c -g -O2  -fno-rtti -fno-exceptions conftest.c >&5
cc1: warning: command line option '-fno-rtti' is valid for C++/ObjC++ but not for C [enabled by default]
configure:8197: $? = 0
configure:8210: result: no
configure:8230: checking for gcc option to produce PIC
configure:8515: result: -fPIC -DPIC
configure:8527: checking if gcc PIC flag -fPIC -DPIC works
configure:8545: gcc -c -g -O2  -fPIC -DPIC -DPIC conftest.c >&5
configure:8549: $? = 0
configure:8562: result: yes
configure:8586: checking if gcc static flag -static works
configure:8614: result: yes
configure:8629: checking if gcc supports -c -o file.o
configure:8650: gcc -c -g -O2  -o out/conftest2.o conftest.c >&5
configure:8654: $? = 0
configure:8676: result: yes
configure:8684: checking if gcc supports -c -o file.o
configure:8731: result: yes
configure:8764: checking whether the gcc linker (ld -m elf_x86_64) supports shared libraries
configure:9835: result: yes
configure:9872: checking whether -lc should be explicitly linked in
configure:9880: gcc -c -g -O2  conftest.c >&5
configure:9883: $? = 0
configure:9898: gcc -shared conftest.o  -v -Wl,-soname -Wl,conftest -o conftest 2\>\&1 \| /bin/grep  -lc  \>/dev/null 2\>\&1
configure:9901: $? = 0
configure:9915: result: no
configure:10080: checking dynamic linker characteristics
configure:10531: gcc -o conftest -g -O2    -Wl,-rpath -Wl,/foo conftest.c  >&5
configure:10531: $? = 0
configure:10753: result: GNU/Linux ld.so
configure:10860: checking how to hardcode library paths into programs
configure:10885: result: immediate
configure:11425: checking whether stripping libraries is possible
configure:11430: result: yes
configure:11465: checking if libtool supports shared libraries
configure:11467: result: yes
configure:11470: checking whether to build shared libraries
configure:11491: result: yes
configure:11494: checking whether to build static libraries
configure:11498: result: yes
configure:11661: checking whether byte ordering is bigendian
configure:11676: gcc -c -g -O2  conftest.c >&5
conftest.c:29:9: error: unknown type name 'not'
         not a universal capable compiler
         ^
conftest.c:29:15: error: expected '=', ',', ';', 'asm' or '__attribute__' before 'universal'
         not a universal capable compiler
               ^
conftest.c:29:15: error: unknown type name 'universal'
configure:11676: $? = 1
configure: failed program was:
| /* confdefs.h */
| #define PACKAGE_NAME ""
| #define PACKAGE_TARNAME ""
| #define PACKAGE_VERSION ""
| #define PACKAGE_STRING ""
| #define PACKAGE_BUGREPORT ""
| #define PACKAGE_URL ""
| #define PACKAGE "gas"
| #define VERSION "2.23"
| #define STDC_HEADERS 1
| #define HAVE_SYS_TYPES_H 1
| #define HAVE_SYS_STAT_H 1
| #define HAVE_STDLIB_H 1
| #define HAVE_STRING_H 1
| #define HAVE_MEMORY_H 1
| #define HAVE_STRINGS_H 1
| #define HAVE_INTTYPES_H 1
| #define HAVE_STDINT_H 1
| #define HAVE_UNISTD_H 1
| #define __EXTENSIONS__ 1
| #define _ALL_SOURCE 1
| #define _GNU_SOURCE 1
| #define _POSIX_PTHREAD_SEMANTICS 1
| #define _TANDEM_SOURCE 1
| #define HAVE_DLFCN_H 1
| #define LT_OBJDIR ".libs/"
| /* end confdefs.h.  */
| #ifndef __APPLE_CC__
| 	       not a universal capable compiler
| 	     #endif
| 	     typedef int dummy;
| 
configure:11721: gcc -c -g -O2  conftest.c >&5
configure:11721: $? = 0
configure:11739: gcc -c -g -O2  conftest.c >&5
conftest.c: In function 'main':
conftest.c:35:4: error: unknown type name 'not'
    not big endian
    ^
conftest.c:35:12: error: expected '=', ',', ';', 'asm' or '__attribute__' before 'endian'
    not big endian
            ^
configure:11739: $? = 1
configure: failed program was:
| /* confdefs.h */
| #define PACKAGE_NAME ""
| #define PACKAGE_TARNAME ""
| #define PACKAGE_VERSION ""
| #define PACKAGE_STRING ""
| #define PACKAGE_BUGREPORT ""
| #define PACKAGE_URL ""
| #define PACKAGE "gas"
| #define VERSION "2.23"
| #define STDC_HEADERS 1
| #define HAVE_SYS_TYPES_H 1
| #define HAVE_SYS_STAT_H 1
| #define HAVE_STDLIB_H 1
| #define HAVE_STRING_H 1
| #define HAVE_MEMORY_H 1
| #define HAVE_STRINGS_H 1
| #define HAVE_INTTYPES_H 1
| #define HAVE_STDINT_H 1
| #define HAVE_UNISTD_H 1
| #define __EXTENSIONS__ 1
| #define _ALL_SOURCE 1
| #define _GNU_SOURCE 1
| #define _POSIX_PTHREAD_SEMANTICS 1
| #define _TANDEM_SOURCE 1
| #define HAVE_DLFCN_H 1
| #define LT_OBJDIR ".libs/"
| /* end confdefs.h.  */
| #include <sys/types.h>
| 		#include <sys/param.h>
| 
| int
| main ()
| {
| #if BYTE_ORDER != BIG_ENDIAN
| 		 not big endian
| 		#endif
| 
|   ;
|   return 0;
| }
configure:11867: result: no
configure:12559: checking for bison
configure:12586: result: /home/stuartb/Projects/os/src/binutils-2.23/missing bison -y
configure:12602: checking for flex
configure:12629: result: /home/stuartb/Projects/os/src/binutils-2.23/missing flex
configure:12666: /home/stuartb/Projects/os/src/binutils-2.23/missing flex conftest.l
WARNING: `flex' is missing on your system.  You should only need it if
         you modified a `.l' file.  You may need the `Flex' package
         in order for those modifications to take effect.  You can get
         `Flex' from any GNU archive site.
configure:12670: $? = 0
configure:12672: checking lex output file root
configure:12686: result: lex.yy
configure:12691: checking lex library
configure:12705: gcc -o conftest -g -O2    conftest.c   >&5
configure:12705: $? = 0
configure:12715: result: 
configure:12721: checking whether yytext is a pointer
configure:12737: gcc -o conftest -g -O2    conftest.c   >&5
configure:12737: $? = 0
configure:12745: result: yes
configure:12773: checking whether NLS is requested
configure:12776: result: no
configure:12844: checking whether NLS is requested
configure:12853: result: no
configure:12891: checking for msgfmt
configure:12922: result: /usr/bin/msgfmt
configure:12931: checking for gmsgfmt
configure:12962: result: /usr/bin/msgfmt
configure:13002: checking for xgettext
configure:13033: result: /usr/bin/xgettext
configure:13073: checking for msgmerge
configure:13103: result: /usr/bin/msgmerge
configure:13140: checking whether to enable maintainer-specific portions of Makefiles
configure:13149: result: no
configure:13175: checking for string.h
configure:13175: result: yes
configure:13175: checking for stdlib.h
configure:13175: result: yes
configure:13175: checking for memory.h
configure:13175: result: yes
configure:13175: checking for strings.h
configure:13175: result: yes
configure:13175: checking for unistd.h
configure:13175: result: yes
configure:13175: checking errno.h usability
configure:13175: gcc -c -g -O2  conftest.c >&5
configure:13175: $? = 0
configure:13175: result: yes
configure:13175: checking errno.h presence
configure:13175: gcc -E  conftest.c
configure:13175: $? = 0
configure:13175: result: yes
configure:13175: checking for errno.h
configure:13175: result: yes
configure:13175: checking for sys/types.h
configure:13175: result: yes
configure:13175: checking limits.h usability
configure:13175: gcc -c -g -O2  conftest.c >&5
configure:13175: $? = 0
configure:13175: result: yes
configure:13175: checking limits.h presence
configure:13175: gcc -E  conftest.c
configure:13175: $? = 0
configure:13175: result: yes
configure:13175: checking for limits.h
configure:13175: result: yes
configure:13175: checking locale.h usability
configure:13175: gcc -c -g -O2  conftest.c >&5
configure:13175: $? = 0
configure:13175: result: yes
configure:13175: checking locale.h presence
configure:13175: gcc -E  conftest.c
configure:13175: $? = 0
configure:13175: result: yes
configure:13175: checking for locale.h
configure:13175: result: yes
configure:13175: checking time.h usability
configure:13175: gcc -c -g -O2  conftest.c >&5
configure:13175: $? = 0
configure:13175: result: yes
configure:13175: checking time.h presence
configure:13175: gcc -E  conftest.c
configure:13175: $? = 0
configure:13175: result: yes
configure:13175: checking for time.h
configure:13175: result: yes
configure:13175: checking for sys/stat.h
configure:13175: result: yes
configure:13186: checking whether string.h and strings.h may both be included
configure:13203: gcc -c -g -O2  conftest.c >&5
configure:13203: $? = 0
configure:13210: result: yes
configure:13221: checking whether compiling a cross-assembler
configure:13231: result: yes
configure:13236: checking for working alloca.h
configure:13253: gcc -o conftest -g -O2    conftest.c  >&5
configure:13253: $? = 0
configure:13261: result: yes
configure:13269: checking for alloca
configure:13306: gcc -o conftest -g -O2    conftest.c  >&5
configure:13306: $? = 0
configure:13314: result: yes
configure:13424: checking for inline
configure:13440: gcc -c -g -O2  conftest.c >&5
configure:13440: $? = 0
configure:13448: result: inline
configure:13471: checking for unlink
configure:13471: gcc -o conftest -g -O2    conftest.c  >&5
configure:13471: $? = 0
configure:13471: result: yes
configure:13484: checking for sbrk
configure:13484: gcc -o conftest -g -O2    conftest.c  >&5
configure:13484: $? = 0
configure:13484: result: yes
configure:13484: checking for setlocale
configure:13484: gcc -o conftest -g -O2    conftest.c  >&5
configure:13484: $? = 0
configure:13484: result: yes
configure:13496: checking for LC_MESSAGES
configure:13512: gcc -o conftest -g -O2    conftest.c  >&5
configure:13512: $? = 0
configure:13520: result: yes
configure:13671: checking for working assert macro
configure:13696: gcc -o conftest -g -O2    conftest.c  >&5
configure:13696: $? = 0
configure:13704: result: yes
configure:13736: checking whether declaration is required for errno
configure:13760: gcc -o conftest -g -O2    conftest.c  >&5
configure:13760: $? = 0
configure:13768: result: no
configure:13777: checking for a known getopt prototype in unistd.h
configure:13793: gcc -c -g -O2  conftest.c >&5
configure:13793: $? = 0
configure:13801: result: yes
configure:13810: checking whether declaration is required for environ
configure:13830: gcc -o conftest -g -O2    conftest.c  >&5
configure:13830: $? = 0
configure:13838: result: no
configure:13847: checking whether declaration is required for ffs
configure:13867: gcc -o conftest -g -O2    conftest.c  >&5
configure:13867: $? = 0
configure:13875: result: no
configure:13884: checking whether declaration is required for free
configure:13904: gcc -o conftest -g -O2    conftest.c  >&5
configure:13904: $? = 0
configure:13912: result: no
configure:13921: checking whether declaration is required for malloc
configure:13941: gcc -o conftest -g -O2    conftest.c  >&5
configure:13941: $? = 0
configure:13949: result: no
configure:13958: checking whether declaration is required for sbrk
configure:13978: gcc -o conftest -g -O2    conftest.c  >&5
configure:13978: $? = 0
configure:13986: result: no
configure:13995: checking whether declaration is required for strstr
configure:14015: gcc -o conftest -g -O2    conftest.c  >&5
configure:14015: $? = 0
configure:14023: result: no
configure:14032: checking whether free is declared
configure:14032: gcc -c -g -O2  conftest.c >&5
configure:14032: $? = 0
configure:14032: result: yes
configure:14042: checking whether getenv is declared
configure:14042: gcc -c -g -O2  conftest.c >&5
configure:14042: $? = 0
configure:14042: result: yes
configure:14052: checking whether malloc is declared
configure:14052: gcc -c -g -O2  conftest.c >&5
configure:14052: $? = 0
configure:14052: result: yes
configure:14062: checking whether mempcpy is declared
configure:14062: gcc -c -g -O2  conftest.c >&5
configure:14062: $? = 0
configure:14062: result: yes
configure:14072: checking whether realloc is declared
configure:14072: gcc -c -g -O2  conftest.c >&5
configure:14072: $? = 0
configure:14072: result: yes
configure:14082: checking whether stpcpy is declared
configure:14082: gcc -c -g -O2  conftest.c >&5
configure:14082: $? = 0
configure:14082: result: yes
configure:14092: checking whether strstr is declared
configure:14092: gcc -c -g -O2  conftest.c >&5
configure:14092: $? = 0
configure:14092: result: yes
configure:14102: checking whether vsnprintf is declared
configure:14102: gcc -c -g -O2  conftest.c >&5
configure:14102: $? = 0
configure:14102: result: yes
configure:14135: checking for library containing zlibVersion
configure:14166: gcc -o conftest -g -O2    conftest.c  >&5
/tmp/cc6mkDCq.o: In function `main':
/home/stuartb/Projects/os/src/build-binutils/gas/conftest.c:76: undefined reference to `zlibVersion'
collect2: error: ld returned 1 exit status
configure:14166: $? = 1
configure: failed program was:
| /* confdefs.h */
| #define PACKAGE_NAME ""
| #define PACKAGE_TARNAME ""
| #define PACKAGE_VERSION ""
| #define PACKAGE_STRING ""
| #define PACKAGE_BUGREPORT ""
| #define PACKAGE_URL ""
| #define PACKAGE "gas"
| #define VERSION "2.23"
| #define STDC_HEADERS 1
| #define HAVE_SYS_TYPES_H 1
| #define HAVE_SYS_STAT_H 1
| #define HAVE_STDLIB_H 1
| #define HAVE_STRING_H 1
| #define HAVE_MEMORY_H 1
| #define HAVE_STRINGS_H 1
| #define HAVE_INTTYPES_H 1
| #define HAVE_STDINT_H 1
| #define HAVE_UNISTD_H 1
| #define __EXTENSIONS__ 1
| #define _ALL_SOURCE 1
| #define _GNU_SOURCE 1
| #define _POSIX_PTHREAD_SEMANTICS 1
| #define _TANDEM_SOURCE 1
| #define HAVE_DLFCN_H 1
| #define LT_OBJDIR ".libs/"
| #define DEFAULT_ARCH "i386"
| #define EMULATIONS  &i386elf,
| #define DEFAULT_EMULATION "i386elf"
| #define TARGET_ALIAS "i686-elf"
| #define TARGET_CANONICAL "i686-pc-elf"
| #define TARGET_CPU "i686"
| #define TARGET_VENDOR "pc"
| #define TARGET_OS "elf"
| #define YYTEXT_POINTER 1
| #define HAVE_STRING_H 1
| #define HAVE_STDLIB_H 1
| #define HAVE_MEMORY_H 1
| #define HAVE_STRINGS_H 1
| #define HAVE_UNISTD_H 1
| #define HAVE_ERRNO_H 1
| #define HAVE_SYS_TYPES_H 1
| #define HAVE_LIMITS_H 1
| #define HAVE_LOCALE_H 1
| #define HAVE_TIME_H 1
| #define HAVE_SYS_STAT_H 1
| #define STRING_WITH_STRINGS 1
| #define CROSS_COMPILE 1
| #define HAVE_ALLOCA_H 1
| #define HAVE_ALLOCA 1
| #define HAVE_UNLINK 1
| #define HAVE_SBRK 1
| #define HAVE_SETLOCALE 1
| #define HAVE_LC_MESSAGES 1
| #define HAVE_DECL_GETOPT 1
| #define HAVE_DECL_FREE 1
| #define HAVE_DECL_GETENV 1
| #define HAVE_DECL_MALLOC 1
| #define HAVE_DECL_MEMPCPY 1
| #define HAVE_DECL_REALLOC 1
| #define HAVE_DECL_STPCPY 1
| #define HAVE_DECL_STRSTR 1
| #define HAVE_DECL_VSNPRINTF 1
| /* end confdefs.h.  */
| 
| /* Override any GCC internal prototype to avoid an error.
|    Use char because int might match the return type of a GCC
|    builtin and then its argument prototype would still apply.  */
| #ifdef __cplusplus
| extern "C"
| #endif
| char zlibVersion ();
| int
| main ()
| {
| return zlibVersion ();
|   ;
|   return 0;
| }
configure:14166: gcc -o conftest -g -O2    conftest.c -lz   >&5
configure:14166: $? = 0
configure:14183: result: -lz
configure:14190: checking zlib.h usability
configure:14190: gcc -c -g -O2  conftest.c >&5
configure:14190: $? = 0
configure:14190: result: yes
configure:14190: checking zlib.h presence
configure:14190: gcc -E  conftest.c
configure:14190: $? = 0
configure:14190: result: yes
configure:14190: checking for zlib.h
configure:14190: result: yes
configure:14211: checking for struct tm.tm_gmtoff in time.h
configure:14229: gcc -c -g -O2  conftest.c >&5
configure:14229: $? = 0
configure:14243: result: yes
configure:14249: checking for struct stat.st_mtim.tv_sec in sys/stat.h
configure:14267: gcc -c -g -O2  conftest.c >&5
configure:14267: $? = 0
configure:14281: result: yes
configure:14284: checking for struct stat.st_mtim.tv_nsec in sys/stat.h
configure:14302: gcc -c -g -O2  conftest.c >&5
configure:14302: $? = 0
configure:14316: result: yes
configure:14399: updating cache ./config.cache
configure:14461: creating ./config.status

## ---------------------- ##
## Running config.status. ##
## ---------------------- ##

This file was extended by config.status, which was
generated by GNU Autoconf 2.64.  Invocation command line was

  CONFIG_FILES    = 
  CONFIG_HEADERS  = 
  CONFIG_LINKS    = 
  CONFIG_COMMANDS = 
  $ ./config.status 

on stuartb-MacBookPro2

config.status:1166: creating .gdbinit
config.status:1166: creating Makefile
config.status:1166: creating doc/Makefile
config.status:1166: creating po/Makefile.in
config.status:1166: creating config.h
config.status:1379: executing depfiles commands
config.status:1379: executing libtool commands
config.status:1379: executing default-1 commands
config.status:1379: executing default commands

## ---------------- ##
## Cache variables. ##
## ---------------- ##

ac_cv_build=x86_64-unknown-linux-gnu
ac_cv_c_bigendian=no
ac_cv_c_compiler_gnu=yes
ac_cv_c_inline=inline
ac_cv_env_CC_set=set
ac_cv_env_CC_value=gcc
ac_cv_env_CFLAGS_set=set
ac_cv_env_CFLAGS_value='-g -O2'
ac_cv_env_CPPFLAGS_set=
ac_cv_env_CPPFLAGS_value=
ac_cv_env_CPP_set=
ac_cv_env_CPP_value=
ac_cv_env_LDFLAGS_set=set
ac_cv_env_LDFLAGS_value=' '
ac_cv_env_LIBS_set=
ac_cv_env_LIBS_value=
ac_cv_env_YACC_set=set
ac_cv_env_YACC_value='/home/stuartb/Projects/os/src/binutils-2.23/missing bison -y'
ac_cv_env_YFLAGS_set=
ac_cv_env_YFLAGS_value=
ac_cv_env_build_alias_set=set
ac_cv_env_build_alias_value=x86_64-unknown-linux-gnu
ac_cv_env_host_alias_set=set
ac_cv_env_host_alias_value=x86_64-unknown-linux-gnu
ac_cv_env_target_alias_set=set
ac_cv_env_target_alias_value=i686-elf
ac_cv_func_alloca_works=yes
ac_cv_func_sbrk=yes
ac_cv_func_setlocale=yes
ac_cv_func_unlink=yes
ac_cv_have_decl_free=yes
ac_cv_have_decl_getenv=yes
ac_cv_have_decl_malloc=yes
ac_cv_have_decl_mempcpy=yes
ac_cv_have_decl_realloc=yes
ac_cv_have_decl_stpcpy=yes
ac_cv_have_decl_strstr=yes
ac_cv_have_decl_vsnprintf=yes
ac_cv_header_dlfcn_h=yes
ac_cv_header_errno_h=yes
ac_cv_header_inttypes_h=yes
ac_cv_header_limits_h=yes
ac_cv_header_locale_h=yes
ac_cv_header_memory_h=yes
ac_cv_header_minix_config_h=no
ac_cv_header_stdc=yes
ac_cv_header_stdint_h=yes
ac_cv_header_stdlib_h=yes
ac_cv_header_string_h=yes
ac_cv_header_strings_h=yes
ac_cv_header_sys_stat_h=yes
ac_cv_header_sys_types_h=yes
ac_cv_header_time_h=yes
ac_cv_header_unistd_h=yes
ac_cv_header_zlib_h=yes
ac_cv_host=x86_64-unknown-linux-gnu
ac_cv_lib_lex=
ac_cv_objext=o
ac_cv_path_EGREP='/bin/grep -E'
ac_cv_path_FGREP='/bin/grep -F'
ac_cv_path_GMSGFMT=/usr/bin/msgfmt
ac_cv_path_GREP=/bin/grep
ac_cv_path_MSGFMT=/usr/bin/msgfmt
ac_cv_path_MSGMERGE=/usr/bin/msgmerge
ac_cv_path_SED=/bin/sed
ac_cv_path_XGETTEXT=/usr/bin/xgettext
ac_cv_path_mkdir=/bin/mkdir
ac_cv_prog_AR=ar
ac_cv_prog_AWK=gawk
ac_cv_prog_CC=gcc
ac_cv_prog_CPP='gcc -E'
ac_cv_prog_LEX='/home/stuartb/Projects/os/src/binutils-2.23/missing flex'
ac_cv_prog_OBJDUMP=objdump
ac_cv_prog_RANLIB=ranlib
ac_cv_prog_YACC='/home/stuartb/Projects/os/src/binutils-2.23/missing bison -y'
ac_cv_prog_ac_ct_STRIP=strip
ac_cv_prog_cc_c89=
ac_cv_prog_cc_g=yes
ac_cv_prog_lex_root=lex.yy
ac_cv_prog_lex_yytext_pointer=yes
ac_cv_prog_make_make_set=yes
ac_cv_safe_to_define___extensions__=yes
ac_cv_search_strerror='none required'
ac_cv_search_zlibVersion=-lz
ac_cv_sys_file_offset_bits=no
ac_cv_sys_largefile_CC=no
ac_cv_target=i686-pc-elf
ac_cv_working_alloca_h=yes
am_cv_CC_dependencies_compiler_type=gcc3
am_cv_val_LC_MESSAGES=yes
gas_cv_assert_ok=yes
gas_cv_decl_getopt_unistd_h=yes
gas_cv_decl_needed_environ=no
gas_cv_decl_needed_errno=no
gas_cv_decl_needed_ffs=no
gas_cv_decl_needed_free=no
gas_cv_decl_needed_malloc=no
gas_cv_decl_needed_sbrk=no
gas_cv_decl_needed_strstr=no
gas_cv_have_sys_stat_type_member_st_mtim_tv_nsec=yes
gas_cv_have_sys_stat_type_member_st_mtim_tv_sec=yes
gas_cv_have_time_type_member_tm_gmtoff=yes
gcc_cv_header_string=yes
lt_cv_archive_cmds_need_lc=no
lt_cv_deplibs_check_method=pass_all
lt_cv_file_magic_cmd='$MAGIC_CMD'
lt_cv_file_magic_test_file=
lt_cv_ld_reload_flag=-r
lt_cv_nm_interface='BSD nm'
lt_cv_objdir=.libs
lt_cv_path_LD=ld
lt_cv_path_NM=nm
lt_cv_prog_compiler_c_o=yes
lt_cv_prog_compiler_pic_works=yes
lt_cv_prog_compiler_rtti_exceptions=no
lt_cv_prog_compiler_static_works=yes
lt_cv_prog_gnu_ld=yes
lt_cv_shlibpath_overrides_runpath=no
lt_cv_sys_global_symbol_pipe='sed -n -e '\''s/^.*[	 ]\([ABCDGIRSTW][ABCDGIRSTW]*\)[	 ][	 ]*\([_A-Za-z][_A-Za-z0-9]*\)$/\1 \2 \2/p'\'''
lt_cv_sys_global_symbol_to_c_name_address='sed -n -e '\''s/^: \([^ ]*\) $/  {\"\1\", (void *) 0},/p'\'' -e '\''s/^[ABCDGIRSTW]* \([^ ]*\) \([^ ]*\)$/  {"\2", (void *) \&\2},/p'\'''
lt_cv_sys_global_symbol_to_c_name_address_lib_prefix='sed -n -e '\''s/^: \([^ ]*\) $/  {\"\1\", (void *) 0},/p'\'' -e '\''s/^[ABCDGIRSTW]* \([^ ]*\) \(lib[^ ]*\)$/  {"\2", (void *) \&\2},/p'\'' -e '\''s/^[ABCDGIRSTW]* \([^ ]*\) \([^ ]*\)$/  {"lib\2", (void *) \&\2},/p'\'''
lt_cv_sys_global_symbol_to_cdecl='sed -n -e '\''s/^T .* \(.*\)$/extern int \1();/p'\'' -e '\''s/^[ABCDGIRSTW]* .* \(.*\)$/extern char \1;/p'\'''
lt_cv_sys_max_cmd_len=3458764513820540925

## ----------------- ##
## Output variables. ##
## ----------------- ##

ACLOCAL='${SHELL} /home/stuartb/Projects/os/src/binutils-2.23/missing --run aclocal-1.11'
ALLOCA=''
AMDEPBACKSLASH='\'
AMDEP_FALSE='#'
AMDEP_TRUE=''
AMTAR='${SHELL} /home/stuartb/Projects/os/src/binutils-2.23/missing --run tar'
AR='ar'
AUTOCONF='${SHELL} /home/stuartb/Projects/os/src/binutils-2.23/missing --run autoconf'
AUTOHEADER='${SHELL} /home/stuartb/Projects/os/src/binutils-2.23/missing --run autoheader'
AUTOMAKE='${SHELL} /home/stuartb/Projects/os/src/binutils-2.23/missing --run automake-1.11'
AWK='gawk'
CATALOGS=''
CATOBJEXT=''
CC='gcc'
CCDEPMODE='depmode=gcc3'
CFLAGS='-g -O2'
CPP='gcc -E'
CPPFLAGS=''
CYGPATH_W='echo'
DATADIRNAME=''
DEFS='-DHAVE_CONFIG_H'
DEPDIR='.deps'
DSYMUTIL=''
DUMPBIN=''
ECHO_C=''
ECHO_N='-n'
ECHO_T=''
EGREP='/bin/grep -E'
EXEEXT=''
FGREP='/bin/grep -F'
GDBINIT='.gdbinit'
GENCAT=''
GENINSRC_NEVER_FALSE=''
GENINSRC_NEVER_TRUE='#'
GMSGFMT='/usr/bin/msgfmt'
GREP='/bin/grep'
INCINTL=''
INSTALL_DATA='/usr/bin/install -c -m 644'
INSTALL_PROGRAM='/usr/bin/install -c'
INSTALL_SCRIPT='/usr/bin/install -c'
INSTALL_STRIP_PROGRAM='$(install_sh) -c -s'
INSTOBJEXT=''
LD='ld -m elf_x86_64'
LDFLAGS=' '
LEX='/home/stuartb/Projects/os/src/binutils-2.23/missing flex'
LEXLIB=''
LEX_OUTPUT_ROOT='lex.yy'
LIBINTL=''
LIBINTL_DEP=''
LIBM=''
LIBOBJS=''
LIBS='-lz '
LIBTOOL='$(SHELL) $(top_builddir)/libtool'
LIPO=''
LN_S='ln -s'
LTLIBOBJS=''
MAINT='#'
MAINTAINER_MODE_FALSE=''
MAINTAINER_MODE_TRUE='#'
MAKEINFO='makeinfo --split-size=5000000'
MKDIR_P='/bin/mkdir -p'
MKINSTALLDIRS='$(top_builddir)/../../binutils-2.23/gas/../mkinstalldirs'
MSGFMT='/usr/bin/msgfmt'
MSGMERGE='/usr/bin/msgmerge'
NM='nm'
NMEDIT=''
NO_WERROR=''
OBJDUMP='objdump'
OBJEXT='o'
OPCODES_LIB='../opcodes/libopcodes.la'
OTOOL64=''
OTOOL=''
PACKAGE='gas'
PACKAGE_BUGREPORT=''
PACKAGE_NAME=''
PACKAGE_STRING=''
PACKAGE_TARNAME=''
PACKAGE_URL=''
PACKAGE_VERSION=''
PATH_SEPARATOR=':'
POSUB=''
RANLIB='ranlib'
SED='/bin/sed'
SET_MAKE=''
SHELL='/bin/bash'
STRIP='strip'
USE_NLS='no'
VERSION='2.23'
WARN_CFLAGS='-W -Wall -Wstrict-prototypes -Wmissing-prototypes -Wshadow'
XGETTEXT='/usr/bin/xgettext'
YACC='/home/stuartb/Projects/os/src/binutils-2.23/missing bison -y'
YFLAGS=''
ac_ct_CC=''
ac_ct_DUMPBIN=''
am__EXEEXT_FALSE=''
am__EXEEXT_TRUE='#'
am__fastdepCC_FALSE='#'
am__fastdepCC_TRUE=''
am__include='include'
am__isrc=' -I$(srcdir)'
am__leading_dot='.'
am__quote=''
am__tar='${AMTAR} chof - "$$tardir"'
am__untar='${AMTAR} xf -'
atof='ieee'
bindir='${exec_prefix}/bin'
build='x86_64-unknown-linux-gnu'
build_alias='x86_64-unknown-linux-gnu'
build_cpu='x86_64'
build_os='linux-gnu'
build_vendor='unknown'
cgen_cpu_prefix=''
datadir='${datarootdir}'
datarootdir='${prefix}/share'
docdir='${datarootdir}/doc/${PACKAGE}'
dvidir='${docdir}'
exec_prefix='${prefix}'
extra_objects=''
host='x86_64-unknown-linux-gnu'
host_alias='x86_64-unknown-linux-gnu'
host_cpu='x86_64'
host_os='linux-gnu'
host_vendor='unknown'
htmldir='${docdir}'
includedir='${prefix}/include'
infodir='${datarootdir}/info'
install_sh='${SHELL} /home/stuartb/Projects/os/src/binutils-2.23/install-sh'
install_tooldir='install-exec-tooldir'
libdir='${exec_prefix}/lib'
libexecdir='${exec_prefix}/libexec'
localedir='${datarootdir}/locale'
localstatedir='${prefix}/var'
mandir='${datarootdir}/man'
mkdir_p='/bin/mkdir -p'
obj_format='elf'
oldincludedir='/usr/include'
pdfdir='${docdir}'
prefix='/home/stuartb/Projects/os/cross'
program_transform_name='s&^&i686-elf-&'
psdir='${docdir}'
sbindir='${exec_prefix}/sbin'
sharedstatedir='${prefix}/com'
sysconfdir='${prefix}/etc'
target='i686-pc-elf'
target_alias='i686-elf'
target_cpu='i686'
target_cpu_type='i386'
target_os='elf'
target_vendor='pc'
te_file='generic'

## ----------- ##
## confdefs.h. ##
## ----------- ##

/* confdefs.h */
#define PACKAGE_NAME ""
#define PACKAGE_TARNAME ""
#define PACKAGE_VERSION ""
#define PACKAGE_STRING ""
#define PACKAGE_BUGREPORT ""
#define PACKAGE_URL ""
#define PACKAGE "gas"
#define VERSION "2.23"
#define STDC_HEADERS 1
#define HAVE_SYS_TYPES_H 1
#define HAVE_SYS_STAT_H 1
#define HAVE_STDLIB_H 1
#define HAVE_STRING_H 1
#define HAVE_MEMORY_H 1
#define HAVE_STRINGS_H 1
#define HAVE_INTTYPES_H 1
#define HAVE_STDINT_H 1
#define HAVE_UNISTD_H 1
#define __EXTENSIONS__ 1
#define _ALL_SOURCE 1
#define _GNU_SOURCE 1
#define _POSIX_PTHREAD_SEMANTICS 1
#define _TANDEM_SOURCE 1
#define HAVE_DLFCN_H 1
#define LT_OBJDIR ".libs/"
#define DEFAULT_ARCH "i386"
#define EMULATIONS  &i386elf,
#define DEFAULT_EMULATION "i386elf"
#define TARGET_ALIAS "i686-elf"
#define TARGET_CANONICAL "i686-pc-elf"
#define TARGET_CPU "i686"
#define TARGET_VENDOR "pc"
#define TARGET_OS "elf"
#define YYTEXT_POINTER 1
#define HAVE_STRING_H 1
#define HAVE_STDLIB_H 1
#define HAVE_MEMORY_H 1
#define HAVE_STRINGS_H 1
#define HAVE_UNISTD_H 1
#define HAVE_ERRNO_H 1
#define HAVE_SYS_TYPES_H 1
#define HAVE_LIMITS_H 1
#define HAVE_LOCALE_H 1
#define HAVE_TIME_H 1
#define HAVE_SYS_STAT_H 1
#define STRING_WITH_STRINGS 1
#define CROSS_COMPILE 1
#define HAVE_ALLOCA_H 1
#define HAVE_ALLOCA 1
#define HAVE_UNLINK 1
#define HAVE_SBRK 1
#define HAVE_SETLOCALE 1
#define HAVE_LC_MESSAGES 1
#define HAVE_DECL_GETOPT 1
#define HAVE_DECL_FREE 1
#define HAVE_DECL_GETENV 1
#define HAVE_DECL_MALLOC 1
#define HAVE_DECL_MEMPCPY 1
#define HAVE_DECL_REALLOC 1
#define HAVE_DECL_STPCPY 1
#define HAVE_DECL_STRSTR 1
#define HAVE_DECL_VSNPRINTF 1
#define HAVE_ZLIB_H 1
#define HAVE_TM_GMTOFF 1
#define HAVE_ST_MTIM_TV_SEC 1
#define HAVE_ST_MTIM_TV_NSEC 1

configure: exit 0
